PRT1
432
1139
4 0 1 (12.800000 576 -264 ) (19.200000 544 -264 ) (19.200000 544 -240 ) (12.800000 576 -240 ) 
4 1 4 (-140.800000 576 -240 ) (-140.800000 576 -264 ) (-147.200000 544 -264 ) (-147.200000 544 -240 ) 
4 1 3 (-160 480 -264 ) (-128 640 -264 ) (0 640 -264 ) (32 480 -264 ) 
4 1 2 (-160 480 -192 ) (-160 480 -264 ) (32 480 -264 ) (32 480 -192 ) 
4 2 229 (32 448 -264 ) (32 448 -192 ) (-160 448 -192 ) (-160 448 -264 ) 
4 2 3 (-160 448 -264 ) (-160 480 -264 ) (32 480 -264 ) (32 448 -264 ) 
4 3 229 (32 448 -320 ) (32 448 -264 ) (-160 448 -264 ) (-160 448 -320 ) 
4 5 6 (1088 -640 128 ) (1088 -544 128 ) (1216 -544 128 ) (1216 -640 128 ) 
4 6 34 (1056 -640 128 ) (1056 -544 128 ) (1056 -544 0 ) (1056 -640 0 ) 
4 7 49 (672 -224 128 ) (672 -128 128 ) (896 -128 128 ) (896 -224 128 ) 
4 7 8 (800 -224 128 ) (896 -224 128 ) (896 -224 144 ) (800 -224 144 ) 
4 8 53 (896 -352 128 ) (800 -352 128 ) (800 -256 128 ) (896 -256 128 ) 
4 8 50 (800 -256 128 ) (800 -224 128 ) (896 -224 128 ) (896 -256 128 ) 
3 9 76 (640 -256 128 ) (576 -384 128 ) (576 -256 128 ) 
4 9 51 (640 -96 128 ) (640 -256 128 ) (576 -256 128 ) (576 -96 128 ) 
3 9 41 (640 -96 128 ) (576 -96 128 ) (576 32 128 ) 
4 9 26 (576 -32 128 ) (576 -384 128 ) (576 -384 144 ) (576 -32 144 ) 
4 9 25 (576 32 128 ) (576 -32 128 ) (576 -32 144 ) (576 32 144 ) 
3 11 19 (888 -592 192 ) (800 -592 192 ) (888 -544.615385 192 ) 
4 11 18 (800 -576 192 ) (800 -480 192 ) (888 -527.384615 192 ) (888 -528.615385 192 ) 
3 11 17 (800 -464 192 ) (888 -464 192 ) (888 -511.384615 192 ) 
4 11 21 (800 -592 192 ) (784 -592 192 ) (784 -464 192 ) (800 -464 192 ) 
3 11 14 (1008 -592 192 ) (904 -592 192 ) (904 -536 192 ) 
3 11 13 (1008 -480 192 ) (1008 -576 192 ) (918.857143 -528 192 ) 
3 11 12 (904 -520 192 ) (904 -464 192 ) (1008 -464 192 ) 
3 12 15 (904 -464 176 ) (1008 -464 176 ) (904 -520 176 ) 
3 13 15 (1008 -480 176 ) (1008 -576 176 ) (918.857143 -528 176 ) 
3 14 15 (1008 -592 176 ) (904 -592 176 ) (904 -536 176 ) 
4 15 23 (1008 -464 144 ) (1008 -592 144 ) (904 -592 144 ) (904 -464 144 ) 
4 15 16 (904 -464 176 ) (904 -464 144 ) (904 -592 144 ) (904 -592 176 ) 
4 16 23 (904 -592 144 ) (888 -592 144 ) (888 -464 144 ) (904 -464 144 ) 
4 16 20 (888 -464 176 ) (888 -464 144 ) (888 -592 144 ) (888 -592 176 ) 
3 17 20 (800 -464 176 ) (888 -464 176 ) (888 -511.384615 176 ) 
4 18 20 (800 -576 176 ) (800 -480 176 ) (888 -527.384615 176 ) (888 -528.615385 176 ) 
4 18 21 (800 -480 176 ) (800 -576 176 ) (800 -576 192 ) (800 -480 192 ) 
3 19 20 (888 -592 176 ) (800 -592 176 ) (888 -544.615385 176 ) 
4 20 23 (888 -592 144 ) (800 -592 144 ) (800 -464 144 ) (888 -464 144 ) 
4 20 21 (800 -464 176 ) (800 -464 144 ) (800 -592 144 ) (800 -592 176 ) 
4 21 23 (800 -592 144 ) (784 -592 144 ) (784 -464 144 ) (800 -464 144 ) 
4 22 61 (800 -416 128 ) (736 -416 128 ) (768 -384 128 ) (800 -384 128 ) 
4 22 59 (816 -416 128 ) (800 -416 128 ) (800 -384 128 ) (816 -384 128 ) 
4 22 58 (840 -416 128 ) (816 -416 128 ) (816 -384 128 ) (840 -384 128 ) 
4 22 54 (928 -416 128 ) (840 -416 128 ) (840 -384 128 ) (928 -384 128 ) 
3 22 33 (960 -416 128 ) (928 -416 128 ) (928 -384 128 ) 
4 22 23 (736 -416 128 ) (960 -416 128 ) (960 -416 144 ) (736 -416 144 ) 
4 23 62 (928 -640 128 ) (736 -640 128 ) (736 -416 128 ) (928 -416 128 ) 
4 23 34 (1056 -416 128 ) (1056 -640 128 ) (928 -640 128 ) (928 -416 128 ) 
4 23 24 (960 -640 128 ) (1056 -640 128 ) (1056 -640 144 ) (960 -640 144 ) 
4 24 102 (1056 -640 128 ) (1056 -672 128 ) (1024 -672 128 ) (960 -640 128 ) 
3 25 41 (576 32 128 ) (576 -32 128 ) (448 -32 128 ) 
4 25 26 (448 -32 128 ) (576 -32 128 ) (576 -32 144 ) (448 -32 144 ) 
5 26 171 (448 -320 128 ) (448 -544 128 ) (224 -544 128 ) (96 -512 128 ) (96 -320 128 ) 
4 26 167 (192 -320 128 ) (96 -320 128 ) (96 -192 128 ) (192 -192 128 ) 
4 26 166 (448 -192 128 ) (448 -320 128 ) (192 -320 128 ) (192 -192 128 ) 
4 26 165 (160 -32 128 ) (160 -192 128 ) (96 -192 128 ) (96 -96 128 ) 
4 26 109 (160 -32 128 ) (448 -32 128 ) (448 -192 128 ) (240 -192 128 ) 
3 26 113 (160 -32 128 ) (240 -192 128 ) (160 -192 128 ) 
4 26 85 (576 -96 128 ) (576 -512 128 ) (448 -544 128 ) (448 -96 128 ) 
4 26 41 (448 -32 128 ) (576 -32 128 ) (576 -96 128 ) (448 -96 128 ) 
4 27 199 (288 -576 128 ) (384 -576 128 ) (384 -704 128 ) (288 -704 128 ) 
4 28 29 (448 -800 144 ) (448 -992 144 ) (256 -992 144 ) (256 -800 144 ) 
4 29 350 (480 -736 128 ) (512 -736 128 ) (512 -800 128 ) (480 -800 128 ) 
4 29 352 (192 -736 128 ) (480 -736 128 ) (480 -928 128 ) (192 -928 128 ) 
4 29 353 (512 -928 128 ) (512 -1056 128 ) (192 -1056 128 ) (192 -928 128 ) 
4 30 405 (64 -1088 128 ) (64 -1024 128 ) (80 -1024 128 ) (80 -1088 128 ) 
4 30 402 (144 -1032 128 ) (144 -1048 128 ) (80 -1048 128 ) (80 -1032 128 ) 
4 30 403 (144 -1048 128 ) (144 -1088 128 ) (80 -1088 128 ) (80 -1048 128 ) 
4 30 401 (80 -1024 128 ) (144 -1024 128 ) (144 -1032 128 ) (80 -1032 128 ) 
4 30 397 (64 -992 128 ) (64 -928 128 ) (80 -928 128 ) (80 -992 128 ) 
4 30 394 (144 -968 128 ) (144 -984 128 ) (80 -984 128 ) (80 -968 128 ) 
4 30 395 (144 -984 128 ) (144 -992 128 ) (80 -992 128 ) (80 -984 128 ) 
4 30 393 (80 -928 128 ) (144 -928 128 ) (144 -968 128 ) (80 -968 128 ) 
4 30 399 (64 -1024 128 ) (64 -992 128 ) (144 -992 128 ) (144 -1024 128 ) 
4 30 391 (64 -928 128 ) (64 -896 128 ) (80 -896 128 ) (80 -928 128 ) 
4 30 388 (144 -904 128 ) (144 -928 128 ) (80 -928 128 ) (80 -904 128 ) 
4 30 387 (80 -896 128 ) (144 -896 128 ) (144 -904 128 ) (80 -904 128 ) 
4 30 385 (64 -896 128 ) (64 -832 128 ) (80 -832 128 ) (80 -896 128 ) 
4 30 382 (144 -840 128 ) (144 -896 128 ) (80 -896 128 ) (80 -840 128 ) 
4 30 381 (80 -832 128 ) (144 -832 128 ) (144 -840 128 ) (80 -840 128 ) 
4 30 378 (64 -832 128 ) (64 -768 128 ) (80 -768 128 ) (80 -832 128 ) 
4 30 375 (144 -776 128 ) (144 -832 128 ) (80 -832 128 ) (80 -776 128 ) 
4 30 374 (80 -768 128 ) (144 -768 128 ) (144 -776 128 ) (80 -776 128 ) 
4 30 373 (64 -768 128 ) (64 -736 128 ) (144 -736 128 ) (144 -768 128 ) 
4 30 370 (160 -1024 128 ) (160 -1056 128 ) (144 -1056 128 ) (144 -1024 128 ) 
4 30 371 (160 -1056 128 ) (160 -1088 128 ) (144 -1088 128 ) (144 -1056 128 ) 
4 30 369 (160 -992 128 ) (160 -1024 128 ) (144 -1024 128 ) (144 -992 128 ) 
4 30 367 (160 -960 128 ) (160 -992 128 ) (144 -992 128 ) (144 -960 128 ) 
4 30 365 (160 -896 128 ) (160 -960 128 ) (144 -960 128 ) (144 -896 128 ) 
4 30 362 (160 -832 128 ) (160 -864 128 ) (144 -864 128 ) (144 -832 128 ) 
4 30 361 (160 -800 128 ) (160 -832 128 ) (144 -832 128 ) (144 -800 128 ) 
4 30 363 (160 -864 128 ) (160 -896 128 ) (144 -896 128 ) (144 -864 128 ) 
4 30 358 (144 -736 128 ) (160 -736 128 ) (160 -800 128 ) (144 -800 128 ) 
4 30 31 (64 -1088 128 ) (160 -1088 128 ) (160 -1088 144 ) (64 -1088 144 ) 
4 31 408 (384 -1248 128 ) (64 -1248 128 ) (64 -1088 128 ) (384 -1088 128 ) 
4 32 95 (656 160 -320 ) (656 160 -224 ) (592 160 -224 ) (592 160 -320 ) 
4 33 55 (928 -416 -16 ) (928 -416 0 ) (928 -384 0 ) (928 -384 -16 ) 
4 33 57 (928 -416 -128 ) (928 -416 -16 ) (928 -384 -16 ) (928 -384 -128 ) 
4 33 54 (928 -416 0 ) (928 -416 128 ) (928 -384 128 ) (928 -384 0 ) 
4 33 38 (928 -416 -16 ) (928 -416 -128 ) (960 -416 -128 ) (960 -416 -16 ) 
4 33 35 (928 -416 0 ) (928 -416 -16 ) (960 -416 -16 ) (960 -416 0 ) 
4 33 34 (960 -416 128 ) (928 -416 128 ) (928 -416 0 ) (960 -416 0 ) 
4 34 102 (1056 -640 0 ) (1056 -640 128 ) (960 -640 128 ) (960 -640 0 ) 
4 34 62 (928 -640 0 ) (928 -640 128 ) (928 -416 128 ) (928 -416 0 ) 
4 34 37 (1024 -624 0 ) (1024 -600 0 ) (1056 -600 0 ) (1056 -624 0 ) 
4 34 36 (1056 -560 0 ) (1056 -584 0 ) (1024 -584 0 ) (1024 -560 0 ) 
4 34 35 (928 -544 0 ) (928 -416 0 ) (1056 -416 0 ) (1056 -544 0 ) 
4 35 63 (928 -544 0 ) (928 -416 0 ) (928 -416 -16 ) (928 -544 -16 ) 
4 35 38 (1056 -416 -16 ) (1056 -544 -16 ) (928 -544 -16 ) (928 -416 -16 ) 
4 36 38 (1056 -560 -16 ) (1056 -584 -16 ) (1024 -584 -16 ) (1024 -560 -16 ) 
4 37 38 (1056 -600 -16 ) (1056 -624 -16 ) (1024 -624 -16 ) (1024 -600 -16 ) 
4 38 102 (1056 -640 -128 ) (1056 -640 -16 ) (960 -640 -16 ) (960 -640 -128 ) 
4 38 70 (928 -640 -128 ) (928 -640 -16 ) (928 -544 -16 ) (928 -544 -128 ) 
4 38 63 (928 -544 -16 ) (928 -416 -16 ) (928 -416 -128 ) (928 -544 -128 ) 
4 39 97 (512 128 -192 ) (544 160 -192 ) (560 160 -192 ) (560 128 -192 ) 
6 39 98 (480 96 -192 ) (512 128 -192 ) (592 128 -192 ) (592 52 -192 ) (525.333333 18.666667 -192 ) (480 64 -192 ) 
4 39 96 (688 128 -192 ) (688 100 -192 ) (592 52 -192 ) (592 128 -192 ) 
4 39 94 (688 160 -192 ) (704 160 -192 ) (738.666667 125.333333 -192 ) (688 100 -192 ) 
4 39 90 (525.333333 18.666667 -192 ) (738.666667 125.333333 -192 ) (738.666667 125.333333 -176 ) (525.333333 18.666667 -176 ) 
4 40 44 (512 0 -24 ) (512 0 -16 ) (480 -16 -16 ) (480 -16 -24 ) 
4 40 43 (512 0 -16 ) (512 0 0 ) (480 -16 0 ) (480 -16 -16 ) 
4 41 109 (448 -96 128 ) (448 -32 128 ) (448 -32 0 ) (448 -96 0 ) 
4 41 85 (576 -96 128 ) (448 -96 128 ) (448 -96 0 ) (576 -96 0 ) 
4 41 51 (640 -96 128 ) (576 -96 128 ) (576 -96 0 ) (640 -96 0 ) 
4 41 45 (592 -64 0 ) (608 -64 0 ) (608 -96 0 ) (592 -96 0 ) 
4 41 47 (448 -96 0 ) (448 -64 0 ) (576 -64 0 ) (576 -96 0 ) 
4 41 43 (448 -64 0 ) (448 -32 0 ) (512 0 0 ) (576 -64 0 ) 
3 41 42 (624 -64 0 ) (640 -96 0 ) (624 -96 0 ) 
4 42 52 (624 -96 -16 ) (624 -96 -128 ) (640 -96 -128 ) (640 -96 -16 ) 
4 42 46 (624 -64 -128 ) (624 -96 -128 ) (624 -96 -16 ) (624 -64 -16 ) 
4 43 109 (448 -32 0 ) (448 -32 -16 ) (448 -64 -16 ) (448 -64 0 ) 
4 43 47 (576 -64 0 ) (448 -64 0 ) (448 -64 -16 ) (576 -64 -16 ) 
4 43 44 (448 -64 -16 ) (448 -32 -16 ) (512 0 -16 ) (576 -64 -16 ) 
4 44 109 (448 -32 -16 ) (448 -32 -128 ) (448 -64 -128 ) (448 -64 -16 ) 
4 44 46 (576 -64 -128 ) (624 -64 -128 ) (624 -64 -16 ) (576 -64 -16 ) 
4 44 47 (448 -64 -128 ) (576 -64 -128 ) (576 -64 -16 ) (448 -64 -16 ) 
4 45 46 (592 -64 -16 ) (608 -64 -16 ) (608 -96 -16 ) (592 -96 -16 ) 
4 46 52 (576 -96 -16 ) (576 -96 -128 ) (624 -96 -128 ) (624 -96 -16 ) 
4 46 47 (576 -64 -16 ) (576 -64 -128 ) (576 -96 -128 ) (576 -96 -16 ) 
4 47 109 (448 -64 -128 ) (448 -96 -128 ) (448 -96 0 ) (448 -64 0 ) 
4 47 87 (448 -96 -16 ) (448 -96 -128 ) (576 -96 -128 ) (576 -96 -16 ) 
4 47 86 (576 -96 0 ) (448 -96 0 ) (448 -96 -16 ) (576 -96 -16 ) 
4 48 49 (896 -224 48 ) (896 -224 72 ) (896 -192 72 ) (896 -192 48 ) 
4 49 51 (640 -128 0 ) (640 -224 0 ) (640 -224 128 ) (640 -128 128 ) 
4 49 50 (896 -224 0 ) (896 -224 128 ) (800 -224 128 ) (800 -224 0 ) 
4 50 53 (896 -256 0 ) (896 -256 128 ) (800 -256 128 ) (800 -256 0 ) 
4 51 85 (576 -96 128 ) (576 -96 0 ) (576 -256 0 ) (576 -256 128 ) 
4 51 76 (640 -256 0 ) (640 -256 128 ) (576 -256 128 ) (576 -256 0 ) 
4 52 87 (576 -96 -16 ) (576 -96 -128 ) (576 -256 -128 ) (576 -256 -16 ) 
4 52 79 (640 -256 -128 ) (640 -256 -16 ) (576 -256 -16 ) (576 -256 -128 ) 
4 53 59 (816 -384 128 ) (800 -384 128 ) (800 -384 0 ) (816 -384 0 ) 
4 53 58 (840 -384 128 ) (816 -384 128 ) (816 -384 0 ) (840 -384 0 ) 
4 53 54 (896 -384 128 ) (840 -384 128 ) (840 -384 0 ) (896 -384 0 ) 
4 54 62 (928 -416 0 ) (928 -416 128 ) (840 -416 128 ) (840 -416 0 ) 
4 54 58 (840 -416 0 ) (840 -416 128 ) (840 -384 128 ) (840 -384 0 ) 
4 54 56 (880 -416 0 ) (856 -416 0 ) (856 -384 0 ) (880 -384 0 ) 
4 54 55 (928 -416 0 ) (896 -416 0 ) (896 -384 0 ) (928 -384 0 ) 
4 55 63 (928 -416 -16 ) (928 -416 0 ) (896 -416 0 ) (896 -416 -16 ) 
4 55 57 (896 -384 -16 ) (928 -384 -16 ) (928 -416 -16 ) (896 -416 -16 ) 
4 56 57 (856 -384 -16 ) (880 -384 -16 ) (880 -416 -16 ) (856 -416 -16 ) 
4 57 64 (840 -416 -128 ) (896 -416 -128 ) (896 -416 -16 ) (840 -416 -16 ) 
4 57 63 (896 -416 -128 ) (928 -416 -128 ) (928 -416 -16 ) (896 -416 -16 ) 
4 57 60 (840 -384 -128 ) (840 -416 -128 ) (840 -416 -16 ) (840 -384 -16 ) 
4 58 62 (840 -416 0 ) (840 -416 128 ) (816 -416 128 ) (816 -416 0 ) 
4 58 59 (816 -384 128 ) (816 -384 0 ) (816 -416 0 ) (816 -416 128 ) 
4 58 60 (840 -416 -16 ) (816 -416 -16 ) (816 -384 -16 ) (840 -384 -16 ) 
4 59 62 (816 -416 128 ) (800 -416 128 ) (800 -416 0 ) (816 -416 0 ) 
4 59 61 (800 -384 128 ) (800 -384 0 ) (800 -416 0 ) (800 -416 128 ) 
4 60 64 (800 -416 -128 ) (840 -416 -128 ) (840 -416 -16 ) (800 -416 -16 ) 
4 60 61 (800 -384 -16 ) (800 -384 -128 ) (800 -416 -128 ) (800 -416 -16 ) 
4 61 72 (736 -416 0 ) (736 -416 -128 ) (800 -416 -128 ) (800 -416 0 ) 
4 61 62 (736 -416 128 ) (736 -416 0 ) (800 -416 0 ) (800 -416 128 ) 
4 62 69 (896 -624 0 ) (896 -600 0 ) (928 -600 0 ) (928 -624 0 ) 
4 62 68 (896 -584 0 ) (896 -560 0 ) (928 -560 0 ) (928 -584 0 ) 
4 62 66 (816 -512 0 ) (840 -512 0 ) (840 -544 0 ) (816 -544 0 ) 
4 62 65 (856 -512 0 ) (880 -512 0 ) (880 -544 0 ) (856 -544 0 ) 
4 62 63 (896 -416 0 ) (928 -416 0 ) (928 -544 0 ) (896 -544 0 ) 
4 62 72 (800 -640 0 ) (736 -640 0 ) (736 -416 0 ) (800 -416 0 ) 
4 63 70 (896 -544 -128 ) (928 -544 -128 ) (928 -544 -16 ) (896 -544 -16 ) 
4 63 67 (896 -512 -128 ) (896 -544 -128 ) (896 -544 -16 ) (896 -512 -16 ) 
4 63 64 (896 -416 -16 ) (896 -416 -128 ) (896 -512 -128 ) (896 -512 -16 ) 
4 64 67 (800 -512 -128 ) (896 -512 -128 ) (896 -512 -16 ) (800 -512 -16 ) 
4 64 72 (800 -416 -16 ) (800 -416 -128 ) (800 -512 -128 ) (800 -512 -16 ) 
4 65 67 (856 -512 -16 ) (880 -512 -16 ) (880 -544 -16 ) (856 -544 -16 ) 
4 66 67 (816 -512 -16 ) (840 -512 -16 ) (840 -544 -16 ) (816 -544 -16 ) 
4 67 73 (800 -544 -128 ) (800 -512 -128 ) (832 -512 -128 ) (832 -544 -128 ) 
4 67 71 (800 -544 -128 ) (896 -544 -128 ) (896 -544 -16 ) (800 -544 -16 ) 
4 67 72 (800 -512 -128 ) (800 -544 -128 ) (800 -544 -16 ) (800 -512 -16 ) 
4 68 70 (896 -584 -16 ) (896 -560 -16 ) (928 -560 -16 ) (928 -584 -16 ) 
4 69 70 (896 -624 -16 ) (896 -600 -16 ) (928 -600 -16 ) (928 -624 -16 ) 
4 70 71 (896 -544 -16 ) (896 -544 -128 ) (896 -640 -128 ) (896 -640 -16 ) 
4 71 104 (800 -640 -128 ) (832 -640 -128 ) (832 -640 -96 ) (800 -640 -96 ) 
4 71 75 (832 -640 -128 ) (800 -640 -128 ) (800 -576 -128 ) (832 -576 -128 ) 
4 71 74 (800 -576 -128 ) (800 -544 -128 ) (832 -544 -128 ) (832 -576 -128 ) 
4 71 72 (800 -544 -128 ) (800 -640 -128 ) (800 -640 -16 ) (800 -544 -16 ) 
4 72 104 (736 -640 -96 ) (736 -640 -128 ) (800 -640 -128 ) (800 -640 -96 ) 
4 72 75 (800 -640 -128 ) (736 -640 -128 ) (736 -576 -128 ) (800 -576 -128 ) 
4 72 74 (736 -576 -128 ) (736 -544 -128 ) (800 -544 -128 ) (800 -576 -128 ) 
4 72 73 (736 -544 -128 ) (736 -512 -128 ) (800 -512 -128 ) (800 -544 -128 ) 
4 73 74 (736 -544 -128 ) (736 -544 -144 ) (832 -544 -144 ) (832 -544 -128 ) 
4 74 75 (832 -576 -128 ) (736 -576 -128 ) (736 -576 -160 ) (832 -576 -160 ) 
4 75 104 (736 -640 -128 ) (736 -640 -176 ) (832 -640 -176 ) (832 -640 -128 ) 
4 75 93 (832 -640 -176 ) (736 -640 -176 ) (736 -608 -176 ) (832 -608 -176 ) 
4 76 85 (576 -384 128 ) (576 -256 128 ) (576 -256 0 ) (576 -384 0 ) 
4 76 78 (592 -256 0 ) (608 -256 0 ) (608 -288 0 ) (592 -288 0 ) 
3 76 77 (624 -256 0 ) (640 -256 0 ) (624 -288 0 ) 
3 77 79 (624 -256 -16 ) (640 -256 -16 ) (624 -288 -16 ) 
4 78 79 (592 -256 -16 ) (608 -256 -16 ) (608 -288 -16 ) (592 -288 -16 ) 
4 79 87 (576 -384 -128 ) (576 -384 -16 ) (576 -256 -16 ) (576 -256 -128 ) 
4 79 81 (704 -384 -128 ) (704 -384 -32 ) (576 -384 -32 ) (576 -384 -128 ) 
4 79 80 (704 -384 -32 ) (704 -384 -16 ) (576 -384 -16 ) (576 -384 -32 ) 
4 80 87 (576 -448 -16 ) (576 -384 -16 ) (576 -384 -32 ) (576 -448 -32 ) 
4 80 81 (576 -480 -32 ) (576 -384 -32 ) (704 -384 -32 ) (704 -480 -32 ) 
4 81 87 (576 -448 -32 ) (576 -384 -32 ) (576 -384 -128 ) (576 -448 -128 ) 
4 81 83 (672 -480 -64 ) (608 -480 -64 ) (608 -480 -144 ) (672 -480 -144 ) 
4 81 82 (576 -480 -144 ) (576 -432 -144 ) (704 -416 -144 ) (704 -480 -144 ) 
4 82 83 (672 -480 -144 ) (608 -480 -144 ) (608 -480 -160 ) (672 -480 -160 ) 
4 83 84 (672 -512 -64 ) (608 -512 -64 ) (608 -512 -160 ) (672 -512 -160 ) 
4 85 171 (448 -544 128 ) (448 -320 128 ) (448 -320 0 ) (448 -544 0 ) 
4 85 166 (448 -320 128 ) (448 -192 128 ) (448 -192 0 ) (448 -320 0 ) 
4 85 109 (448 -192 128 ) (448 -96 128 ) (448 -96 0 ) (448 -192 0 ) 
5 85 86 (576 -96 0 ) (576 -256 0 ) (480 -448 0 ) (448 -448 0 ) (448 -96 0 ) 
4 86 172 (448 -448 0 ) (448 -320 0 ) (448 -320 -16 ) (448 -448 -16 ) 
4 86 166 (448 -320 0 ) (448 -192 0 ) (448 -192 -16 ) (448 -320 -16 ) 
4 86 109 (448 -192 0 ) (448 -96 0 ) (448 -96 -16 ) (448 -192 -16 ) 
5 86 87 (448 -448 -16 ) (448 -96 -16 ) (576 -96 -16 ) (576 -256 -16 ) (480 -448 -16 ) 
4 87 172 (448 -320 -128 ) (448 -448 -128 ) (448 -448 -16 ) (448 -320 -16 ) 
4 87 166 (448 -192 -128 ) (448 -320 -128 ) (448 -320 -16 ) (448 -192 -16 ) 
4 87 109 (448 -96 -16 ) (448 -96 -128 ) (448 -192 -128 ) (448 -192 -16 ) 
4 87 88 (512 -448 -96 ) (512 -448 -72 ) (480 -448 -72 ) (480 -448 -96 ) 
4 90 98 (525.333333 18.666667 -192 ) (592 52 -192 ) (592 0 -192 ) (544 0 -192 ) 
4 90 96 (592 52 -192 ) (688 100 -192 ) (688 0 -192 ) (592 0 -192 ) 
6 90 94 (688 100 -192 ) (738.666667 125.333333 -192 ) (768 96 -192 ) (768 64 -192 ) (704 0 -192 ) (688 0 -192 ) 
4 91 101 (672 -192 -192 ) (672 -288 -192 ) (576 -288 -192 ) (576 -192 -192 ) 
4 91 99 (576 -32 -192 ) (672 -32 -192 ) (672 -192 -192 ) (576 -192 -192 ) 
4 91 92 (576 -192 -192 ) (576 -288 -192 ) (576 -288 -176 ) (576 -192 -176 ) 
4 92 101 (480 -192 -192 ) (576 -192 -192 ) (576 -288 -192 ) (480 -288 -192 ) 
4 93 104 (736 -640 -192 ) (832 -640 -192 ) (832 -640 -176 ) (736 -640 -176 ) 
4 94 96 (688 128 -320 ) (688 0 -320 ) (688 0 -192 ) (688 128 -192 ) 
4 95 96 (592 128 -320 ) (656 128 -320 ) (656 128 -224 ) (592 128 -224 ) 
4 96 99 (672 0 -192 ) (592 0 -192 ) (592 0 -320 ) (672 0 -320 ) 
4 96 98 (592 0 -320 ) (592 0 -192 ) (592 128 -192 ) (592 128 -320 ) 
4 97 98 (512 128 -320 ) (560 128 -320 ) (560 128 -192 ) (512 128 -192 ) 
4 98 99 (592 0 -192 ) (576 0 -192 ) (576 0 -320 ) (592 0 -320 ) 
4 99 101 (576 -192 -320 ) (672 -192 -320 ) (672 -192 -192 ) (576 -192 -192 ) 
4 100 101 (672 -192 -240 ) (672 -192 -264 ) (672 -224 -264 ) (672 -224 -240 ) 
4 101 225 (448 -288 -320 ) (448 -288 -192 ) (448 -272 -192 ) (448 -272 -320 ) 
4 101 224 (448 -272 -192 ) (448 -248 -192 ) (448 -248 -320 ) (448 -272 -320 ) 
4 101 223 (448 -248 -192 ) (448 -232 -192 ) (448 -232 -320 ) (448 -248 -320 ) 
4 101 220 (448 -208 -192 ) (448 -192 -192 ) (448 -192 -320 ) (448 -208 -320 ) 
4 101 221 (448 -232 -192 ) (448 -208 -192 ) (448 -208 -320 ) (448 -232 -320 ) 
4 103 104 (832 -640 -144 ) (832 -640 -168 ) (832 -672 -168 ) (832 -672 -144 ) 
4 104 339 (736 -704 -128 ) (736 -704 -208 ) (832 -704 -208 ) (832 -704 -128 ) 
4 104 105 (832 -704 -208 ) (736 -704 -208 ) (736 -672 -208 ) (832 -672 -208 ) 
4 105 339 (736 -704 -208 ) (736 -704 -224 ) (832 -704 -224 ) (832 -704 -208 ) 
4 106 108 (160 0 0 ) (160 128 0 ) (240 128 0 ) (240 0 0 ) 
4 107 109 (288 -32 -24 ) (288 -32 0 ) (256 -32 0 ) (256 -32 -24 ) 
4 108 109 (240 -32 -128 ) (240 -32 0 ) (160 -32 0 ) (160 -32 -128 ) 
4 109 166 (448 -192 -128 ) (448 -192 128 ) (240 -192 128 ) (240 -192 -128 ) 
4 109 110 (240 -32 -128 ) (416 -32 -128 ) (432 -64 -128 ) (224 -64 -128 ) 
5 109 112 (240 -192 -128 ) (176 -64 -128 ) (432 -64 -128 ) (448 -96 -128 ) (448 -192 -128 ) 
4 109 113 (160 -32 128 ) (160 -32 -128 ) (240 -192 -128 ) (240 -192 128 ) 
4 110 111 (240 -32 -144 ) (416 -32 -144 ) (432 -64 -144 ) (224 -64 -144 ) 
4 110 112 (432 -64 -128 ) (224 -64 -128 ) (224 -64 -144 ) (432 -64 -144 ) 
4 111 216 (176 -64 -176 ) (160 -32 -176 ) (416 -32 -176 ) (432 -64 -176 ) 
4 111 112 (176 -64 -144 ) (176 -64 -176 ) (432 -64 -176 ) (432 -64 -144 ) 
4 111 113 (160 -32 -144 ) (160 -32 -176 ) (176 -64 -176 ) (176 -64 -144 ) 
5 112 216 (448 -96 -176 ) (448 -192 -176 ) (240 -192 -176 ) (176 -64 -176 ) (432 -64 -176 ) 
4 112 166 (240 -192 -176 ) (448 -192 -176 ) (448 -192 -128 ) (240 -192 -128 ) 
4 112 113 (176 -64 -176 ) (240 -192 -176 ) (240 -192 -128 ) (176 -64 -128 ) 
3 113 216 (240 -192 -176 ) (160 -192 -176 ) (160 -32 -176 ) 
4 113 168 (192 -192 -96 ) (192 -192 -80 ) (160 -192 -80 ) (160 -192 -96 ) 
4 113 169 (160 -192 -176 ) (192 -192 -176 ) (192 -192 -112 ) (160 -192 -112 ) 
4 113 167 (192 -192 -80 ) (192 -192 128 ) (160 -192 128 ) (160 -192 -80 ) 
4 113 166 (192 -192 -176 ) (240 -192 -176 ) (240 -192 128 ) (192 -192 128 ) 
4 113 165 (160 -32 -176 ) (160 -192 -176 ) (160 -192 128 ) (160 -32 128 ) 
4 115 158 (-160 120 -80 ) (-160 160 -80 ) (-144 160 -80 ) (-144 120 -80 ) 
4 115 160 (-144 96 -80 ) (-160 96 -80 ) (-160 120 -80 ) (-144 120 -80 ) 
4 115 157 (-160 160 -80 ) (-160 208 -80 ) (-144 208 -80 ) (-144 160 -80 ) 
4 115 155 (-160 208 -80 ) (-160 248 -80 ) (-144 248 -80 ) (-144 208 -80 ) 
4 115 154 (-160 248 -80 ) (-160 288 -80 ) (-144 288 -80 ) (-144 248 -80 ) 
4 115 152 (-160 288 -80 ) (-160 328 -80 ) (-144 328 -80 ) (-144 288 -80 ) 
4 115 151 (-160 328 -80 ) (-160 352 -80 ) (-144 352 -80 ) (-144 328 -80 ) 
4 115 148 (-48 96 -80 ) (-72 96 -80 ) (-72 128 -80 ) (-48 128 -80 ) 
4 115 147 (16 96 -80 ) (-48 96 -80 ) (-48 128 -80 ) (16 128 -80 ) 
4 115 150 (-72 96 -80 ) (-144 96 -80 ) (-144 128 -80 ) (-72 128 -80 ) 
4 115 145 (-144 128 -80 ) (-144 152 -80 ) (16 152 -80 ) (16 128 -80 ) 
4 115 142 (-72 216 -80 ) (-48 216 -80 ) (-48 152 -80 ) (-72 152 -80 ) 
4 115 141 (-48 216 -80 ) (16 216 -80 ) (16 152 -80 ) (-48 152 -80 ) 
4 115 144 (-144 152 -80 ) (-144 216 -80 ) (-72 216 -80 ) (-72 152 -80 ) 
4 115 139 (-144 216 -80 ) (-144 240 -80 ) (16 240 -80 ) (16 216 -80 ) 
4 115 136 (-144 296 -80 ) (-144 320 -80 ) (-72 320 -80 ) (-72 296 -80 ) 
4 115 135 (-144 320 -80 ) (-144 352 -80 ) (-72 352 -80 ) (-72 320 -80 ) 
4 115 138 (-144 240 -80 ) (-144 296 -80 ) (-72 296 -80 ) (-72 240 -80 ) 
4 115 133 (-72 352 -80 ) (-48 352 -80 ) (-48 240 -80 ) (-72 240 -80 ) 
4 115 130 (16 320 -80 ) (16 296 -80 ) (-48 296 -80 ) (-48 320 -80 ) 
4 115 129 (-48 352 -80 ) (16 352 -80 ) (16 320 -80 ) (-48 320 -80 ) 
4 115 132 (16 296 -80 ) (16 240 -80 ) (-48 240 -80 ) (-48 296 -80 ) 
4 115 126 (16 120 -80 ) (16 160 -80 ) (32 160 -80 ) (32 120 -80 ) 
4 115 128 (32 96 -80 ) (16 96 -80 ) (16 120 -80 ) (32 120 -80 ) 
4 115 125 (16 160 -80 ) (16 208 -80 ) (32 208 -80 ) (32 160 -80 ) 
4 115 123 (16 208 -80 ) (16 248 -80 ) (32 248 -80 ) (32 208 -80 ) 
4 115 122 (16 248 -80 ) (16 288 -80 ) (32 288 -80 ) (32 248 -80 ) 
4 115 120 (16 288 -80 ) (16 328 -80 ) (32 328 -80 ) (32 288 -80 ) 
4 115 119 (16 328 -80 ) (16 352 -80 ) (32 352 -80 ) (32 328 -80 ) 
4 116 129 (-40 352 -128 ) (16 352 -128 ) (16 352 -80 ) (-40 352 -80 ) 
4 116 119 (16 352 -128 ) (48 352 -128 ) (48 352 -80 ) (16 352 -80 ) 
4 116 117 (-40 368 -80 ) (-40 368 -96 ) (-40 352 -96 ) (-40 352 -80 ) 
4 116 164 (-40 368 -128 ) (48 368 -128 ) (48 352 -128 ) (-40 352 -128 ) 
4 117 135 (-72 352 -80 ) (-80 352 -80 ) (-80 352 -96 ) (-72 352 -96 ) 
4 117 133 (-48 352 -80 ) (-72 352 -80 ) (-72 352 -96 ) (-48 352 -96 ) 
4 117 129 (-40 352 -96 ) (-40 352 -80 ) (-48 352 -80 ) (-48 352 -96 ) 
4 117 118 (-80 352 -96 ) (-80 352 -80 ) (-80 368 -80 ) (-80 368 -96 ) 
4 118 151 (-176 352 -80 ) (-176 352 -128 ) (-144 352 -128 ) (-144 352 -80 ) 
4 118 135 (-144 352 -128 ) (-80 352 -128 ) (-80 352 -80 ) (-144 352 -80 ) 
4 118 164 (-176 352 -128 ) (-176 368 -128 ) (-80 368 -128 ) (-80 352 -128 ) 
4 119 129 (16 352 -128 ) (16 328 -128 ) (16 328 -80 ) (16 352 -80 ) 
4 119 121 (32 328 -128 ) (48 328 -128 ) (48 328 -96 ) (32 328 -96 ) 
4 119 120 (48 328 -96 ) (48 328 -80 ) (16 328 -80 ) (16 328 -96 ) 
4 119 164 (16 352 -128 ) (48 352 -128 ) (48 328 -128 ) (16 328 -128 ) 
4 120 130 (16 296 -80 ) (16 320 -80 ) (16 320 -96 ) (16 296 -96 ) 
4 120 129 (16 320 -80 ) (16 328 -80 ) (16 328 -96 ) (16 320 -96 ) 
4 120 132 (16 288 -96 ) (16 288 -80 ) (16 296 -80 ) (16 296 -96 ) 
4 120 122 (16 288 -80 ) (16 288 -96 ) (48 288 -96 ) (48 288 -80 ) 
4 120 121 (48 288 -96 ) (32 288 -96 ) (32 328 -96 ) (48 328 -96 ) 
4 121 122 (32 288 -128 ) (48 288 -128 ) (48 288 -96 ) (32 288 -96 ) 
4 121 164 (48 328 -128 ) (48 288 -128 ) (32 288 -128 ) (32 328 -128 ) 
4 122 132 (16 288 -128 ) (16 248 -128 ) (16 248 -80 ) (16 288 -80 ) 
4 122 124 (32 248 -128 ) (48 248 -128 ) (48 248 -96 ) (32 248 -96 ) 
4 122 123 (48 248 -96 ) (48 248 -80 ) (16 248 -80 ) (16 248 -96 ) 
4 122 164 (48 288 -128 ) (48 248 -128 ) (16 248 -128 ) (16 288 -128 ) 
4 123 141 (16 208 -96 ) (16 208 -80 ) (16 216 -80 ) (16 216 -96 ) 
4 123 139 (16 216 -80 ) (16 240 -80 ) (16 240 -96 ) (16 216 -96 ) 
4 123 132 (16 240 -80 ) (16 248 -80 ) (16 248 -96 ) (16 240 -96 ) 
4 123 125 (48 208 -96 ) (48 208 -80 ) (16 208 -80 ) (16 208 -96 ) 
4 123 124 (32 248 -96 ) (48 248 -96 ) (48 208 -96 ) (32 208 -96 ) 
4 124 125 (32 208 -128 ) (48 208 -128 ) (48 208 -96 ) (32 208 -96 ) 
4 124 164 (48 248 -128 ) (48 208 -128 ) (32 208 -128 ) (32 248 -128 ) 
4 125 141 (16 208 -128 ) (16 160 -128 ) (16 160 -80 ) (16 208 -80 ) 
4 125 127 (32 160 -128 ) (48 160 -128 ) (48 160 -96 ) (32 160 -96 ) 
4 125 126 (16 160 -80 ) (16 160 -96 ) (48 160 -96 ) (48 160 -80 ) 
4 125 164 (48 208 -128 ) (48 160 -128 ) (16 160 -128 ) (16 208 -128 ) 
4 126 147 (16 120 -96 ) (16 120 -80 ) (16 128 -80 ) (16 128 -96 ) 
4 126 145 (16 128 -80 ) (16 152 -80 ) (16 152 -96 ) (16 128 -96 ) 
4 126 141 (16 152 -80 ) (16 160 -80 ) (16 160 -96 ) (16 152 -96 ) 
4 126 127 (32 160 -96 ) (48 160 -96 ) (48 120 -96 ) (32 120 -96 ) 
4 126 128 (48 120 -96 ) (48 120 -80 ) (16 120 -80 ) (16 120 -96 ) 
4 127 164 (48 160 -128 ) (48 120 -128 ) (32 120 -128 ) (32 160 -128 ) 
4 127 128 (32 120 -128 ) (48 120 -128 ) (48 120 -96 ) (32 120 -96 ) 
4 128 161 (16 96 -128 ) (48 96 -128 ) (48 96 -80 ) (16 96 -80 ) 
4 128 147 (16 120 -128 ) (16 96 -128 ) (16 96 -80 ) (16 120 -80 ) 
4 128 164 (48 120 -128 ) (48 96 -128 ) (16 96 -128 ) (16 120 -128 ) 
4 129 133 (-48 320 -104 ) (-48 320 -80 ) (-48 352 -80 ) (-48 352 -104 ) 
4 129 134 (-48 352 -128 ) (-48 320 -128 ) (-48 320 -120 ) (-48 352 -120 ) 
4 129 130 (-48 320 -80 ) (-48 320 -104 ) (16 320 -104 ) (16 320 -80 ) 
4 129 131 (-48 320 -120 ) (-48 320 -128 ) (16 320 -128 ) (16 320 -120 ) 
4 129 164 (-48 352 -128 ) (16 352 -128 ) (16 320 -128 ) (-48 320 -128 ) 
4 130 133 (-48 296 -104 ) (-48 296 -80 ) (-48 320 -80 ) (-48 320 -104 ) 
4 130 132 (16 296 -104 ) (16 296 -80 ) (-48 296 -80 ) (-48 296 -104 ) 
4 131 134 (-48 320 -128 ) (-48 296 -128 ) (-48 296 -120 ) (-48 320 -120 ) 
4 131 164 (16 320 -128 ) (16 296 -128 ) (-48 296 -128 ) (-48 320 -128 ) 
4 131 132 (-48 296 -128 ) (16 296 -128 ) (16 296 -120 ) (-48 296 -120 ) 
4 132 139 (16 240 -104 ) (16 240 -80 ) (-48 240 -80 ) (-48 240 -104 ) 
4 132 140 (-48 240 -128 ) (16 240 -128 ) (16 240 -120 ) (-48 240 -120 ) 
4 132 133 (-48 240 -104 ) (-48 240 -80 ) (-48 296 -80 ) (-48 296 -104 ) 
4 132 134 (-48 296 -128 ) (-48 240 -128 ) (-48 240 -120 ) (-48 296 -120 ) 
4 132 164 (16 296 -128 ) (16 240 -128 ) (-48 240 -128 ) (-48 296 -128 ) 
4 133 139 (-48 240 -104 ) (-48 240 -80 ) (-72 240 -80 ) (-72 240 -104 ) 
4 133 136 (-72 320 -104 ) (-72 296 -104 ) (-72 296 -80 ) (-72 320 -80 ) 
4 133 135 (-72 352 -80 ) (-72 352 -104 ) (-72 320 -104 ) (-72 320 -80 ) 
4 133 138 (-72 296 -104 ) (-72 240 -104 ) (-72 240 -80 ) (-72 296 -80 ) 
4 134 140 (-72 240 -128 ) (-48 240 -128 ) (-48 240 -120 ) (-72 240 -120 ) 
4 134 137 (-72 320 -128 ) (-72 296 -128 ) (-72 296 -120 ) (-72 320 -120 ) 
4 134 135 (-72 352 -120 ) (-72 352 -128 ) (-72 320 -128 ) (-72 320 -120 ) 
4 134 138 (-72 296 -128 ) (-72 240 -128 ) (-72 240 -120 ) (-72 296 -120 ) 
4 134 164 (-72 352 -128 ) (-48 352 -128 ) (-48 240 -128 ) (-72 240 -128 ) 
4 135 152 (-144 320 -96 ) (-144 320 -80 ) (-144 328 -80 ) (-144 328 -96 ) 
4 135 151 (-144 352 -80 ) (-144 352 -128 ) (-144 328 -128 ) (-144 328 -80 ) 
4 135 137 (-144 320 -120 ) (-144 320 -128 ) (-72 320 -128 ) (-72 320 -120 ) 
4 135 136 (-144 320 -80 ) (-144 320 -104 ) (-72 320 -104 ) (-72 320 -80 ) 
4 135 164 (-144 352 -128 ) (-72 352 -128 ) (-72 320 -128 ) (-144 320 -128 ) 
4 136 152 (-144 296 -96 ) (-144 296 -80 ) (-144 320 -80 ) (-144 320 -96 ) 
4 136 138 (-72 296 -104 ) (-72 296 -80 ) (-144 296 -80 ) (-144 296 -104 ) 
4 137 138 (-144 296 -128 ) (-72 296 -128 ) (-72 296 -120 ) (-144 296 -120 ) 
4 137 164 (-72 320 -128 ) (-72 296 -128 ) (-144 296 -128 ) (-144 320 -128 ) 
4 138 155 (-144 240 -96 ) (-144 240 -80 ) (-144 248 -80 ) (-144 248 -96 ) 
4 138 154 (-144 288 -128 ) (-144 248 -128 ) (-144 248 -80 ) (-144 288 -80 ) 
4 138 152 (-144 288 -96 ) (-144 288 -80 ) (-144 296 -80 ) (-144 296 -96 ) 
4 138 139 (-72 240 -104 ) (-72 240 -80 ) (-144 240 -80 ) (-144 240 -104 ) 
4 138 140 (-144 240 -128 ) (-72 240 -128 ) (-72 240 -120 ) (-144 240 -120 ) 
4 138 164 (-72 296 -128 ) (-72 240 -128 ) (-144 240 -128 ) (-144 296 -128 ) 
4 139 155 (-144 216 -96 ) (-144 216 -80 ) (-144 240 -80 ) (-144 240 -96 ) 
4 139 142 (-72 216 -104 ) (-48 216 -104 ) (-48 216 -80 ) (-72 216 -80 ) 
4 139 141 (-48 216 -104 ) (16 216 -104 ) (16 216 -80 ) (-48 216 -80 ) 
4 139 144 (-144 216 -80 ) (-144 216 -104 ) (-72 216 -104 ) (-72 216 -80 ) 
4 140 143 (-72 216 -128 ) (-48 216 -128 ) (-48 216 -120 ) (-72 216 -120 ) 
4 140 141 (-48 216 -128 ) (16 216 -128 ) (16 216 -120 ) (-48 216 -120 ) 
4 140 144 (-144 216 -120 ) (-144 216 -128 ) (-72 216 -128 ) (-72 216 -120 ) 
4 140 164 (16 240 -128 ) (16 216 -128 ) (-144 216 -128 ) (-144 240 -128 ) 
4 141 146 (-48 152 -128 ) (16 152 -128 ) (16 152 -120 ) (-48 152 -120 ) 
4 141 145 (16 152 -104 ) (16 152 -80 ) (-48 152 -80 ) (-48 152 -104 ) 
4 141 142 (-48 216 -80 ) (-48 216 -104 ) (-48 152 -104 ) (-48 152 -80 ) 
4 141 143 (-48 216 -120 ) (-48 216 -128 ) (-48 152 -128 ) (-48 152 -120 ) 
4 141 164 (16 216 -128 ) (16 152 -128 ) (-48 152 -128 ) (-48 216 -128 ) 
4 142 145 (-48 152 -104 ) (-48 152 -80 ) (-72 152 -80 ) (-72 152 -104 ) 
4 142 144 (-72 152 -104 ) (-72 152 -80 ) (-72 216 -80 ) (-72 216 -104 ) 
4 143 146 (-72 152 -128 ) (-48 152 -128 ) (-48 152 -120 ) (-72 152 -120 ) 
4 143 164 (-48 152 -128 ) (-72 152 -128 ) (-72 216 -128 ) (-48 216 -128 ) 
4 143 144 (-72 216 -128 ) (-72 152 -128 ) (-72 152 -120 ) (-72 216 -120 ) 
4 144 158 (-144 152 -96 ) (-144 152 -80 ) (-144 160 -80 ) (-144 160 -96 ) 
4 144 157 (-144 208 -128 ) (-144 160 -128 ) (-144 160 -80 ) (-144 208 -80 ) 
4 144 155 (-144 208 -96 ) (-144 208 -80 ) (-144 216 -80 ) (-144 216 -96 ) 
4 144 146 (-144 152 -128 ) (-72 152 -128 ) (-72 152 -120 ) (-144 152 -120 ) 
4 144 145 (-72 152 -104 ) (-72 152 -80 ) (-144 152 -80 ) (-144 152 -104 ) 
4 144 164 (-72 152 -128 ) (-144 152 -128 ) (-144 216 -128 ) (-72 216 -128 ) 
4 145 158 (-144 128 -96 ) (-144 128 -80 ) (-144 152 -80 ) (-144 152 -96 ) 
4 145 148 (-72 128 -104 ) (-48 128 -104 ) (-48 128 -80 ) (-72 128 -80 ) 
4 145 147 (-48 128 -104 ) (16 128 -104 ) (16 128 -80 ) (-48 128 -80 ) 
4 145 150 (-144 128 -80 ) (-144 128 -104 ) (-72 128 -104 ) (-72 128 -80 ) 
4 146 149 (-72 128 -128 ) (-48 128 -128 ) (-48 128 -120 ) (-72 128 -120 ) 
4 146 147 (-48 128 -128 ) (16 128 -128 ) (16 128 -120 ) (-48 128 -120 ) 
4 146 150 (-144 128 -120 ) (-144 128 -128 ) (-72 128 -128 ) (-72 128 -120 ) 
4 146 164 (16 152 -128 ) (16 128 -128 ) (-144 128 -128 ) (-144 152 -128 ) 
4 147 162 (-40 96 -96 ) (-40 96 -80 ) (-48 96 -80 ) (-48 96 -96 ) 
4 147 161 (-40 96 -128 ) (16 96 -128 ) (16 96 -80 ) (-40 96 -80 ) 
4 147 149 (-48 128 -128 ) (-48 96 -128 ) (-48 96 -120 ) (-48 128 -120 ) 
4 147 148 (-48 96 -104 ) (-48 96 -80 ) (-48 128 -80 ) (-48 128 -104 ) 
4 147 164 (16 128 -128 ) (16 96 -128 ) (-48 96 -128 ) (-48 128 -128 ) 
4 148 162 (-48 96 -96 ) (-48 96 -80 ) (-72 96 -80 ) (-72 96 -96 ) 
4 148 150 (-72 128 -80 ) (-72 128 -104 ) (-72 96 -104 ) (-72 96 -80 ) 
4 149 150 (-72 128 -120 ) (-72 128 -128 ) (-72 96 -128 ) (-72 96 -120 ) 
4 149 164 (-48 96 -128 ) (-72 96 -128 ) (-72 128 -128 ) (-48 128 -128 ) 
4 150 162 (-72 96 -96 ) (-72 96 -80 ) (-80 96 -80 ) (-80 96 -96 ) 
4 150 163 (-144 96 -128 ) (-80 96 -128 ) (-80 96 -80 ) (-144 96 -80 ) 
4 150 158 (-144 120 -96 ) (-144 120 -80 ) (-144 128 -80 ) (-144 128 -96 ) 
4 150 160 (-144 120 -128 ) (-144 96 -128 ) (-144 96 -80 ) (-144 120 -80 ) 
4 150 164 (-72 96 -128 ) (-144 96 -128 ) (-144 128 -128 ) (-72 128 -128 ) 
4 151 153 (-176 328 -96 ) (-176 328 -128 ) (-160 328 -128 ) (-160 328 -96 ) 
4 151 152 (-176 328 -80 ) (-176 328 -96 ) (-144 328 -96 ) (-144 328 -80 ) 
4 151 164 (-176 328 -128 ) (-176 352 -128 ) (-144 352 -128 ) (-144 328 -128 ) 
4 152 154 (-144 288 -96 ) (-144 288 -80 ) (-176 288 -80 ) (-176 288 -96 ) 
4 152 153 (-160 288 -96 ) (-176 288 -96 ) (-176 328 -96 ) (-160 328 -96 ) 
4 153 154 (-176 288 -128 ) (-160 288 -128 ) (-160 288 -96 ) (-176 288 -96 ) 
4 153 164 (-176 288 -128 ) (-176 328 -128 ) (-160 328 -128 ) (-160 288 -128 ) 
4 154 156 (-176 248 -96 ) (-176 248 -128 ) (-160 248 -128 ) (-160 248 -96 ) 
4 154 155 (-176 248 -80 ) (-176 248 -96 ) (-144 248 -96 ) (-144 248 -80 ) 
4 154 164 (-176 248 -128 ) (-176 288 -128 ) (-144 288 -128 ) (-144 248 -128 ) 
4 155 157 (-176 208 -80 ) (-176 208 -96 ) (-144 208 -96 ) (-144 208 -80 ) 
4 155 156 (-176 208 -96 ) (-176 248 -96 ) (-160 248 -96 ) (-160 208 -96 ) 
4 156 157 (-176 208 -96 ) (-176 208 -128 ) (-160 208 -128 ) (-160 208 -96 ) 
4 156 164 (-176 208 -128 ) (-176 248 -128 ) (-160 248 -128 ) (-160 208 -128 ) 
4 157 159 (-176 160 -128 ) (-160 160 -128 ) (-160 160 -96 ) (-176 160 -96 ) 
4 157 158 (-144 160 -96 ) (-144 160 -80 ) (-176 160 -80 ) (-176 160 -96 ) 
4 157 164 (-176 160 -128 ) (-176 208 -128 ) (-144 208 -128 ) (-144 160 -128 ) 
4 158 159 (-176 120 -96 ) (-176 160 -96 ) (-160 160 -96 ) (-160 120 -96 ) 
4 158 160 (-176 120 -80 ) (-176 120 -96 ) (-144 120 -96 ) (-144 120 -80 ) 
4 159 164 (-176 120 -128 ) (-176 160 -128 ) (-160 160 -128 ) (-160 120 -128 ) 
4 159 160 (-176 120 -96 ) (-176 120 -128 ) (-160 120 -128 ) (-160 120 -96 ) 
4 160 163 (-176 96 -128 ) (-144 96 -128 ) (-144 96 -80 ) (-176 96 -80 ) 
4 160 164 (-176 96 -128 ) (-176 120 -128 ) (-144 120 -128 ) (-144 96 -128 ) 
4 161 162 (-40 80 -96 ) (-40 80 -80 ) (-40 96 -80 ) (-40 96 -96 ) 
4 161 164 (48 80 -128 ) (-40 80 -128 ) (-40 96 -128 ) (48 96 -128 ) 
4 162 163 (-80 96 -80 ) (-80 96 -96 ) (-80 80 -96 ) (-80 80 -80 ) 
4 163 164 (-80 80 -128 ) (-176 80 -128 ) (-176 96 -128 ) (-80 96 -128 ) 
4 164 215 (-176 368 -176 ) (48 368 -176 ) (48 80 -176 ) (-176 80 -176 ) 
4 165 216 (160 -192 -176 ) (96 -192 -176 ) (96 -96 -176 ) (160 -32 -176 ) 
4 165 168 (160 -192 -96 ) (160 -192 -80 ) (96 -192 -80 ) (96 -192 -96 ) 
4 165 169 (96 -192 -176 ) (160 -192 -176 ) (160 -192 -112 ) (96 -192 -112 ) 
4 165 167 (160 -192 -80 ) (160 -192 128 ) (96 -192 128 ) (96 -192 -80 ) 
4 166 216 (448 -192 -176 ) (448 -320 -176 ) (192 -320 -176 ) (192 -192 -176 ) 
4 166 196 (192 -320 -176 ) (384 -320 -176 ) (384 -320 -128 ) (192 -320 -128 ) 
4 166 195 (384 -320 -176 ) (448 -320 -176 ) (448 -320 -128 ) (384 -320 -128 ) 
4 166 185 (192 -320 -64 ) (192 -320 -128 ) (224 -320 -128 ) (224 -320 -64 ) 
4 166 180 (224 -320 0 ) (192 -320 0 ) (192 -320 -64 ) (224 -320 -64 ) 
4 166 172 (448 -320 -128 ) (448 -320 0 ) (224 -320 0 ) (224 -320 -128 ) 
4 166 171 (448 -320 0 ) (448 -320 128 ) (192 -320 128 ) (192 -320 0 ) 
4 166 170 (192 -288 -176 ) (192 -320 -176 ) (192 -320 -96 ) (192 -288 -96 ) 
4 166 168 (192 -288 -96 ) (192 -288 -80 ) (192 -192 -80 ) (192 -192 -96 ) 
4 166 169 (192 -192 -176 ) (192 -288 -176 ) (192 -288 -112 ) (192 -192 -112 ) 
4 166 167 (192 -320 -80 ) (192 -320 128 ) (192 -192 128 ) (192 -192 -80 ) 
4 167 204 (96 -192 32 ) (96 -192 -80 ) (96 -288 -80 ) (96 -288 32 ) 
4 167 180 (96 -320 0 ) (96 -320 -64 ) (192 -320 -64 ) (192 -320 0 ) 
4 167 171 (96 -320 128 ) (96 -320 0 ) (192 -320 0 ) (192 -320 128 ) 
4 167 168 (96 -288 -80 ) (96 -192 -80 ) (192 -192 -80 ) (192 -288 -80 ) 
4 168 204 (96 -192 -80 ) (96 -192 -96 ) (96 -288 -96 ) (96 -288 -80 ) 
4 169 216 (96 -288 -176 ) (96 -192 -176 ) (192 -192 -176 ) (192 -288 -176 ) 
4 169 170 (96 -288 -112 ) (96 -288 -176 ) (192 -288 -176 ) (192 -288 -112 ) 
4 170 216 (192 -320 -176 ) (96 -320 -176 ) (96 -288 -176 ) (192 -288 -176 ) 
4 170 196 (96 -320 -128 ) (96 -320 -176 ) (192 -320 -176 ) (192 -320 -128 ) 
4 170 186 (96 -320 -96 ) (96 -320 -128 ) (192 -320 -128 ) (192 -320 -96 ) 
4 171 200 (224 -544 72 ) (224 -544 48 ) (256 -544 48 ) (256 -544 72 ) 
4 171 198 (448 -544 48 ) (448 -544 72 ) (416 -544 72 ) (416 -544 48 ) 
4 171 199 (384 -544 128 ) (288 -544 128 ) (288 -544 0 ) (384 -544 0 ) 
4 171 189 (96 -448 0 ) (96 -416 0 ) (192 -416 0 ) (192 -448 0 ) 
4 171 188 (192 -448 0 ) (192 -416 0 ) (224 -416 0 ) (224 -448 0 ) 
4 171 182 (96 -416 0 ) (96 -352 0 ) (192 -352 0 ) (192 -416 0 ) 
4 171 181 (192 -352 0 ) (224 -352 0 ) (224 -416 0 ) (192 -416 0 ) 
4 171 180 (96 -352 0 ) (96 -320 0 ) (224 -320 0 ) (224 -352 0 ) 
4 171 178 (224 -528 0 ) (224 -504 0 ) (256 -504 0 ) (256 -528 0 ) 
4 171 177 (224 -488 0 ) (224 -464 0 ) (256 -464 0 ) (256 -488 0 ) 
4 171 174 (416 -528 0 ) (416 -504 0 ) (448 -504 0 ) (448 -528 0 ) 
4 171 173 (416 -488 0 ) (416 -464 0 ) (448 -464 0 ) (448 -488 0 ) 
4 171 172 (224 -448 0 ) (224 -320 0 ) (448 -320 0 ) (448 -448 0 ) 
4 172 196 (224 -384 -128 ) (224 -320 -128 ) (384 -320 -128 ) (384 -384 -128 ) 
3 172 195 (384 -320 -128 ) (448 -320 -128 ) (384 -384 -128 ) 
4 172 188 (224 -448 0 ) (224 -416 0 ) (224 -416 -128 ) (224 -448 -128 ) 
4 172 185 (224 -320 -64 ) (224 -320 -128 ) (224 -416 -128 ) (224 -416 -64 ) 
4 172 181 (224 -416 0 ) (224 -352 0 ) (224 -352 -64 ) (224 -416 -64 ) 
4 172 180 (224 -352 0 ) (224 -320 0 ) (224 -320 -64 ) (224 -352 -64 ) 
4 172 179 (224 -448 -128 ) (256 -448 -128 ) (256 -448 -16 ) (224 -448 -16 ) 
4 172 176 (256 -448 -128 ) (416 -448 -128 ) (416 -448 -16 ) (256 -448 -16 ) 
4 172 175 (416 -448 -128 ) (448 -448 -128 ) (448 -448 -16 ) (416 -448 -16 ) 
4 173 175 (416 -488 -16 ) (416 -464 -16 ) (448 -464 -16 ) (448 -488 -16 ) 
4 174 175 (416 -528 -16 ) (416 -504 -16 ) (448 -504 -16 ) (448 -528 -16 ) 
4 175 176 (416 -448 -128 ) (416 -544 -128 ) (416 -544 -16 ) (416 -448 -16 ) 
4 176 202 (288 -544 -128 ) (384 -544 -128 ) (384 -544 -32 ) (288 -544 -32 ) 
4 176 197 (320 -512 -128 ) (320 -448 -128 ) (384 -448 -128 ) (384 -512 -128 ) 
4 176 179 (256 -448 -16 ) (256 -448 -128 ) (256 -544 -128 ) (256 -544 -16 ) 
4 177 179 (224 -488 -16 ) (224 -464 -16 ) (256 -464 -16 ) (256 -488 -16 ) 
4 178 179 (224 -528 -16 ) (224 -504 -16 ) (256 -504 -16 ) (256 -528 -16 ) 
4 180 185 (192 -320 -64 ) (224 -320 -64 ) (224 -352 -64 ) (192 -352 -64 ) 
4 180 183 (96 -352 -32 ) (96 -352 -48 ) (192 -352 -48 ) (192 -352 -32 ) 
4 180 182 (96 -352 0 ) (96 -352 -32 ) (192 -352 -32 ) (192 -352 0 ) 
4 180 181 (192 -352 -64 ) (224 -352 -64 ) (224 -352 0 ) (192 -352 0 ) 
4 181 188 (192 -416 -64 ) (224 -416 -64 ) (224 -416 0 ) (192 -416 0 ) 
4 181 185 (192 -352 -64 ) (224 -352 -64 ) (224 -416 -64 ) (192 -416 -64 ) 
4 181 184 (192 -384 -64 ) (192 -416 -64 ) (192 -416 -48 ) (192 -384 -48 ) 
4 181 183 (192 -384 -48 ) (192 -384 -32 ) (192 -352 -32 ) (192 -352 -48 ) 
4 181 182 (192 -416 -32 ) (192 -416 0 ) (192 -352 0 ) (192 -352 -32 ) 
4 182 189 (96 -416 0 ) (96 -416 -16 ) (192 -416 -16 ) (192 -416 0 ) 
4 182 183 (96 -384 -32 ) (96 -352 -32 ) (192 -352 -32 ) (192 -384 -32 ) 
4 184 193 (96 -416 -48 ) (96 -416 -64 ) (160 -416 -64 ) (160 -416 -48 ) 
4 184 190 (160 -416 -64 ) (192 -416 -64 ) (192 -416 -48 ) (160 -416 -48 ) 
4 184 187 (96 -416 -64 ) (96 -384 -64 ) (192 -384 -64 ) (192 -416 -64 ) 
4 185 196 (192 -320 -128 ) (224 -320 -128 ) (224 -384 -128 ) (192 -384 -128 ) 
4 185 188 (192 -416 -128 ) (224 -416 -128 ) (224 -416 -64 ) (192 -416 -64 ) 
4 185 186 (192 -320 -128 ) (192 -352 -128 ) (192 -352 -80 ) (192 -320 -80 ) 
4 185 187 (192 -352 -128 ) (192 -416 -128 ) (192 -416 -64 ) (192 -352 -64 ) 
4 186 196 (96 -320 -128 ) (192 -320 -128 ) (192 -352 -128 ) (128 -352 -128 ) 
4 186 187 (96 -352 -80 ) (96 -352 -128 ) (192 -352 -128 ) (192 -352 -80 ) 
4 187 196 (128 -352 -128 ) (192 -352 -128 ) (192 -384 -128 ) (160 -384 -128 ) 
4 187 193 (96 -416 -64 ) (96 -416 -128 ) (160 -416 -128 ) (160 -416 -64 ) 
4 187 192 (160 -416 -128 ) (192 -416 -128 ) (192 -416 -96 ) (160 -416 -96 ) 
4 187 191 (192 -416 -96 ) (192 -416 -72 ) (160 -416 -72 ) (160 -416 -96 ) 
4 187 190 (192 -416 -72 ) (192 -416 -64 ) (160 -416 -64 ) (160 -416 -72 ) 
4 188 192 (192 -416 -96 ) (192 -416 -128 ) (192 -448 -128 ) (192 -448 -96 ) 
4 188 191 (192 -416 -72 ) (192 -416 -96 ) (192 -448 -96 ) (192 -448 -72 ) 
4 188 190 (192 -416 -32 ) (192 -416 -72 ) (192 -448 -72 ) (192 -448 -32 ) 
4 188 189 (192 -416 0 ) (192 -416 -16 ) (192 -448 -16 ) (192 -448 0 ) 
4 190 193 (160 -416 -32 ) (160 -416 -72 ) (160 -448 -72 ) (160 -448 -32 ) 
4 190 191 (160 -448 -72 ) (160 -416 -72 ) (192 -416 -72 ) (192 -448 -72 ) 
4 191 193 (160 -416 -72 ) (160 -416 -96 ) (160 -448 -96 ) (160 -448 -72 ) 
4 191 192 (160 -448 -96 ) (160 -416 -96 ) (192 -416 -96 ) (192 -448 -96 ) 
4 192 193 (160 -416 -96 ) (160 -416 -128 ) (160 -448 -128 ) (160 -448 -96 ) 
3 195 216 (448 -320 -176 ) (384 -384 -176 ) (384 -320 -176 ) 
4 195 196 (384 -320 -176 ) (384 -384 -176 ) (384 -384 -128 ) (384 -320 -128 ) 
4 196 216 (96 -320 -176 ) (384 -320 -176 ) (384 -384 -176 ) (160 -384 -176 ) 
4 199 348 (384 -704 128 ) (288 -704 128 ) (288 -704 0 ) (384 -704 0 ) 
4 199 201 (288 -608 72 ) (288 -608 48 ) (288 -640 48 ) (288 -640 72 ) 
4 202 203 (288 -576 -128 ) (384 -576 -128 ) (384 -576 -32 ) (288 -576 -32 ) 
4 203 349 (288 -704 -32 ) (288 -704 -128 ) (384 -704 -128 ) (384 -704 -32 ) 
4 204 205 (64 -288 -96 ) (64 -288 32 ) (64 -192 32 ) (64 -192 -96 ) 
4 205 207 (-160 -288 32 ) (-160 -288 -96 ) (-64 -288 -96 ) (-64 -288 32 ) 
4 205 206 (-160 -288 48 ) (-160 -288 32 ) (-64 -288 32 ) (-64 -288 48 ) 
4 206 207 (-160 -384 32 ) (-160 -288 32 ) (-64 -288 32 ) (-64 -384 32 ) 
4 207 209 (-64 -416 32 ) (-160 -416 32 ) (-160 -416 -96 ) (-64 -416 -96 ) 
4 208 212 (-256 -640 32 ) (-256 -608 32 ) (-192 -608 32 ) (-192 -640 32 ) 
4 208 210 (-64 -608 32 ) (0 -608 32 ) (0 -640 32 ) (-64 -640 32 ) 
4 208 209 (-256 -608 32 ) (-256 -416 32 ) (0 -416 32 ) (0 -608 32 ) 
4 209 431 (-256 -512 -24 ) (-256 -512 -48 ) (-256 -544 -48 ) (-256 -544 -24 ) 
4 209 212 (-192 -608 32 ) (-256 -608 32 ) (-256 -608 -96 ) (-192 -608 -96 ) 
4 209 211 (-160 -608 0 ) (-160 -608 -96 ) (-96 -608 -96 ) (-96 -608 0 ) 
4 209 210 (0 -608 -96 ) (0 -608 32 ) (-64 -608 32 ) (-64 -608 -96 ) 
4 211 213 (-96 -640 -96 ) (-96 -640 0 ) (-160 -640 0 ) (-160 -640 -96 ) 
4 214 285 (416 128 -192 ) (416 32 -192 ) (336 32 -192 ) (336 128 -192 ) 
4 214 288 (416 32 -192 ) (416 0 -192 ) (336 0 -192 ) (336 32 -192 ) 
4 214 289 (336 0 -192 ) (320 0 -192 ) (320 128 -192 ) (336 128 -192 ) 
4 215 332 (-256 32 -192 ) (-256 128 -192 ) (96 128 -192 ) (96 32 -192 ) 
4 215 293 (96 128 -192 ) (128 128 -192 ) (128 32 -192 ) (96 32 -192 ) 
4 215 229 (-256 128 -192 ) (-256 448 -192 ) (128 448 -192 ) (128 128 -192 ) 
4 216 324 (96 -288 -192 ) (96 -160 -192 ) (224 -160 -192 ) (224 -288 -192 ) 
5 216 331 (224 -384 -192 ) (160 -384 -192 ) (96 -320 -192 ) (96 -288 -192 ) (224 -288 -192 ) 
4 216 321 (224 -288 -192 ) (224 -272 -192 ) (256 -272 -192 ) (256 -288 -192 ) 
4 216 319 (224 -248 -192 ) (224 -232 -192 ) (256 -232 -192 ) (256 -248 -192 ) 
4 216 320 (224 -272 -192 ) (224 -248 -192 ) (256 -248 -192 ) (256 -272 -192 ) 
4 216 317 (224 -208 -192 ) (224 -192 -192 ) (256 -192 -192 ) (256 -208 -192 ) 
4 216 318 (224 -232 -192 ) (224 -208 -192 ) (256 -208 -192 ) (256 -232 -192 ) 
4 216 316 (256 -192 -192 ) (288 -192 -192 ) (288 -288 -192 ) (256 -288 -192 ) 
4 216 315 (320 -272 -192 ) (320 -288 -192 ) (288 -288 -192 ) (288 -272 -192 ) 
4 216 314 (320 -248 -192 ) (320 -272 -192 ) (288 -272 -192 ) (288 -248 -192 ) 
4 216 313 (320 -232 -192 ) (320 -248 -192 ) (288 -248 -192 ) (288 -232 -192 ) 
4 216 311 (288 -192 -192 ) (320 -192 -192 ) (320 -208 -192 ) (288 -208 -192 ) 
4 216 312 (320 -208 -192 ) (320 -232 -192 ) (288 -232 -192 ) (288 -208 -192 ) 
4 216 310 (224 -192 -192 ) (224 -160 -192 ) (320 -160 -192 ) (320 -192 -192 ) 
4 216 309 (416 -192 -192 ) (416 -288 -192 ) (320 -288 -192 ) (320 -192 -192 ) 
4 216 307 (320 -160 -192 ) (336 -160 -192 ) (336 -192 -192 ) (320 -192 -192 ) 
4 216 306 (336 -160 -192 ) (360 -160 -192 ) (360 -192 -192 ) (336 -192 -192 ) 
4 216 304 (360 -160 -192 ) (376 -160 -192 ) (376 -192 -192 ) (360 -192 -192 ) 
4 216 302 (400 -160 -192 ) (416 -160 -192 ) (416 -192 -192 ) (400 -192 -192 ) 
4 216 303 (376 -160 -192 ) (400 -160 -192 ) (400 -192 -192 ) (376 -192 -192 ) 
5 216 323 (416 -352 -192 ) (384 -384 -192 ) (224 -384 -192 ) (224 -288 -192 ) (416 -288 -192 ) 
4 216 300 (320 -64 -192 ) (416 -64 -192 ) (416 -160 -192 ) (320 -160 -192 ) 
5 216 301 (96 -160 -192 ) (96 -96 -192 ) (128 -64 -192 ) (320 -64 -192 ) (320 -160 -192 ) 
4 216 292 (128 -64 -192 ) (160 -32 -192 ) (192 -32 -192 ) (192 -64 -192 ) 
4 216 290 (192 -32 -192 ) (320 -32 -192 ) (320 -64 -192 ) (192 -64 -192 ) 
4 216 288 (336 -32 -192 ) (416 -32 -192 ) (416 -64 -192 ) (336 -64 -192 ) 
4 216 289 (320 -32 -192 ) (336 -32 -192 ) (336 -64 -192 ) (320 -64 -192 ) 
4 216 225 (448 -272 -192 ) (448 -288 -192 ) (416 -288 -192 ) (416 -272 -192 ) 
4 216 224 (448 -248 -192 ) (448 -272 -192 ) (416 -272 -192 ) (416 -248 -192 ) 
4 216 223 (448 -232 -192 ) (448 -248 -192 ) (416 -248 -192 ) (416 -232 -192 ) 
4 216 220 (448 -192 -192 ) (448 -208 -192 ) (416 -208 -192 ) (416 -192 -192 ) 
4 216 221 (448 -208 -192 ) (448 -232 -192 ) (416 -232 -192 ) (416 -208 -192 ) 
4 216 227 (448 -288 -192 ) (448 -320 -192 ) (416 -352 -192 ) (416 -288 -192 ) 
4 216 219 (448 -96 -192 ) (448 -192 -192 ) (416 -192 -192 ) (416 -32 -192 ) 
4 217 334 (-96 0 -192 ) (0 0 -192 ) (0 -160 -192 ) (-96 -160 -192 ) 
4 218 335 (-96 -288 -192 ) (-128 -288 -192 ) (-128 -192 -192 ) (-96 -192 -192 ) 
4 218 334 (0 -288 -192 ) (-96 -288 -192 ) (-96 -192 -192 ) (0 -192 -192 ) 
4 218 333 (64 -192 -192 ) (64 -288 -192 ) (0 -288 -192 ) (0 -192 -192 ) 
4 219 422 (448 -64 -384 ) (448 -192 -384 ) (416 -192 -384 ) (416 -64 -384 ) 
4 219 421 (448 -32 -384 ) (448 -64 -384 ) (416 -64 -384 ) (416 -32 -384 ) 
4 219 302 (416 -192 -192 ) (416 -160 -192 ) (416 -160 -320 ) (416 -192 -320 ) 
4 219 305 (416 -160 -336 ) (416 -160 -384 ) (416 -192 -384 ) (416 -192 -336 ) 
4 219 300 (416 -160 -192 ) (416 -64 -192 ) (416 -64 -320 ) (416 -160 -320 ) 
4 219 296 (416 -32 -336 ) (416 -32 -384 ) (416 -64 -384 ) (416 -64 -336 ) 
4 219 288 (416 -64 -192 ) (416 -32 -192 ) (416 -32 -320 ) (416 -64 -320 ) 
4 219 220 (448 -192 -320 ) (448 -192 -192 ) (416 -192 -192 ) (416 -192 -320 ) 
4 219 222 (416 -192 -384 ) (448 -192 -384 ) (448 -192 -336 ) (416 -192 -336 ) 
4 220 309 (416 -208 -192 ) (416 -192 -192 ) (416 -192 -320 ) (416 -208 -320 ) 
4 220 221 (448 -208 -320 ) (448 -208 -192 ) (416 -208 -192 ) (416 -208 -320 ) 
4 221 309 (416 -232 -192 ) (416 -208 -192 ) (416 -208 -320 ) (416 -232 -320 ) 
4 221 223 (448 -232 -320 ) (448 -232 -192 ) (416 -232 -192 ) (416 -232 -320 ) 
4 221 222 (416 -232 -336 ) (416 -208 -336 ) (448 -208 -336 ) (448 -232 -336 ) 
4 222 424 (448 -192 -384 ) (448 -232 -384 ) (416 -232 -384 ) (416 -192 -384 ) 
4 222 226 (416 -232 -384 ) (448 -232 -384 ) (448 -232 -336 ) (416 -232 -336 ) 
4 223 309 (416 -248 -192 ) (416 -232 -192 ) (416 -232 -320 ) (416 -248 -320 ) 
4 223 224 (448 -248 -320 ) (448 -248 -192 ) (416 -248 -192 ) (416 -248 -320 ) 
4 224 309 (416 -272 -192 ) (416 -248 -192 ) (416 -248 -320 ) (416 -272 -320 ) 
4 224 225 (416 -272 -192 ) (416 -272 -320 ) (448 -272 -320 ) (448 -272 -192 ) 
4 224 226 (416 -272 -336 ) (416 -248 -336 ) (448 -248 -336 ) (448 -272 -336 ) 
4 225 309 (416 -288 -192 ) (416 -272 -192 ) (416 -272 -320 ) (416 -288 -320 ) 
4 225 227 (416 -288 -192 ) (416 -288 -320 ) (448 -288 -320 ) (448 -288 -192 ) 
4 226 424 (448 -232 -384 ) (448 -288 -384 ) (416 -288 -384 ) (416 -232 -384 ) 
4 226 227 (416 -288 -336 ) (416 -288 -384 ) (448 -288 -384 ) (448 -288 -336 ) 
4 227 425 (448 -288 -384 ) (448 -384 -384 ) (416 -384 -384 ) (416 -288 -384 ) 
4 227 323 (416 -384 -384 ) (416 -384 -192 ) (416 -288 -192 ) (416 -288 -384 ) 
4 228 229 (128 256 -256 ) (128 256 -320 ) (128 192 -320 ) (128 192 -256 ) 
4 229 430 (-256 256 -320 ) (-256 192 -320 ) (-256 192 -256 ) (-256 256 -256 ) 
4 229 332 (-256 128 -192 ) (-256 128 -320 ) (96 128 -320 ) (96 128 -192 ) 
4 229 293 (96 128 -320 ) (128 128 -320 ) (128 128 -192 ) (96 128 -192 ) 
4 229 266 (-128 128 -320 ) (-256 128 -320 ) (-256 160 -320 ) (-128 160 -320 ) 
4 229 265 (-256 160 -320 ) (-256 208 -320 ) (-128 208 -320 ) (-128 160 -320 ) 
4 229 263 (-256 208 -320 ) (-256 240 -320 ) (-128 240 -320 ) (-128 208 -320 ) 
4 229 262 (-256 240 -320 ) (-256 272 -320 ) (-128 272 -320 ) (-128 240 -320 ) 
4 229 260 (-256 272 -320 ) (-256 304 -320 ) (-128 304 -320 ) (-128 272 -320 ) 
4 229 259 (-256 304 -320 ) (-256 352 -320 ) (-128 352 -320 ) (-128 304 -320 ) 
4 229 257 (-256 352 -320 ) (-256 384 -320 ) (-128 384 -320 ) (-128 352 -320 ) 
3 229 256 (-256 384 -320 ) (-128 413 -320 ) (-128 384 -320 ) 
4 229 254 (-88 128 -320 ) (-112 128 -320 ) (-112 160 -320 ) (-88 160 -320 ) 
4 229 251 (-48 128 -320 ) (-72 128 -320 ) (-72 160 -320 ) (-48 160 -320 ) 
4 229 248 (-112 288 -320 ) (-88 288 -320 ) (-88 256 -320 ) (-112 256 -320 ) 
4 229 245 (-72 288 -320 ) (-48 288 -320 ) (-48 256 -320 ) (-72 256 -320 ) 
4 229 243 (-112 416 -320 ) (-88 416 -320 ) (-88 384 -320 ) (-112 384 -320 ) 
4 229 242 (-72 416 -320 ) (-48 416 -320 ) (-48 384 -320 ) (-72 384 -320 ) 
4 229 240 (128 160 -320 ) (128 128 -320 ) (-32 128 -320 ) (-32 160 -320 ) 
4 229 239 (128 208 -320 ) (128 160 -320 ) (-32 160 -320 ) (-32 208 -320 ) 
4 229 237 (128 240 -320 ) (128 208 -320 ) (-32 208 -320 ) (-32 240 -320 ) 
4 229 236 (128 272 -320 ) (128 240 -320 ) (-32 240 -320 ) (-32 272 -320 ) 
4 229 234 (128 304 -320 ) (128 272 -320 ) (-32 272 -320 ) (-32 304 -320 ) 
4 229 233 (128 352 -320 ) (128 304 -320 ) (-32 304 -320 ) (-32 352 -320 ) 
4 229 231 (128 384 -320 ) (128 352 -320 ) (-32 352 -320 ) (-32 384 -320 ) 
3 229 230 (96 384 -320 ) (-32 384 -320 ) (-32 413 -320 ) 
3 230 268 (96 384 -368 ) (-32 384 -368 ) (-32 413 -368 ) 
4 230 244 (-32 413 -368 ) (-32 384 -368 ) (-32 384 -336 ) (-32 413 -336 ) 
4 230 232 (-32 384 -368 ) (96 384 -368 ) (96 384 -336 ) (-32 384 -336 ) 
4 230 231 (96 384 -336 ) (96 384 -320 ) (-32 384 -320 ) (-32 384 -336 ) 
4 231 233 (-32 352 -320 ) (-32 352 -336 ) (128 352 -336 ) (128 352 -320 ) 
4 231 232 (114 352 -336 ) (-32 352 -336 ) (-32 384 -336 ) (114 384 -336 ) 
4 232 269 (102 352 -368 ) (-32 352 -368 ) (-32 384 -368 ) (102 384 -368 ) 
4 232 244 (-32 384 -368 ) (-32 352 -368 ) (-32 352 -336 ) (-32 384 -336 ) 
4 232 233 (-32 352 -336 ) (-32 352 -368 ) (102 352 -368 ) (114 352 -336 ) 
4 233 270 (128 352 -368 ) (128 304 -368 ) (-32 304 -368 ) (-32 352 -368 ) 
4 233 244 (-32 352 -368 ) (-32 304 -368 ) (-32 304 -336 ) (-32 352 -336 ) 
4 233 235 (-32 304 -368 ) (102 304 -368 ) (114 304 -336 ) (-32 304 -336 ) 
4 233 234 (128 304 -336 ) (128 304 -320 ) (-32 304 -320 ) (-32 304 -336 ) 
4 234 236 (128 272 -336 ) (128 272 -320 ) (-32 272 -320 ) (-32 272 -336 ) 
4 234 235 (-32 272 -336 ) (-32 304 -336 ) (114 304 -336 ) (114 272 -336 ) 
4 235 271 (102 272 -368 ) (-32 272 -368 ) (-32 304 -368 ) (102 304 -368 ) 
4 235 246 (-32 288 -368 ) (-32 272 -368 ) (-32 272 -336 ) (-32 288 -336 ) 
4 235 244 (-32 304 -368 ) (-32 288 -368 ) (-32 288 -336 ) (-32 304 -336 ) 
4 235 236 (-32 272 -368 ) (102 272 -368 ) (114 272 -336 ) (-32 272 -336 ) 
4 236 272 (128 272 -368 ) (128 240 -368 ) (-32 240 -368 ) (-32 272 -368 ) 
4 236 250 (-32 256 -368 ) (-32 240 -368 ) (-32 240 -336 ) (-32 256 -336 ) 
4 236 246 (-32 272 -368 ) (-32 256 -368 ) (-32 256 -336 ) (-32 272 -336 ) 
4 236 238 (-32 240 -368 ) (102 240 -368 ) (114 240 -336 ) (-32 240 -336 ) 
4 236 237 (128 240 -336 ) (128 240 -320 ) (-32 240 -320 ) (-32 240 -336 ) 
4 237 239 (-32 208 -320 ) (-32 208 -336 ) (128 208 -336 ) (128 208 -320 ) 
4 237 238 (114 208 -336 ) (-32 208 -336 ) (-32 240 -336 ) (114 240 -336 ) 
4 238 273 (102 208 -368 ) (-32 208 -368 ) (-32 240 -368 ) (102 240 -368 ) 
4 238 250 (-32 240 -368 ) (-32 208 -368 ) (-32 208 -336 ) (-32 240 -336 ) 
4 238 239 (-32 208 -336 ) (-32 208 -368 ) (102 208 -368 ) (114 208 -336 ) 
4 239 274 (128 208 -368 ) (128 160 -368 ) (-32 160 -368 ) (-32 208 -368 ) 
4 239 250 (-32 208 -368 ) (-32 160 -368 ) (-32 160 -336 ) (-32 208 -336 ) 
4 239 241 (-32 160 -368 ) (102 160 -368 ) (114 160 -336 ) (-32 160 -336 ) 
4 239 240 (128 160 -336 ) (128 160 -320 ) (-32 160 -320 ) (-32 160 -336 ) 
4 240 241 (114 128 -336 ) (-32 128 -336 ) (-32 160 -336 ) (114 160 -336 ) 
4 241 275 (102 128 -368 ) (-32 128 -368 ) (-32 160 -368 ) (102 160 -368 ) 
4 241 252 (-32 160 -368 ) (-32 128 -368 ) (-32 128 -336 ) (-32 160 -336 ) 
4 242 244 (-72 416 -336 ) (-48 416 -336 ) (-48 384 -336 ) (-72 384 -336 ) 
4 243 244 (-112 416 -336 ) (-88 416 -336 ) (-88 384 -336 ) (-112 384 -336 ) 
4 244 276 (-128 288 -368 ) (-128 416 -368 ) (-32 416 -368 ) (-32 288 -368 ) 
4 244 261 (-128 304 -368 ) (-128 288 -368 ) (-128 288 -336 ) (-128 304 -336 ) 
4 244 259 (-128 352 -368 ) (-128 304 -368 ) (-128 304 -336 ) (-128 352 -336 ) 
4 244 258 (-128 384 -368 ) (-128 352 -368 ) (-128 352 -336 ) (-128 384 -336 ) 
4 244 256 (-128 413 -368 ) (-128 384 -368 ) (-128 384 -336 ) (-128 413 -336 ) 
4 244 249 (-128 288 -336 ) (-128 288 -368 ) (-88 288 -368 ) (-88 288 -336 ) 
4 244 247 (-88 288 -368 ) (-72 288 -368 ) (-72 288 -336 ) (-88 288 -336 ) 
4 244 246 (-72 288 -368 ) (-32 288 -368 ) (-32 288 -336 ) (-72 288 -336 ) 
4 245 246 (-48 256 -336 ) (-72 256 -336 ) (-72 288 -336 ) (-48 288 -336 ) 
4 246 281 (-32 272 -368 ) (-32 256 -368 ) (-72 256 -368 ) (-72 272 -368 ) 
4 246 276 (-72 288 -368 ) (-32 288 -368 ) (-32 272 -368 ) (-72 272 -368 ) 
4 246 250 (-72 256 -368 ) (-32 256 -368 ) (-32 256 -336 ) (-72 256 -336 ) 
4 246 247 (-72 288 -368 ) (-72 256 -368 ) (-72 256 -336 ) (-72 288 -336 ) 
4 247 281 (-72 272 -368 ) (-72 256 -368 ) (-88 256 -368 ) (-88 272 -368 ) 
4 247 276 (-88 288 -368 ) (-72 288 -368 ) (-72 272 -368 ) (-88 272 -368 ) 
4 247 250 (-88 256 -368 ) (-72 256 -368 ) (-72 256 -336 ) (-88 256 -336 ) 
4 247 249 (-88 288 -336 ) (-88 288 -368 ) (-88 256 -368 ) (-88 256 -336 ) 
4 248 249 (-112 288 -336 ) (-88 288 -336 ) (-88 256 -336 ) (-112 256 -336 ) 
4 249 281 (-128 256 -368 ) (-128 272 -368 ) (-88 272 -368 ) (-88 256 -368 ) 
4 249 276 (-128 272 -368 ) (-128 288 -368 ) (-88 288 -368 ) (-88 272 -368 ) 
4 249 262 (-128 272 -368 ) (-128 256 -368 ) (-128 256 -336 ) (-128 272 -336 ) 
4 249 261 (-128 288 -368 ) (-128 272 -368 ) (-128 272 -336 ) (-128 288 -336 ) 
4 249 250 (-128 256 -368 ) (-88 256 -368 ) (-88 256 -336 ) (-128 256 -336 ) 
4 250 283 (-128 160 -368 ) (-128 208 -368 ) (-32 208 -368 ) (-32 160 -368 ) 
4 250 282 (-128 208 -368 ) (-128 240 -368 ) (-32 240 -368 ) (-32 208 -368 ) 
4 250 281 (-128 240 -368 ) (-128 256 -368 ) (-32 256 -368 ) (-32 240 -368 ) 
4 250 265 (-128 208 -368 ) (-128 160 -368 ) (-128 160 -336 ) (-128 208 -336 ) 
4 250 264 (-128 240 -368 ) (-128 208 -368 ) (-128 208 -336 ) (-128 240 -336 ) 
4 250 262 (-128 256 -368 ) (-128 240 -368 ) (-128 240 -336 ) (-128 256 -336 ) 
4 250 255 (-128 160 -336 ) (-128 160 -368 ) (-88 160 -368 ) (-88 160 -336 ) 
4 250 253 (-88 160 -368 ) (-72 160 -368 ) (-72 160 -336 ) (-88 160 -336 ) 
4 250 252 (-72 160 -368 ) (-32 160 -368 ) (-32 160 -336 ) (-72 160 -336 ) 
4 251 252 (-48 128 -336 ) (-72 128 -336 ) (-72 160 -336 ) (-48 160 -336 ) 
4 252 284 (-32 128 -368 ) (-72 128 -368 ) (-72 160 -368 ) (-32 160 -368 ) 
4 252 253 (-72 160 -368 ) (-72 128 -368 ) (-72 128 -336 ) (-72 160 -336 ) 
4 253 284 (-72 128 -368 ) (-88 128 -368 ) (-88 160 -368 ) (-72 160 -368 ) 
4 253 255 (-88 160 -336 ) (-88 160 -368 ) (-88 128 -368 ) (-88 128 -336 ) 
4 254 255 (-112 160 -336 ) (-88 160 -336 ) (-88 128 -336 ) (-112 128 -336 ) 
4 255 284 (-88 128 -368 ) (-128 128 -368 ) (-128 160 -368 ) (-88 160 -368 ) 
4 255 267 (-128 160 -368 ) (-128 128 -368 ) (-128 128 -336 ) (-128 160 -336 ) 
3 256 277 (-256 384 -368 ) (-128 413 -368 ) (-128 384 -368 ) 
4 256 258 (-230 384 -368 ) (-128 384 -368 ) (-128 384 -336 ) (-242 384 -336 ) 
4 256 257 (-256 384 -320 ) (-256 384 -336 ) (-128 384 -336 ) (-128 384 -320 ) 
4 257 259 (-128 352 -336 ) (-128 352 -320 ) (-256 352 -320 ) (-256 352 -336 ) 
4 257 258 (-128 352 -336 ) (-242 352 -336 ) (-242 384 -336 ) (-128 384 -336 ) 
4 258 278 (-230 384 -368 ) (-128 384 -368 ) (-128 352 -368 ) (-230 352 -368 ) 
4 258 259 (-230 352 -368 ) (-128 352 -368 ) (-128 352 -336 ) (-242 352 -336 ) 
4 259 279 (-256 304 -368 ) (-256 352 -368 ) (-128 352 -368 ) (-128 304 -368 ) 
4 259 261 (-230 304 -368 ) (-128 304 -368 ) (-128 304 -336 ) (-242 304 -336 ) 
4 259 260 (-256 304 -320 ) (-256 304 -336 ) (-128 304 -336 ) (-128 304 -320 ) 
4 260 262 (-256 272 -320 ) (-256 272 -336 ) (-128 272 -336 ) (-128 272 -320 ) 
4 260 261 (-242 304 -336 ) (-128 304 -336 ) (-128 272 -336 ) (-242 272 -336 ) 
4 261 280 (-230 304 -368 ) (-128 304 -368 ) (-128 272 -368 ) (-230 272 -368 ) 
4 261 262 (-230 272 -368 ) (-128 272 -368 ) (-128 272 -336 ) (-242 272 -336 ) 
4 262 281 (-256 240 -368 ) (-256 272 -368 ) (-128 272 -368 ) (-128 240 -368 ) 
4 262 264 (-230 240 -368 ) (-128 240 -368 ) (-128 240 -336 ) (-242 240 -336 ) 
4 262 263 (-256 240 -320 ) (-256 240 -336 ) (-128 240 -336 ) (-128 240 -320 ) 
4 263 265 (-128 208 -336 ) (-128 208 -320 ) (-256 208 -320 ) (-256 208 -336 ) 
4 263 264 (-128 208 -336 ) (-242 208 -336 ) (-242 240 -336 ) (-128 240 -336 ) 
4 264 282 (-230 240 -368 ) (-128 240 -368 ) (-128 208 -368 ) (-230 208 -368 ) 
4 264 265 (-230 208 -368 ) (-128 208 -368 ) (-128 208 -336 ) (-242 208 -336 ) 
4 265 283 (-256 160 -368 ) (-256 208 -368 ) (-128 208 -368 ) (-128 160 -368 ) 
4 265 267 (-230 160 -368 ) (-128 160 -368 ) (-128 160 -336 ) (-242 160 -336 ) 
4 265 266 (-256 160 -320 ) (-256 160 -336 ) (-128 160 -336 ) (-128 160 -320 ) 
4 266 267 (-128 128 -336 ) (-242 128 -336 ) (-242 160 -336 ) (-128 160 -336 ) 
4 267 284 (-128 128 -368 ) (-230 128 -368 ) (-230 160 -368 ) (-128 160 -368 ) 
4 268 276 (-32 384 -368 ) (-32 413 -368 ) (-32 413 -384 ) (-32 384 -384 ) 
4 268 269 (-32 384 -384 ) (96 384 -384 ) (96 384 -368 ) (-32 384 -368 ) 
4 269 276 (-32 352 -368 ) (-32 384 -368 ) (-32 384 -384 ) (-32 352 -384 ) 
4 269 270 (-32 352 -368 ) (-32 352 -384 ) (96 352 -384 ) (102 352 -368 ) 
4 270 276 (-32 304 -368 ) (-32 352 -368 ) (-32 352 -384 ) (-32 304 -384 ) 
4 270 271 (-32 304 -384 ) (96 304 -384 ) (102 304 -368 ) (-32 304 -368 ) 
4 271 276 (-32 272 -368 ) (-32 304 -368 ) (-32 304 -384 ) (-32 272 -384 ) 
4 271 272 (-32 272 -384 ) (96 272 -384 ) (102 272 -368 ) (-32 272 -368 ) 
4 272 281 (-32 240 -368 ) (-32 272 -368 ) (-32 272 -384 ) (-32 240 -384 ) 
4 272 273 (-32 240 -384 ) (96 240 -384 ) (102 240 -368 ) (-32 240 -368 ) 
4 273 282 (-32 208 -368 ) (-32 240 -368 ) (-32 240 -384 ) (-32 208 -384 ) 
4 273 274 (-32 208 -368 ) (-32 208 -384 ) (96 208 -384 ) (102 208 -368 ) 
4 274 283 (-32 160 -368 ) (-32 208 -368 ) (-32 208 -384 ) (-32 160 -384 ) 
4 274 275 (-32 160 -384 ) (96 160 -384 ) (102 160 -368 ) (-32 160 -368 ) 
4 275 284 (-32 128 -368 ) (-32 160 -368 ) (-32 160 -384 ) (-32 128 -384 ) 
4 276 281 (-128 272 -384 ) (-32 272 -384 ) (-32 272 -368 ) (-128 272 -368 ) 
4 276 280 (-128 272 -368 ) (-128 304 -368 ) (-128 304 -384 ) (-128 272 -384 ) 
4 276 279 (-128 304 -368 ) (-128 352 -368 ) (-128 352 -384 ) (-128 304 -384 ) 
4 276 278 (-128 352 -368 ) (-128 384 -368 ) (-128 384 -384 ) (-128 352 -384 ) 
4 276 277 (-128 384 -368 ) (-128 413 -368 ) (-128 413 -384 ) (-128 384 -384 ) 
4 277 278 (-128 384 -384 ) (-128 384 -368 ) (-230 384 -368 ) (-224 384 -384 ) 
4 278 279 (-224 352 -384 ) (-128 352 -384 ) (-128 352 -368 ) (-230 352 -368 ) 
4 279 280 (-128 304 -384 ) (-128 304 -368 ) (-230 304 -368 ) (-224 304 -384 ) 
4 280 281 (-224 272 -384 ) (-128 272 -384 ) (-128 272 -368 ) (-230 272 -368 ) 
4 281 282 (-224 240 -384 ) (-32 240 -384 ) (-32 240 -368 ) (-230 240 -368 ) 
4 282 283 (-32 208 -368 ) (-230 208 -368 ) (-224 208 -384 ) (-32 208 -384 ) 
4 283 284 (-224 160 -384 ) (-32 160 -384 ) (-32 160 -368 ) (-230 160 -368 ) 
4 285 287 (400 96 -312 ) (416 96 -312 ) (416 32 -312 ) (400 32 -312 ) 
4 285 286 (336 96 -312 ) (336 128 -312 ) (416 128 -312 ) (416 96 -312 ) 
4 285 288 (416 32 -312 ) (416 32 -192 ) (336 32 -192 ) (336 32 -312 ) 
4 285 289 (336 32 -312 ) (336 32 -192 ) (336 128 -192 ) (336 128 -312 ) 
4 286 287 (400 96 -320 ) (416 96 -320 ) (416 96 -312 ) (400 96 -312 ) 
4 286 289 (336 128 -320 ) (336 96 -320 ) (336 96 -312 ) (336 128 -312 ) 
4 287 288 (400 32 -320 ) (416 32 -320 ) (416 32 -312 ) (400 32 -312 ) 
4 288 300 (336 -64 -320 ) (416 -64 -320 ) (416 -64 -192 ) (336 -64 -192 ) 
4 288 297 (360 -64 -320 ) (336 -64 -320 ) (336 -32 -320 ) (360 -32 -320 ) 
4 288 295 (400 -64 -320 ) (376 -64 -320 ) (376 -32 -320 ) (400 -32 -320 ) 
4 288 289 (336 32 -320 ) (336 -64 -320 ) (336 -64 -192 ) (336 32 -192 ) 
4 289 300 (320 -64 -320 ) (336 -64 -320 ) (336 -64 -192 ) (320 -64 -192 ) 
4 289 290 (320 -32 -320 ) (320 -64 -320 ) (320 -64 -192 ) (320 -32 -192 ) 
4 290 301 (192 -64 -320 ) (320 -64 -320 ) (320 -64 -192 ) (192 -64 -192 ) 
4 290 299 (320 -32 -320 ) (320 -64 -320 ) (192 -64 -320 ) (192 -32 -320 ) 
4 290 292 (192 -32 -320 ) (192 -64 -320 ) (192 -64 -192 ) (192 -32 -192 ) 
4 291 292 (128 -32 -320 ) (192 -32 -320 ) (192 -32 -256 ) (128 -32 -256 ) 
4 292 301 (128 -64 -320 ) (192 -64 -320 ) (192 -64 -192 ) (128 -64 -192 ) 
4 292 299 (192 -32 -320 ) (192 -64 -320 ) (128 -64 -320 ) (128 -32 -320 ) 
4 292 294 (128 -32 -320 ) (128 -64 -320 ) (128 -64 -192 ) (128 -32 -192 ) 
4 293 332 (96 128 -192 ) (96 128 -320 ) (96 32 -320 ) (96 32 -192 ) 
4 294 301 (96 -64 -192 ) (96 -64 -320 ) (128 -64 -320 ) (128 -64 -192 ) 
4 294 299 (96 -64 -320 ) (96 -32 -320 ) (128 -32 -320 ) (128 -64 -320 ) 
4 295 296 (376 -32 -336 ) (400 -32 -336 ) (400 -64 -336 ) (376 -64 -336 ) 
4 296 421 (416 -32 -384 ) (416 -64 -384 ) (360 -64 -384 ) (360 -32 -384 ) 
4 296 298 (360 -32 -336 ) (360 -32 -384 ) (360 -64 -384 ) (360 -64 -336 ) 
4 297 298 (336 -32 -336 ) (360 -32 -336 ) (360 -64 -336 ) (336 -64 -336 ) 
4 298 421 (360 -64 -384 ) (320 -64 -384 ) (320 -32 -384 ) (360 -32 -384 ) 
4 298 299 (320 -32 -384 ) (320 -64 -384 ) (320 -64 -336 ) (320 -32 -336 ) 
4 299 421 (320 -64 -384 ) (96 -64 -384 ) (96 -32 -384 ) (320 -32 -384 ) 
4 299 301 (96 -64 -320 ) (96 -64 -384 ) (320 -64 -384 ) (320 -64 -320 ) 
4 300 307 (336 -160 -192 ) (320 -160 -192 ) (320 -160 -320 ) (336 -160 -320 ) 
4 300 306 (360 -160 -192 ) (336 -160 -192 ) (336 -160 -320 ) (360 -160 -320 ) 
4 300 304 (376 -160 -192 ) (360 -160 -192 ) (360 -160 -320 ) (376 -160 -320 ) 
4 300 302 (416 -160 -320 ) (416 -160 -192 ) (400 -160 -192 ) (400 -160 -320 ) 
4 300 303 (400 -160 -192 ) (376 -160 -192 ) (376 -160 -320 ) (400 -160 -320 ) 
4 300 301 (320 -64 -192 ) (320 -64 -320 ) (320 -160 -320 ) (320 -160 -192 ) 
4 301 426 (320 -160 -384 ) (96 -160 -384 ) (96 -64 -384 ) (320 -64 -384 ) 
4 301 326 (96 -160 -384 ) (128 -160 -384 ) (128 -160 -320 ) (96 -160 -320 ) 
4 301 325 (128 -160 -384 ) (224 -160 -384 ) (224 -160 -320 ) (128 -160 -320 ) 
4 301 324 (224 -160 -320 ) (224 -160 -192 ) (96 -160 -192 ) (96 -160 -320 ) 
4 301 310 (224 -160 -384 ) (320 -160 -384 ) (320 -160 -192 ) (224 -160 -192 ) 
4 302 309 (416 -192 -320 ) (416 -192 -192 ) (400 -192 -192 ) (400 -192 -320 ) 
4 302 303 (400 -192 -320 ) (400 -192 -192 ) (400 -160 -192 ) (400 -160 -320 ) 
4 303 309 (400 -192 -192 ) (376 -192 -192 ) (376 -192 -320 ) (400 -192 -320 ) 
4 303 304 (376 -160 -192 ) (376 -160 -320 ) (376 -192 -320 ) (376 -192 -192 ) 
4 303 305 (400 -192 -336 ) (376 -192 -336 ) (376 -160 -336 ) (400 -160 -336 ) 
4 304 309 (376 -192 -192 ) (360 -192 -192 ) (360 -192 -320 ) (376 -192 -320 ) 
4 304 306 (360 -160 -192 ) (360 -160 -320 ) (360 -192 -320 ) (360 -192 -192 ) 
4 305 423 (416 -160 -384 ) (416 -192 -384 ) (360 -192 -384 ) (360 -160 -384 ) 
4 305 308 (360 -160 -336 ) (360 -160 -384 ) (360 -192 -384 ) (360 -192 -336 ) 
4 306 309 (360 -192 -320 ) (360 -192 -192 ) (336 -192 -192 ) (336 -192 -320 ) 
4 306 307 (336 -160 -192 ) (336 -160 -320 ) (336 -192 -320 ) (336 -192 -192 ) 
4 306 308 (336 -160 -336 ) (360 -160 -336 ) (360 -192 -336 ) (336 -192 -336 ) 
4 307 310 (320 -160 -192 ) (320 -160 -320 ) (320 -192 -320 ) (320 -192 -192 ) 
4 307 309 (336 -192 -192 ) (320 -192 -192 ) (320 -192 -320 ) (336 -192 -320 ) 
4 308 423 (360 -192 -384 ) (320 -192 -384 ) (320 -160 -384 ) (360 -160 -384 ) 
4 308 310 (320 -160 -336 ) (320 -160 -384 ) (320 -192 -384 ) (320 -192 -336 ) 
4 309 315 (320 -288 -320 ) (320 -288 -192 ) (320 -272 -192 ) (320 -272 -320 ) 
4 309 314 (320 -272 -192 ) (320 -248 -192 ) (320 -248 -320 ) (320 -272 -320 ) 
4 309 313 (320 -248 -192 ) (320 -232 -192 ) (320 -232 -320 ) (320 -248 -320 ) 
4 309 311 (320 -208 -192 ) (320 -192 -192 ) (320 -192 -320 ) (320 -208 -320 ) 
4 309 312 (320 -232 -192 ) (320 -208 -192 ) (320 -208 -320 ) (320 -232 -320 ) 
4 309 323 (416 -288 -320 ) (416 -288 -192 ) (320 -288 -192 ) (320 -288 -320 ) 
4 310 426 (224 -192 -384 ) (224 -160 -384 ) (320 -160 -384 ) (320 -192 -384 ) 
4 310 325 (224 -160 -320 ) (224 -160 -384 ) (224 -192 -384 ) (224 -192 -320 ) 
4 310 324 (224 -160 -192 ) (224 -160 -320 ) (224 -192 -320 ) (224 -192 -192 ) 
4 310 317 (256 -192 -192 ) (224 -192 -192 ) (224 -192 -320 ) (256 -192 -320 ) 
4 310 316 (288 -192 -192 ) (256 -192 -192 ) (256 -192 -320 ) (288 -192 -320 ) 
4 310 311 (320 -192 -320 ) (320 -192 -192 ) (288 -192 -192 ) (288 -192 -320 ) 
4 310 322 (224 -192 -384 ) (320 -192 -384 ) (320 -192 -336 ) (224 -192 -336 ) 
4 311 316 (288 -192 -192 ) (288 -192 -320 ) (288 -208 -320 ) (288 -208 -192 ) 
4 311 312 (320 -208 -320 ) (320 -208 -192 ) (288 -208 -192 ) (288 -208 -320 ) 
4 312 316 (288 -232 -320 ) (288 -232 -192 ) (288 -208 -192 ) (288 -208 -320 ) 
4 312 313 (288 -232 -192 ) (288 -232 -320 ) (320 -232 -320 ) (320 -232 -192 ) 
4 312 322 (288 -232 -336 ) (288 -208 -336 ) (320 -208 -336 ) (320 -232 -336 ) 
4 313 316 (288 -248 -320 ) (288 -248 -192 ) (288 -232 -192 ) (288 -232 -320 ) 
4 313 314 (320 -248 -320 ) (320 -248 -192 ) (288 -248 -192 ) (288 -248 -320 ) 
4 314 316 (288 -272 -320 ) (288 -272 -192 ) (288 -248 -192 ) (288 -248 -320 ) 
4 314 315 (288 -272 -192 ) (288 -272 -320 ) (320 -272 -320 ) (320 -272 -192 ) 
4 314 322 (288 -272 -336 ) (288 -248 -336 ) (320 -248 -336 ) (320 -272 -336 ) 
4 315 316 (288 -288 -320 ) (288 -288 -192 ) (288 -272 -192 ) (288 -272 -320 ) 
4 315 323 (320 -288 -320 ) (320 -288 -192 ) (288 -288 -192 ) (288 -288 -320 ) 
4 316 321 (256 -288 -320 ) (256 -288 -192 ) (256 -272 -192 ) (256 -272 -320 ) 
4 316 319 (256 -248 -192 ) (256 -232 -192 ) (256 -232 -320 ) (256 -248 -320 ) 
4 316 320 (256 -272 -192 ) (256 -248 -192 ) (256 -248 -320 ) (256 -272 -320 ) 
4 316 317 (256 -208 -192 ) (256 -192 -192 ) (256 -192 -320 ) (256 -208 -320 ) 
4 316 318 (256 -232 -192 ) (256 -208 -192 ) (256 -208 -320 ) (256 -232 -320 ) 
4 316 323 (288 -288 -192 ) (256 -288 -192 ) (256 -288 -320 ) (288 -288 -320 ) 
4 317 324 (224 -208 -192 ) (224 -192 -192 ) (224 -192 -320 ) (224 -208 -320 ) 
4 317 318 (224 -208 -192 ) (224 -208 -320 ) (256 -208 -320 ) (256 -208 -192 ) 
4 318 324 (224 -232 -192 ) (224 -208 -192 ) (224 -208 -320 ) (224 -232 -320 ) 
4 318 319 (256 -232 -320 ) (256 -232 -192 ) (224 -232 -192 ) (224 -232 -320 ) 
4 318 322 (224 -232 -336 ) (224 -208 -336 ) (256 -208 -336 ) (256 -232 -336 ) 
4 319 324 (224 -248 -192 ) (224 -232 -192 ) (224 -232 -320 ) (224 -248 -320 ) 
4 319 320 (256 -248 -320 ) (256 -248 -192 ) (224 -248 -192 ) (224 -248 -320 ) 
4 320 324 (224 -272 -192 ) (224 -248 -192 ) (224 -248 -320 ) (224 -272 -320 ) 
4 320 321 (224 -272 -192 ) (224 -272 -320 ) (256 -272 -320 ) (256 -272 -192 ) 
4 320 322 (224 -272 -336 ) (224 -248 -336 ) (256 -248 -336 ) (256 -272 -336 ) 
4 321 324 (224 -288 -320 ) (224 -288 -192 ) (224 -272 -192 ) (224 -272 -320 ) 
4 321 323 (256 -288 -192 ) (224 -288 -192 ) (224 -288 -320 ) (256 -288 -320 ) 
4 322 427 (320 -288 -384 ) (224 -288 -384 ) (224 -192 -384 ) (320 -192 -384 ) 
4 322 323 (224 -288 -384 ) (320 -288 -384 ) (320 -288 -336 ) (224 -288 -336 ) 
4 323 427 (320 -384 -384 ) (224 -384 -384 ) (224 -288 -384 ) (320 -288 -384 ) 
4 323 425 (416 -288 -384 ) (416 -384 -384 ) (320 -384 -384 ) (320 -288 -384 ) 
4 323 337 (256 -384 -320 ) (320 -384 -320 ) (320 -384 -256 ) (256 -384 -256 ) 
4 323 331 (224 -288 -384 ) (224 -384 -384 ) (224 -384 -192 ) (224 -288 -192 ) 
4 324 333 (96 -288 -320 ) (96 -288 -192 ) (96 -192 -192 ) (96 -192 -320 ) 
4 324 329 (96 -272 -320 ) (96 -248 -320 ) (128 -248 -320 ) (128 -272 -320 ) 
4 324 327 (96 -232 -320 ) (96 -208 -320 ) (128 -208 -320 ) (128 -232 -320 ) 
4 324 326 (96 -192 -320 ) (96 -160 -320 ) (128 -160 -320 ) (128 -192 -320 ) 
4 324 325 (128 -160 -320 ) (224 -160 -320 ) (224 -192 -320 ) (128 -192 -320 ) 
4 324 331 (224 -288 -320 ) (224 -288 -192 ) (96 -288 -192 ) (96 -288 -320 ) 
4 325 426 (128 -160 -384 ) (224 -160 -384 ) (224 -192 -384 ) (128 -192 -384 ) 
4 325 326 (128 -160 -320 ) (128 -160 -384 ) (128 -192 -384 ) (128 -192 -320 ) 
4 326 426 (96 -192 -384 ) (96 -160 -384 ) (128 -160 -384 ) (128 -192 -384 ) 
4 326 328 (96 -192 -336 ) (96 -192 -384 ) (128 -192 -384 ) (128 -192 -336 ) 
4 327 328 (128 -232 -336 ) (96 -232 -336 ) (96 -208 -336 ) (128 -208 -336 ) 
4 328 428 (96 -232 -384 ) (96 -192 -384 ) (128 -192 -384 ) (128 -232 -384 ) 
4 328 330 (128 -232 -384 ) (128 -232 -336 ) (96 -232 -336 ) (96 -232 -384 ) 
4 329 330 (96 -272 -336 ) (96 -248 -336 ) (128 -248 -336 ) (128 -272 -336 ) 
4 330 428 (96 -288 -384 ) (96 -232 -384 ) (128 -232 -384 ) (128 -288 -384 ) 
4 330 331 (96 -288 -384 ) (128 -288 -384 ) (128 -288 -336 ) (96 -288 -336 ) 
4 331 429 (224 -384 -384 ) (96 -384 -384 ) (96 -288 -384 ) (224 -288 -384 ) 
4 332 334 (-96 32 -320 ) (0 32 -320 ) (0 32 -192 ) (-96 32 -192 ) 
4 333 334 (0 -288 -320 ) (0 -288 -192 ) (0 -192 -192 ) (0 -192 -320 ) 
4 334 336 (-64 -288 -240 ) (-64 -288 -264 ) (-32 -288 -264 ) (-32 -288 -240 ) 
4 334 335 (-96 -192 -320 ) (-96 -288 -320 ) (-96 -288 -192 ) (-96 -192 -192 ) 
4 338 343 (848 -736 -128 ) (832 -736 -128 ) (832 -736 -256 ) (848 -736 -256 ) 
4 338 342 (864 -736 -256 ) (864 -736 -128 ) (848 -736 -128 ) (848 -736 -256 ) 
4 338 339 (832 -736 -240 ) (832 -736 -128 ) (832 -704 -128 ) (832 -704 -240 ) 
4 339 343 (832 -736 -240 ) (832 -736 -128 ) (736 -736 -128 ) (736 -736 -240 ) 
4 339 340 (736 -704 -128 ) (736 -704 -240 ) (736 -736 -240 ) (736 -736 -128 ) 
4 340 343 (704 -736 -128 ) (704 -736 -256 ) (736 -736 -256 ) (736 -736 -128 ) 
4 341 345 (704 -960 -128 ) (704 -928 -128 ) (720 -928 -128 ) (720 -960 -128 ) 
4 341 343 (704 -928 -128 ) (704 -736 -128 ) (848 -736 -128 ) (848 -928 -128 ) 
4 341 342 (848 -736 -128 ) (864 -736 -128 ) (864 -960 -128 ) (848 -960 -128 ) 
4 342 343 (848 -928 -128 ) (848 -736 -128 ) (848 -736 -256 ) (848 -928 -256 ) 
4 343 345 (704 -928 -128 ) (704 -928 -256 ) (720 -928 -256 ) (720 -928 -128 ) 
4 343 344 (752 -928 -256 ) (816 -928 -256 ) (816 -928 -160 ) (752 -928 -160 ) 
4 344 346 (816 -960 -160 ) (752 -960 -160 ) (752 -960 -256 ) (816 -960 -256 ) 
4 347 351 (512 -896 0 ) (512 -896 96 ) (512 -832 96 ) (512 -832 0 ) 
4 348 352 (384 -736 128 ) (288 -736 128 ) (288 -736 0 ) (384 -736 0 ) 
4 349 413 (384 -736 -128 ) (384 -736 -32 ) (288 -736 -32 ) (288 -736 -128 ) 
4 350 352 (480 -736 0 ) (480 -800 0 ) (480 -800 128 ) (480 -736 128 ) 
4 351 352 (480 -832 0 ) (480 -896 0 ) (480 -896 96 ) (480 -832 96 ) 
4 352 357 (192 -864 72 ) (192 -864 48 ) (192 -896 48 ) (192 -896 72 ) 
4 352 354 (384 -896 0 ) (320 -896 0 ) (320 -832 0 ) (384 -832 0 ) 
4 352 353 (480 -928 128 ) (192 -928 128 ) (192 -928 0 ) (480 -928 0 ) 
4 353 356 (384 -1056 128 ) (288 -1056 128 ) (288 -1056 0 ) (384 -1056 0 ) 
4 355 410 (384 -896 -16 ) (320 -896 -16 ) (320 -832 -16 ) (384 -832 -16 ) 
4 356 408 (384 -1088 128 ) (288 -1088 128 ) (288 -1088 0 ) (384 -1088 0 ) 
4 358 375 (144 -776 96 ) (144 -800 96 ) (144 -800 128 ) (144 -776 128 ) 
4 358 374 (144 -768 96 ) (144 -776 96 ) (144 -776 128 ) (144 -768 128 ) 
4 358 373 (144 -736 128 ) (144 -736 96 ) (144 -768 96 ) (144 -768 128 ) 
4 358 361 (160 -800 96 ) (160 -800 128 ) (144 -800 128 ) (144 -800 96 ) 
4 358 359 (144 -768 96 ) (144 -736 96 ) (160 -736 96 ) (160 -768 96 ) 
4 359 373 (144 -736 96 ) (144 -736 64 ) (144 -768 64 ) (144 -768 96 ) 
4 359 360 (144 -768 64 ) (144 -736 64 ) (160 -736 64 ) (160 -768 64 ) 
4 360 410 (144 -736 -16 ) (160 -736 -16 ) (160 -800 -16 ) (144 -800 -16 ) 
4 360 380 (144 -736 64 ) (144 -736 -16 ) (144 -800 -16 ) (144 -800 64 ) 
4 360 364 (144 -800 -16 ) (160 -800 -16 ) (160 -800 64 ) (144 -800 64 ) 
4 361 376 (144 -800 88 ) (144 -800 72 ) (144 -832 72 ) (144 -832 88 ) 
4 361 375 (144 -832 128 ) (144 -800 128 ) (144 -800 88 ) (144 -832 88 ) 
4 361 377 (144 -800 72 ) (144 -800 64 ) (144 -832 64 ) (144 -832 72 ) 
4 361 362 (144 -832 128 ) (144 -832 96 ) (160 -832 96 ) (160 -832 128 ) 
4 361 364 (144 -832 64 ) (144 -800 64 ) (160 -800 64 ) (160 -832 64 ) 
4 362 382 (144 -864 128 ) (144 -840 128 ) (144 -840 96 ) (144 -864 96 ) 
4 362 381 (144 -840 128 ) (144 -832 128 ) (144 -832 96 ) (144 -840 96 ) 
4 362 363 (160 -864 96 ) (160 -864 128 ) (144 -864 128 ) (144 -864 96 ) 
4 363 383 (144 -896 72 ) (144 -896 88 ) (144 -864 88 ) (144 -864 72 ) 
4 363 382 (144 -896 88 ) (144 -896 128 ) (144 -864 128 ) (144 -864 88 ) 
4 363 384 (144 -896 64 ) (144 -896 72 ) (144 -864 72 ) (144 -864 64 ) 
4 363 365 (144 -896 128 ) (144 -896 96 ) (160 -896 96 ) (160 -896 128 ) 
4 363 364 (160 -896 64 ) (144 -896 64 ) (144 -864 64 ) (160 -864 64 ) 
4 364 410 (160 -800 -16 ) (160 -896 -16 ) (144 -896 -16 ) (144 -800 -16 ) 
4 364 392 (144 -832 -16 ) (144 -896 -16 ) (144 -896 64 ) (144 -832 64 ) 
4 364 380 (144 -800 -16 ) (144 -832 -16 ) (144 -832 64 ) (144 -800 64 ) 
4 364 368 (144 -896 64 ) (144 -896 -16 ) (160 -896 -16 ) (160 -896 64 ) 
4 365 393 (144 -960 128 ) (144 -928 128 ) (144 -928 96 ) (144 -960 96 ) 
4 365 388 (144 -928 128 ) (144 -904 128 ) (144 -904 96 ) (144 -928 96 ) 
4 365 387 (144 -904 128 ) (144 -896 128 ) (144 -896 96 ) (144 -904 96 ) 
4 365 367 (160 -960 96 ) (160 -960 128 ) (144 -960 128 ) (144 -960 96 ) 
4 365 366 (144 -960 96 ) (144 -928 96 ) (160 -928 96 ) (160 -960 96 ) 
4 366 393 (144 -960 72 ) (144 -960 96 ) (144 -928 96 ) (144 -928 72 ) 
4 366 396 (144 -928 64 ) (144 -960 64 ) (144 -960 72 ) (144 -928 72 ) 
4 366 368 (144 -960 64 ) (144 -928 64 ) (160 -928 64 ) (160 -960 64 ) 
4 367 394 (144 -984 128 ) (144 -968 128 ) (144 -968 96 ) (144 -984 96 ) 
4 367 395 (144 -992 96 ) (144 -992 128 ) (144 -984 128 ) (144 -984 96 ) 
4 367 393 (144 -968 128 ) (144 -960 128 ) (144 -960 96 ) (144 -968 96 ) 
4 367 369 (160 -992 96 ) (160 -992 128 ) (144 -992 128 ) (144 -992 96 ) 
4 368 410 (160 -896 -16 ) (160 -992 -16 ) (144 -992 -16 ) (144 -896 -16 ) 
4 368 400 (144 -928 -16 ) (144 -992 -16 ) (144 -992 64 ) (144 -928 64 ) 
4 368 392 (144 -896 -16 ) (144 -928 -16 ) (144 -928 64 ) (144 -896 64 ) 
4 368 372 (144 -992 -16 ) (160 -992 -16 ) (160 -992 64 ) (144 -992 64 ) 
4 369 399 (144 -1024 128 ) (144 -992 128 ) (144 -992 64 ) (144 -1024 64 ) 
4 369 370 (160 -1024 96 ) (160 -1024 128 ) (144 -1024 128 ) (144 -1024 96 ) 
4 369 372 (144 -1024 64 ) (144 -992 64 ) (160 -992 64 ) (160 -1024 64 ) 
4 370 402 (144 -1048 128 ) (144 -1032 128 ) (144 -1032 96 ) (144 -1048 96 ) 
4 370 403 (144 -1056 128 ) (144 -1048 128 ) (144 -1048 96 ) (144 -1056 96 ) 
4 370 401 (144 -1032 128 ) (144 -1024 128 ) (144 -1024 96 ) (144 -1032 96 ) 
4 370 371 (144 -1056 128 ) (144 -1056 96 ) (160 -1056 96 ) (160 -1056 128 ) 
4 371 408 (160 -1088 64 ) (160 -1088 128 ) (144 -1088 128 ) (144 -1088 64 ) 
4 371 403 (144 -1088 72 ) (144 -1088 128 ) (144 -1056 128 ) (144 -1056 72 ) 
4 371 404 (144 -1088 64 ) (144 -1088 72 ) (144 -1056 72 ) (144 -1056 64 ) 
4 371 372 (144 -1088 64 ) (144 -1056 64 ) (160 -1056 64 ) (160 -1088 64 ) 
4 372 412 (160 -1056 -16 ) (160 -1088 -16 ) (144 -1088 -16 ) (144 -1056 -16 ) 
4 372 410 (160 -992 -16 ) (160 -1056 -16 ) (144 -1056 -16 ) (144 -992 -16 ) 
4 372 408 (144 -1088 -16 ) (160 -1088 -16 ) (160 -1088 64 ) (144 -1088 64 ) 
4 372 407 (144 -1024 -16 ) (144 -1088 -16 ) (144 -1088 64 ) (144 -1024 64 ) 
4 372 400 (144 -992 -16 ) (144 -1024 -16 ) (144 -1024 64 ) (144 -992 64 ) 
4 373 378 (64 -768 128 ) (64 -768 96 ) (80 -768 96 ) (80 -768 128 ) 
4 373 374 (144 -768 72 ) (144 -768 128 ) (80 -768 128 ) (80 -768 72 ) 
4 373 377 (80 -768 64 ) (144 -768 64 ) (144 -768 72 ) (80 -768 72 ) 
4 373 380 (64 -768 64 ) (64 -736 64 ) (144 -736 64 ) (144 -768 64 ) 
4 374 378 (80 -776 128 ) (80 -768 128 ) (80 -768 96 ) (80 -776 96 ) 
4 374 375 (80 -776 128 ) (80 -776 88 ) (144 -776 88 ) (144 -776 128 ) 
4 374 377 (80 -776 72 ) (80 -768 72 ) (144 -768 72 ) (144 -776 72 ) 
4 375 381 (144 -832 88 ) (144 -832 128 ) (80 -832 128 ) (80 -832 88 ) 
4 375 379 (80 -832 88 ) (80 -832 96 ) (80 -800 96 ) (80 -800 88 ) 
4 375 378 (80 -832 96 ) (80 -832 128 ) (80 -776 128 ) (80 -776 96 ) 
4 375 376 (144 -832 88 ) (80 -832 88 ) (80 -792 88 ) (144 -792 88 ) 
4 376 381 (144 -832 72 ) (144 -832 88 ) (80 -832 88 ) (80 -832 72 ) 
4 376 379 (80 -832 72 ) (80 -832 88 ) (80 -800 88 ) (80 -800 72 ) 
4 376 377 (144 -832 72 ) (80 -832 72 ) (80 -792 72 ) (144 -792 72 ) 
4 377 384 (80 -832 64 ) (144 -832 64 ) (144 -832 72 ) (80 -832 72 ) 
4 377 379 (80 -800 64 ) (80 -832 64 ) (80 -832 72 ) (80 -800 72 ) 
4 377 380 (80 -768 64 ) (144 -768 64 ) (144 -832 64 ) (80 -832 64 ) 
4 378 385 (64 -832 128 ) (64 -832 96 ) (80 -832 96 ) (80 -832 128 ) 
4 378 379 (80 -800 96 ) (80 -832 96 ) (64 -832 96 ) (64 -800 96 ) 
4 379 380 (64 -832 64 ) (64 -800 64 ) (80 -800 64 ) (80 -832 64 ) 
4 380 410 (64 -736 -16 ) (144 -736 -16 ) (144 -832 -16 ) (64 -832 -16 ) 
4 380 392 (64 -832 64 ) (64 -832 -16 ) (144 -832 -16 ) (144 -832 64 ) 
4 381 385 (80 -832 128 ) (80 -832 96 ) (80 -840 96 ) (80 -840 128 ) 
4 381 382 (80 -840 128 ) (80 -840 88 ) (144 -840 88 ) (144 -840 128 ) 
4 381 384 (80 -840 72 ) (80 -832 72 ) (144 -832 72 ) (144 -840 72 ) 
4 382 387 (144 -896 88 ) (144 -896 128 ) (80 -896 128 ) (80 -896 88 ) 
4 382 386 (80 -896 88 ) (80 -896 96 ) (80 -864 96 ) (80 -864 88 ) 
4 382 385 (80 -896 96 ) (80 -896 128 ) (80 -840 128 ) (80 -840 96 ) 
4 382 383 (144 -896 88 ) (80 -896 88 ) (80 -856 88 ) (144 -856 88 ) 
4 383 387 (144 -896 72 ) (144 -896 88 ) (80 -896 88 ) (80 -896 72 ) 
4 383 386 (80 -864 72 ) (80 -896 72 ) (80 -896 88 ) (80 -864 88 ) 
4 383 384 (144 -896 72 ) (80 -896 72 ) (80 -856 72 ) (144 -856 72 ) 
4 384 390 (80 -896 64 ) (144 -896 64 ) (144 -896 72 ) (80 -896 72 ) 
4 384 386 (80 -864 64 ) (80 -896 64 ) (80 -896 72 ) (80 -864 72 ) 
4 384 392 (80 -832 64 ) (144 -832 64 ) (144 -896 64 ) (80 -896 64 ) 
4 385 391 (64 -896 128 ) (64 -896 96 ) (80 -896 96 ) (80 -896 128 ) 
4 385 386 (80 -864 96 ) (80 -896 96 ) (64 -896 96 ) (64 -864 96 ) 
4 386 392 (64 -896 64 ) (64 -864 64 ) (80 -864 64 ) (80 -896 64 ) 
4 387 391 (80 -896 128 ) (80 -896 96 ) (80 -904 96 ) (80 -904 128 ) 
4 387 388 (80 -904 128 ) (80 -904 88 ) (144 -904 88 ) (144 -904 128 ) 
4 387 390 (80 -896 72 ) (144 -896 72 ) (144 -904 72 ) (80 -904 72 ) 
4 388 393 (144 -928 88 ) (144 -928 128 ) (80 -928 128 ) (80 -928 88 ) 
4 388 391 (80 -928 96 ) (80 -928 128 ) (80 -904 128 ) (80 -904 96 ) 
4 388 389 (144 -920 88 ) (144 -928 88 ) (80 -928 88 ) (80 -920 88 ) 
4 389 393 (144 -928 72 ) (144 -928 88 ) (80 -928 88 ) (80 -928 72 ) 
4 389 390 (144 -920 72 ) (144 -928 72 ) (80 -928 72 ) (80 -920 72 ) 
4 390 396 (144 -928 64 ) (144 -928 72 ) (80 -928 72 ) (80 -928 64 ) 
4 390 392 (144 -928 64 ) (80 -928 64 ) (80 -896 64 ) (144 -896 64 ) 
4 391 397 (80 -928 128 ) (64 -928 128 ) (64 -928 96 ) (80 -928 96 ) 
4 392 410 (144 -832 -16 ) (144 -928 -16 ) (64 -928 -16 ) (64 -832 -16 ) 
4 392 400 (64 -928 -16 ) (144 -928 -16 ) (144 -928 64 ) (64 -928 64 ) 
4 393 398 (80 -928 96 ) (80 -928 72 ) (80 -960 72 ) (80 -960 96 ) 
4 393 397 (80 -968 128 ) (80 -928 128 ) (80 -928 96 ) (80 -968 96 ) 
4 393 394 (80 -968 128 ) (80 -968 88 ) (144 -968 88 ) (144 -968 128 ) 
4 393 396 (80 -968 72 ) (80 -928 72 ) (144 -928 72 ) (144 -968 72 ) 
4 394 397 (80 -984 128 ) (80 -968 128 ) (80 -968 96 ) (80 -984 96 ) 
4 394 395 (144 -984 88 ) (144 -984 128 ) (80 -984 128 ) (80 -984 88 ) 
4 395 397 (80 -992 96 ) (80 -992 128 ) (80 -984 128 ) (80 -984 96 ) 
4 395 399 (144 -992 72 ) (144 -992 128 ) (80 -992 128 ) (80 -992 72 ) 
4 395 396 (144 -992 72 ) (80 -992 72 ) (80 -984 72 ) (144 -984 72 ) 
4 396 398 (80 -928 64 ) (80 -960 64 ) (80 -960 72 ) (80 -928 72 ) 
4 396 400 (80 -928 64 ) (144 -928 64 ) (144 -992 64 ) (80 -992 64 ) 
4 396 399 (80 -992 64 ) (144 -992 64 ) (144 -992 72 ) (80 -992 72 ) 
4 397 398 (64 -928 96 ) (80 -928 96 ) (80 -960 96 ) (64 -960 96 ) 
4 397 399 (64 -992 128 ) (64 -992 96 ) (80 -992 96 ) (80 -992 128 ) 
4 398 400 (64 -960 64 ) (64 -928 64 ) (80 -928 64 ) (80 -960 64 ) 
4 399 405 (64 -1024 128 ) (64 -1024 96 ) (80 -1024 96 ) (80 -1024 128 ) 
4 399 401 (80 -1024 64 ) (144 -1024 64 ) (144 -1024 128 ) (80 -1024 128 ) 
4 399 400 (64 -1024 64 ) (64 -992 64 ) (144 -992 64 ) (144 -1024 64 ) 
4 400 410 (144 -928 -16 ) (144 -1024 -16 ) (64 -1024 -16 ) (64 -928 -16 ) 
4 400 407 (64 -1024 64 ) (64 -1024 -16 ) (144 -1024 -16 ) (144 -1024 64 ) 
4 401 405 (80 -1032 128 ) (80 -1024 128 ) (80 -1024 96 ) (80 -1032 96 ) 
4 401 402 (144 -1032 88 ) (144 -1032 128 ) (80 -1032 128 ) (80 -1032 88 ) 
4 401 404 (80 -1032 64 ) (144 -1032 64 ) (144 -1032 72 ) (80 -1032 72 ) 
4 401 407 (80 -1024 64 ) (144 -1024 64 ) (144 -1032 64 ) (80 -1032 64 ) 
4 402 405 (80 -1048 128 ) (80 -1032 128 ) (80 -1032 96 ) (80 -1048 96 ) 
4 402 403 (144 -1048 88 ) (144 -1048 128 ) (80 -1048 128 ) (80 -1048 88 ) 
4 403 408 (144 -1088 72 ) (144 -1088 128 ) (80 -1088 128 ) (80 -1088 72 ) 
4 403 406 (80 -1088 72 ) (80 -1088 96 ) (80 -1056 96 ) (80 -1056 72 ) 
4 403 405 (80 -1088 96 ) (80 -1088 128 ) (80 -1048 128 ) (80 -1048 96 ) 
4 403 404 (144 -1088 72 ) (80 -1088 72 ) (80 -1048 72 ) (144 -1048 72 ) 
4 404 408 (80 -1088 64 ) (144 -1088 64 ) (144 -1088 72 ) (80 -1088 72 ) 
4 404 406 (80 -1088 64 ) (80 -1088 72 ) (80 -1056 72 ) (80 -1056 64 ) 
4 404 407 (144 -1032 64 ) (144 -1088 64 ) (80 -1088 64 ) (80 -1032 64 ) 
4 405 408 (64 -1088 128 ) (64 -1088 96 ) (80 -1088 96 ) (80 -1088 128 ) 
4 405 406 (64 -1088 96 ) (64 -1056 96 ) (80 -1056 96 ) (80 -1088 96 ) 
4 406 408 (64 -1088 96 ) (64 -1088 64 ) (80 -1088 64 ) (80 -1088 96 ) 
4 406 407 (64 -1088 64 ) (64 -1056 64 ) (80 -1056 64 ) (80 -1088 64 ) 
4 407 412 (144 -1056 -16 ) (144 -1088 -16 ) (64 -1088 -16 ) (64 -1056 -16 ) 
4 407 410 (144 -1024 -16 ) (144 -1056 -16 ) (64 -1056 -16 ) (64 -1024 -16 ) 
4 407 408 (64 -1088 64 ) (64 -1088 -16 ) (144 -1088 -16 ) (144 -1088 64 ) 
4 408 411 (384 -1248 -16 ) (288 -1248 -16 ) (288 -1120 -16 ) (384 -1120 -16 ) 
4 408 412 (288 -1248 -16 ) (64 -1248 -16 ) (64 -1088 -16 ) (288 -1088 -16 ) 
4 409 413 (480 -896 -72 ) (480 -896 -96 ) (480 -928 -96 ) (480 -928 -72 ) 
4 410 413 (288 -736 -32 ) (480 -736 -32 ) (480 -1056 -32 ) (288 -1056 -32 ) 
4 410 414 (64 -736 -32 ) (288 -736 -32 ) (288 -1056 -32 ) (64 -1056 -32 ) 
4 410 412 (288 -1056 -16 ) (64 -1056 -16 ) (64 -1056 -32 ) (288 -1056 -32 ) 
4 411 415 (384 -1248 -32 ) (288 -1248 -32 ) (288 -1152 -32 ) (384 -1152 -32 ) 
4 411 412 (288 -1120 -32 ) (288 -1248 -32 ) (288 -1248 -16 ) (288 -1120 -16 ) 
4 412 420 (160 -1248 -32 ) (64 -1248 -32 ) (64 -1152 -32 ) (160 -1152 -32 ) 
4 412 418 (224 -1248 -32 ) (160 -1248 -32 ) (160 -1152 -32 ) (224 -1152 -32 ) 
4 412 417 (256 -1248 -32 ) (224 -1248 -32 ) (224 -1152 -32 ) (256 -1152 -32 ) 
4 412 416 (288 -1248 -32 ) (256 -1248 -32 ) (256 -1152 -32 ) (288 -1152 -32 ) 
4 412 414 (64 -1152 -32 ) (64 -1056 -32 ) (288 -1056 -32 ) (288 -1152 -32 ) 
4 413 414 (288 -1056 -32 ) (288 -736 -32 ) (288 -736 -128 ) (288 -1056 -128 ) 
4 414 420 (160 -1152 -32 ) (64 -1152 -32 ) (64 -1152 -128 ) (160 -1152 -128 ) 
4 414 419 (160 -1152 -96 ) (160 -1152 -112 ) (192 -1152 -112 ) (192 -1152 -96 ) 
4 414 418 (224 -1152 -32 ) (160 -1152 -32 ) (160 -1152 -96 ) (224 -1152 -96 ) 
4 414 417 (256 -1152 -32 ) (224 -1152 -32 ) (224 -1152 -80 ) (256 -1152 -80 ) 
4 414 416 (288 -1152 -32 ) (256 -1152 -32 ) (256 -1152 -64 ) (288 -1152 -64 ) 
4 415 416 (288 -1152 -32 ) (288 -1152 -48 ) (288 -1248 -48 ) (288 -1248 -32 ) 
4 416 417 (256 -1248 -64 ) (256 -1248 -32 ) (256 -1152 -32 ) (256 -1152 -64 ) 
4 417 418 (224 -1152 -32 ) (224 -1152 -80 ) (224 -1248 -80 ) (224 -1248 -32 ) 
4 418 420 (160 -1248 -96 ) (160 -1248 -32 ) (160 -1152 -32 ) (160 -1152 -96 ) 
4 418 419 (192 -1248 -96 ) (160 -1248 -96 ) (160 -1152 -96 ) (192 -1152 -96 ) 
4 419 420 (160 -1248 -112 ) (160 -1248 -96 ) (160 -1152 -96 ) (160 -1152 -112 ) 
4 421 426 (96 -64 -384 ) (96 -64 -464 ) (320 -64 -464 ) (320 -64 -384 ) 
4 421 422 (416 -64 -464 ) (448 -64 -464 ) (448 -64 -384 ) (416 -64 -384 ) 
4 422 424 (416 -192 -464 ) (448 -192 -464 ) (448 -192 -384 ) (416 -192 -384 ) 
4 422 423 (416 -160 -464 ) (416 -192 -464 ) (416 -192 -384 ) (416 -160 -384 ) 
4 423 426 (320 -160 -464 ) (320 -192 -464 ) (320 -192 -384 ) (320 -160 -384 ) 
4 424 425 (416 -288 -464 ) (448 -288 -464 ) (448 -288 -384 ) (416 -288 -384 ) 
4 425 427 (320 -288 -464 ) (320 -384 -464 ) (320 -384 -384 ) (320 -288 -384 ) 
4 426 428 (96 -192 -384 ) (96 -192 -464 ) (128 -192 -464 ) (128 -192 -384 ) 
4 426 427 (224 -192 -464 ) (320 -192 -464 ) (320 -192 -384 ) (224 -192 -384 ) 
4 427 429 (224 -288 -464 ) (224 -384 -464 ) (224 -384 -384 ) (224 -288 -384 ) 
4 428 429 (96 -288 -384 ) (96 -288 -464 ) (128 -288 -464 ) (128 -288 -384 ) 
