PRT1
336
976
4 1 8 (64 -64 768 ) (1216 -64 768 ) (1216 -1216 768 ) (64 -1216 768 ) 
4 2 6 (1472 -608 -144 ) (1488 -608 -144 ) (1488 -736 -144 ) (1472 -736 -144 ) 
4 2 5 (1472 -736 -144 ) (1472 -736 -128 ) (1472 -720 -128 ) (1472 -720 -144 ) 
4 2 4 (1472 -704 -128 ) (1472 -640 -128 ) (1472 -640 -144 ) (1472 -704 -144 ) 
4 2 3 (1472 -624 -128 ) (1472 -608 -128 ) (1472 -608 -144 ) (1472 -624 -144 ) 
4 3 67 (1456 -608 -136 ) (1448 -608 -144 ) (1448 -624 -144 ) (1456 -624 -136 ) 
4 3 6 (1448 -624 -144 ) (1448 -608 -144 ) (1472 -608 -144 ) (1472 -624 -144 ) 
3 3 4 (1448 -624 -144 ) (1456 -624 -144 ) (1456 -624 -136 ) 
4 4 67 (1456 -624 -136 ) (1448 -624 -144 ) (1448 -720 -144 ) (1456 -720 -136 ) 
6 4 6 (1448 -720 -144 ) (1448 -624 -144 ) (1456 -624 -144 ) (1472 -640 -144 ) (1472 -704 -144 ) (1456 -720 -144 ) 
3 4 5 (1456 -720 -136 ) (1448 -720 -144 ) (1456 -720 -144 ) 
4 5 67 (1448 -736 -144 ) (1456 -736 -136 ) (1456 -720 -136 ) (1448 -720 -144 ) 
4 5 6 (1448 -736 -144 ) (1448 -720 -144 ) (1472 -720 -144 ) (1472 -736 -144 ) 
4 6 67 (1352 -736 -240 ) (1448 -736 -144 ) (1448 -608 -144 ) (1352 -608 -240 ) 
4 7 34 (1472 -736 688 ) (1472 -608 688 ) (1472 -608 288 ) (1472 -736 288 ) 
4 8 331 (0 -608 688 ) (0 -736 688 ) (0 -736 768 ) (0 -608 768 ) 
4 8 100 (0 0 688 ) (1024 0 688 ) (1024 -1280 688 ) (0 -1280 688 ) 
4 8 79 (1280 -1216 688 ) (1280 -1280 688 ) (1024 -1280 688 ) (1024 -1216 688 ) 
4 8 78 (1280 -1024 688 ) (1280 -1216 688 ) (1024 -1216 688 ) (1024 -1024 688 ) 
4 8 75 (1152 -1024 688 ) (1024 -1024 688 ) (1024 -256 688 ) (1152 -256 688 ) 
4 8 35 (1280 -256 688 ) (1280 -1024 688 ) (1152 -1024 688 ) (1152 -256 688 ) 
4 8 9 (1024 0 688 ) (1280 0 688 ) (1280 -256 688 ) (1024 -256 688 ) 
4 9 101 (1024 0 640 ) (1024 0 328 ) (1024 -256 328 ) (1024 -256 640 ) 
4 9 100 (1024 0 688 ) (1024 0 640 ) (1024 -256 640 ) (1024 -256 688 ) 
4 9 75 (1152 -256 688 ) (1024 -256 688 ) (1024 -256 328 ) (1152 -256 328 ) 
4 9 35 (1280 -256 688 ) (1152 -256 688 ) (1152 -256 328 ) (1280 -256 328 ) 
4 9 12 (1280 -256 328 ) (1152 -256 328 ) (1152 -128 328 ) (1280 -128 328 ) 
4 9 13 (1152 -256 328 ) (1024 -256 328 ) (1024 -128 328 ) (1152 -128 328 ) 
4 9 11 (1024 -128 328 ) (1024 0 328 ) (1216 0 328 ) (1216 -128 328 ) 
4 9 10 (1280 -64 328 ) (1280 -128 328 ) (1216 -128 328 ) (1216 -64 328 ) 
4 10 12 (1280 -128 320 ) (1280 -128 328 ) (1216 -128 328 ) (1216 -128 320 ) 
4 10 11 (1216 -128 320 ) (1216 -128 328 ) (1216 -64 328 ) (1216 -64 320 ) 
4 11 102 (1024 0 328 ) (1024 0 320 ) (1024 -128 320 ) (1024 -128 328 ) 
4 11 12 (1152 -128 320 ) (1216 -128 320 ) (1216 -128 328 ) (1152 -128 328 ) 
4 11 13 (1024 -128 328 ) (1024 -128 320 ) (1152 -128 320 ) (1152 -128 328 ) 
4 12 35 (1280 -256 328 ) (1152 -256 328 ) (1152 -256 320 ) (1280 -256 320 ) 
4 12 13 (1152 -128 328 ) (1152 -128 320 ) (1152 -256 320 ) (1152 -256 328 ) 
4 13 109 (1024 -128 128 ) (1024 -256 128 ) (1024 -256 304 ) (1024 -128 304 ) 
4 13 104 (1024 -256 304 ) (1024 -256 328 ) (1024 -128 328 ) (1024 -128 304 ) 
4 13 75 (1152 -256 328 ) (1024 -256 328 ) (1024 -256 128 ) (1152 -256 128 ) 
4 14 25 (1248 -32 -144 ) (1152 -32 -144 ) (1152 -24 -144 ) (1248 -24 -144 ) 
4 14 24 (1152 0 -144 ) (1264 0 -144 ) (1264 -8 -144 ) (1152 -8 -144 ) 
4 14 22 (1264 0 -144 ) (1280 0 -144 ) (1280 -32 -144 ) (1264 -32 -144 ) 
4 14 21 (1056 0 -40 ) (1056 0 -144 ) (1056 -32 -144 ) (1056 -32 -40 ) 
4 14 19 (1056 -32 -40 ) (1056 -32 -144 ) (1184 -32 -144 ) (1184 -32 -40 ) 
4 14 16 (1184 -32 -144 ) (1280 -32 -144 ) (1280 -32 -40 ) (1184 -32 -40 ) 
4 15 18 (1184 -32 -32 ) (1184 -32 -40 ) (1184 -96 -40 ) (1184 -96 -32 ) 
4 15 16 (1184 -224 -40 ) (1184 -32 -40 ) (1248 -32 -40 ) (1248 -224 -40 ) 
4 16 30 (1184 -128 -144 ) (1184 -120 -144 ) (1264 -120 -144 ) (1264 -128 -144 ) 
4 16 29 (1184 -104 -144 ) (1184 -88 -144 ) (1248 -88 -144 ) (1248 -104 -144 ) 
4 16 27 (1184 -72 -144 ) (1184 -56 -144 ) (1264 -56 -144 ) (1264 -72 -144 ) 
4 16 25 (1184 -40 -144 ) (1184 -32 -144 ) (1248 -32 -144 ) (1248 -40 -144 ) 
4 16 22 (1264 -32 -144 ) (1280 -32 -144 ) (1280 -128 -144 ) (1264 -128 -144 ) 
4 16 20 (1184 -128 -144 ) (1184 -224 -144 ) (1184 -224 -40 ) (1184 -128 -40 ) 
4 16 19 (1184 -32 -40 ) (1184 -32 -144 ) (1184 -128 -144 ) (1184 -128 -40 ) 
4 16 17 (1184 -224 -144 ) (1280 -224 -144 ) (1280 -224 -40 ) (1184 -224 -40 ) 
4 17 39 (1184 -256 -80 ) (1184 -256 -144 ) (1280 -256 -144 ) (1280 -256 -80 ) 
4 17 37 (1184 -256 -40 ) (1184 -256 -80 ) (1280 -256 -80 ) (1280 -256 -40 ) 
4 17 20 (1184 -224 -144 ) (1184 -256 -144 ) (1184 -256 -40 ) (1184 -224 -40 ) 
4 18 19 (1056 -96 -40 ) (1056 -32 -40 ) (1184 -32 -40 ) (1184 -96 -40 ) 
4 19 30 (1184 -120 -144 ) (1184 -128 -144 ) (1152 -128 -144 ) (1152 -120 -144 ) 
4 19 29 (1184 -88 -144 ) (1184 -104 -144 ) (1152 -104 -144 ) (1152 -88 -144 ) 
4 19 28 (1168 -88 -144 ) (1152 -88 -144 ) (1152 -40 -144 ) (1168 -40 -144 ) 
4 19 25 (1152 -32 -144 ) (1184 -32 -144 ) (1184 -40 -144 ) (1152 -40 -144 ) 
4 19 21 (1056 -32 -144 ) (1056 -128 -144 ) (1056 -128 -40 ) (1056 -32 -40 ) 
4 19 20 (1152 -128 -144 ) (1184 -128 -144 ) (1184 -128 -40 ) (1152 -128 -40 ) 
4 20 39 (1152 -256 -144 ) (1184 -256 -144 ) (1184 -256 -80 ) (1152 -256 -80 ) 
4 20 37 (1184 -256 -80 ) (1184 -256 -40 ) (1152 -256 -40 ) (1152 -256 -80 ) 
4 21 110 (1024 0 -40 ) (1024 0 -144 ) (1024 -128 -144 ) (1024 -128 -40 ) 
4 22 30 (1264 -128 -144 ) (1264 -120 -144 ) (1264 -120 -160 ) (1264 -128 -160 ) 
4 22 27 (1264 -72 -144 ) (1264 -56 -144 ) (1264 -56 -160 ) (1264 -72 -160 ) 
4 22 24 (1264 -8 -144 ) (1264 0 -144 ) (1264 0 -160 ) (1264 -8 -160 ) 
4 22 23 (1280 -128 -160 ) (1264 -128 -160 ) (1264 0 -160 ) (1280 0 -160 ) 
4 23 32 (1264 -128 -256 ) (1280 -128 -256 ) (1280 -128 -168 ) (1264 -128 -168 ) 
4 23 31 (1264 -40 -256 ) (1264 -128 -256 ) (1264 -128 -160 ) (1264 -40 -160 ) 
4 23 26 (1264 0 -160 ) (1264 0 -256 ) (1264 -40 -256 ) (1264 -40 -160 ) 
4 24 26 (1152 -8 -160 ) (1152 0 -160 ) (1264 0 -160 ) (1264 -8 -160 ) 
4 25 28 (1168 -40 -144 ) (1152 -40 -144 ) (1152 -40 -160 ) (1168 -40 -160 ) 
4 25 26 (1152 -40 -160 ) (1152 -24 -160 ) (1248 -24 -160 ) (1248 -40 -160 ) 
4 26 33 (1152 0 -168 ) (1152 0 -256 ) (1152 -40 -256 ) (1152 -40 -168 ) 
4 26 31 (1152 -40 -256 ) (1264 -40 -256 ) (1264 -40 -160 ) (1152 -40 -160 ) 
4 27 31 (1264 -56 -160 ) (1264 -72 -160 ) (1184 -72 -160 ) (1184 -56 -160 ) 
4 28 29 (1168 -88 -144 ) (1152 -88 -144 ) (1152 -88 -160 ) (1168 -88 -160 ) 
4 28 31 (1152 -88 -160 ) (1152 -40 -160 ) (1168 -40 -160 ) (1168 -88 -160 ) 
4 29 31 (1152 -104 -160 ) (1152 -88 -160 ) (1248 -88 -160 ) (1248 -104 -160 ) 
4 30 31 (1264 -128 -160 ) (1152 -128 -160 ) (1152 -120 -160 ) (1264 -120 -160 ) 
4 31 33 (1152 -40 -168 ) (1152 -40 -256 ) (1152 -128 -256 ) (1152 -128 -168 ) 
4 31 32 (1152 -128 -256 ) (1264 -128 -256 ) (1264 -128 -168 ) (1152 -128 -168 ) 
4 34 72 (1312 -736 288 ) (1312 -720 288 ) (1472 -720 288 ) (1472 -736 288 ) 
4 34 36 (1312 -624 288 ) (1312 -608 288 ) (1472 -608 288 ) (1472 -624 288 ) 
4 35 78 (1280 -1024 688 ) (1152 -1024 688 ) (1152 -1024 320 ) (1280 -1024 320 ) 
4 35 75 (1152 -1024 288 ) (1152 -1024 688 ) (1152 -256 688 ) (1152 -256 288 ) 
4 35 73 (1280 -1024 288 ) (1152 -1024 288 ) (1152 -720 288 ) (1280 -720 288 ) 
4 35 38 (1152 -720 288 ) (1152 -624 288 ) (1264 -624 288 ) (1264 -720 288 ) 
4 35 37 (1152 -624 288 ) (1152 -256 288 ) (1280 -256 288 ) (1280 -624 288 ) 
4 37 75 (1152 -624 288 ) (1152 -256 288 ) (1152 -256 128 ) (1152 -464 128 ) 
3 37 76 (1152 -256 112 ) (1152 -256 -80 ) (1152 -448 112 ) 
4 37 70 (1152 -608 272 ) (1152 -592 256 ) (1240 -592 256 ) (1240 -608 272 ) 
4 37 41 (1264 -592 256 ) (1280 -592 256 ) (1280 -608 272 ) (1264 -608 272 ) 
4 37 64 (1240 -592 256 ) (1264 -592 256 ) (1264 -608 272 ) (1240 -608 272 ) 
4 37 39 (1152 -592 256 ) (1152 -256 -80 ) (1280 -256 -80 ) (1280 -592 256 ) 
4 37 38 (1264 -624 288 ) (1152 -624 288 ) (1152 -608 272 ) (1264 -608 272 ) 
4 38 75 (1152 -736 272 ) (1152 -720 288 ) (1152 -624 288 ) (1152 -608 272 ) 
4 38 73 (1264 -720 288 ) (1152 -720 288 ) (1152 -736 272 ) (1264 -736 272 ) 
4 38 70 (1240 -736 272 ) (1152 -736 272 ) (1152 -608 272 ) (1240 -608 272 ) 
4 38 64 (1264 -736 272 ) (1240 -736 272 ) (1240 -608 272 ) (1264 -608 272 ) 
3 39 75 (1152 -592 256 ) (1152 -464 128 ) (1152 -592 128 ) 
5 39 76 (1152 -448 112 ) (1152 -256 -80 ) (1152 -256 -144 ) (1152 -592 -144 ) (1152 -592 112 ) 
4 39 70 (1240 -592 256 ) (1152 -592 256 ) (1152 -592 -144 ) (1240 -592 -144 ) 
4 39 41 (1280 -592 256 ) (1264 -592 256 ) (1264 -592 -128 ) (1280 -592 -128 ) 
4 39 64 (1264 -592 256 ) (1240 -592 256 ) (1240 -592 -128 ) (1264 -592 -128 ) 
4 40 77 (1152 -256 -168 ) (1152 -256 -240 ) (1152 -592 -240 ) (1152 -592 -168 ) 
4 40 74 (1152 -592 -240 ) (1152 -256 -240 ) (1280 -256 -240 ) (1280 -592 -240 ) 
4 40 71 (1152 -592 -240 ) (1240 -592 -240 ) (1240 -592 -168 ) (1152 -592 -168 ) 
4 40 69 (1240 -592 -240 ) (1280 -592 -240 ) (1280 -592 -168 ) (1240 -592 -168 ) 
4 41 57 (1280 -608 -16 ) (1280 -608 0 ) (1264 -608 0 ) (1264 -608 -16 ) 
4 41 55 (1280 -608 0 ) (1280 -608 160 ) (1264 -608 160 ) (1264 -608 0 ) 
4 41 46 (1280 -608 160 ) (1280 -608 176 ) (1264 -608 176 ) (1264 -608 160 ) 
4 41 44 (1264 -608 -128 ) (1280 -608 -128 ) (1280 -608 -112 ) (1264 -608 -112 ) 
4 41 64 (1264 -592 -128 ) (1264 -608 -128 ) (1264 -608 272 ) (1264 -592 256 ) 
4 42 66 (1448 -624 -128 ) (1360 -624 -128 ) (1360 -608 -128 ) (1448 -608 -128 ) 
4 42 43 (1360 -608 -120 ) (1360 -608 -128 ) (1360 -624 -128 ) (1360 -616 -120 ) 
4 43 66 (1312 -624 -128 ) (1312 -608 -128 ) (1360 -608 -128 ) (1360 -624 -128 ) 
3 44 64 (1264 -608 -128 ) (1264 -624 -128 ) (1264 -608 -112 ) 
4 45 54 (1312 -608 160 ) (1344 -608 160 ) (1344 -624 160 ) (1312 -624 160 ) 
4 45 52 (1344 -608 160 ) (1360 -608 160 ) (1360 -624 160 ) (1344 -624 160 ) 
4 46 55 (1264 -624 160 ) (1264 -608 160 ) (1280 -608 160 ) (1280 -624 160 ) 
3 46 64 (1264 -608 176 ) (1264 -608 160 ) (1264 -624 160 ) 
6 47 51 (1360 -624 160 ) (1456 -624 160 ) (1472 -640 160 ) (1472 -704 160 ) (1456 -720 160 ) (1360 -720 160 ) 
8 47 48 (1344 -624 256 ) (1344 -624 184 ) (1344 -632 176 ) (1344 -712 176 ) (1344 -720 184 ) (1344 -720 256 ) (1344 -704 272 ) (1344 -640 272 ) 
8 48 64 (1264 -720 256 ) (1264 -704 272 ) (1264 -640 272 ) (1264 -624 256 ) (1264 -624 184 ) (1264 -632 176 ) (1264 -712 176 ) (1264 -720 184 ) 
4 49 54 (1344 -736 160 ) (1312 -736 160 ) (1312 -720 160 ) (1344 -720 160 ) 
4 49 53 (1360 -736 160 ) (1344 -736 160 ) (1344 -720 160 ) (1360 -720 160 ) 
4 50 65 (1264 -736 176 ) (1264 -736 160 ) (1280 -736 160 ) (1280 -736 176 ) 
4 50 55 (1280 -736 160 ) (1264 -736 160 ) (1264 -720 160 ) (1280 -720 160 ) 
3 50 64 (1264 -736 160 ) (1264 -736 176 ) (1264 -720 160 ) 
8 51 58 (1360 -640 -120 ) (1360 -704 -120 ) (1360 -720 -104 ) (1360 -720 -32 ) (1360 -704 -16 ) (1360 -640 -16 ) (1360 -624 -32 ) (1360 -624 -104 ) 
4 52 56 (1360 -608 0 ) (1360 -624 0 ) (1344 -624 0 ) (1344 -608 0 ) 
4 52 54 (1344 -624 160 ) (1344 -608 160 ) (1344 -608 0 ) (1344 -624 0 ) 
4 53 59 (1360 -720 0 ) (1360 -736 0 ) (1344 -736 0 ) (1344 -720 0 ) 
4 53 54 (1344 -736 0 ) (1344 -736 160 ) (1344 -720 160 ) (1344 -720 0 ) 
4 54 59 (1344 -736 0 ) (1312 -736 0 ) (1312 -720 0 ) (1344 -720 0 ) 
4 54 56 (1312 -624 0 ) (1312 -608 0 ) (1344 -608 0 ) (1344 -624 0 ) 
4 55 65 (1280 -736 160 ) (1264 -736 160 ) (1264 -736 0 ) (1280 -736 0 ) 
4 55 60 (1280 -736 0 ) (1264 -736 0 ) (1264 -720 0 ) (1280 -720 0 ) 
4 55 57 (1264 -624 0 ) (1264 -608 0 ) (1280 -608 0 ) (1280 -624 0 ) 
4 55 64 (1264 -736 0 ) (1264 -736 160 ) (1264 -608 160 ) (1264 -608 0 ) 
3 57 64 (1264 -624 0 ) (1264 -608 0 ) (1264 -608 -16 ) 
8 58 64 (1264 -704 -120 ) (1264 -720 -104 ) (1264 -720 -32 ) (1264 -704 -16 ) (1264 -640 -16 ) (1264 -624 -32 ) (1264 -624 -104 ) (1264 -640 -120 ) 
4 60 65 (1264 -736 0 ) (1264 -736 -16 ) (1280 -736 -16 ) (1280 -736 0 ) 
3 60 64 (1264 -736 -16 ) (1264 -736 0 ) (1264 -720 0 ) 
3 61 62 (1456 -736 -120 ) (1464 -736 -112 ) (1456 -728 -120 ) 
4 62 66 (1448 -736 -128 ) (1312 -736 -128 ) (1312 -720 -128 ) (1448 -720 -128 ) 
4 63 65 (1264 -736 -128 ) (1280 -736 -128 ) (1280 -736 -112 ) (1264 -736 -112 ) 
3 63 64 (1264 -720 -128 ) (1264 -736 -128 ) (1264 -736 -112 ) 
5 64 70 (1240 -592 256 ) (1240 -592 -128 ) (1240 -736 -128 ) (1240 -736 272 ) (1240 -608 272 ) 
4 64 65 (1240 -736 272 ) (1240 -736 -128 ) (1264 -736 -128 ) (1264 -736 272 ) 
4 65 82 (1240 -1024 -40 ) (1240 -1024 -128 ) (1280 -1024 -128 ) (1280 -1024 -40 ) 
4 65 73 (1240 -1024 -16 ) (1280 -1024 -16 ) (1280 -736 272 ) (1240 -736 272 ) 
4 65 70 (1240 -736 -128 ) (1240 -1024 -128 ) (1240 -1024 -16 ) (1240 -736 272 ) 
4 65 68 (1280 -1024 -128 ) (1240 -1024 -128 ) (1240 -752 -128 ) (1280 -752 -128 ) 
4 66 67 (1440 -736 -136 ) (1312 -736 -136 ) (1312 -608 -136 ) (1440 -608 -136 ) 
4 68 82 (1280 -1024 -128 ) (1240 -1024 -128 ) (1240 -1024 -144 ) (1280 -1024 -144 ) 
4 68 70 (1240 -1024 -144 ) (1240 -1024 -128 ) (1240 -752 -128 ) (1240 -752 -144 ) 
4 69 74 (1240 -592 -240 ) (1280 -592 -240 ) (1280 -1024 -240 ) (1240 -1024 -240 ) 
4 69 71 (1240 -592 -168 ) (1240 -592 -240 ) (1240 -1024 -240 ) (1240 -1024 -168 ) 
4 70 85 (1152 -1024 -40 ) (1152 -1024 -144 ) (1184 -1024 -144 ) (1184 -1024 -40 ) 
4 70 82 (1184 -1024 -40 ) (1184 -1024 -144 ) (1240 -1024 -144 ) (1240 -1024 -40 ) 
5 70 75 (1152 -880 128 ) (1152 -736 272 ) (1152 -608 272 ) (1152 -592 256 ) (1152 -592 128 ) 
5 70 76 (1152 -1024 -144 ) (1152 -1024 -16 ) (1152 -896 112 ) (1152 -592 112 ) (1152 -592 -144 ) 
4 70 73 (1152 -1024 -16 ) (1240 -1024 -16 ) (1240 -736 272 ) (1152 -736 272 ) 
4 71 77 (1152 -1024 -240 ) (1152 -1024 -168 ) (1152 -592 -168 ) (1152 -592 -240 ) 
4 71 74 (1152 -1024 -240 ) (1152 -592 -240 ) (1240 -592 -240 ) (1240 -1024 -240 ) 
4 73 75 (1152 -1024 128 ) (1152 -1024 288 ) (1152 -720 288 ) (1152 -880 128 ) 
3 73 76 (1152 -1024 -16 ) (1152 -1024 112 ) (1152 -896 112 ) 
4 74 77 (1152 -256 -256 ) (1152 -1024 -256 ) (1152 -1024 -240 ) (1152 -256 -240 ) 
4 75 312 (1024 -1024 128 ) (1024 -1024 256 ) (1024 -928 256 ) (1024 -928 128 ) 
4 75 234 (1024 -736 256 ) (1024 -608 256 ) (1024 -608 128 ) (1024 -736 128 ) 
4 75 235 (1024 -928 256 ) (1024 -736 256 ) (1024 -736 128 ) (1024 -928 128 ) 
4 75 233 (1024 -608 256 ) (1024 -256 256 ) (1024 -256 128 ) (1024 -608 128 ) 
4 75 135 (1024 -704 640 ) (1024 -640 640 ) (1024 -640 624 ) (1024 -704 624 ) 
4 75 134 (1024 -640 640 ) (1024 -256 640 ) (1024 -256 624 ) (1024 -640 624 ) 
4 75 136 (1024 -256 624 ) (1024 -256 256 ) (1024 -704 256 ) (1024 -704 624 ) 
4 75 137 (1024 -1024 256 ) (1024 -1024 640 ) (1024 -704 640 ) (1024 -704 256 ) 
4 75 100 (1024 -1024 640 ) (1024 -1024 688 ) (1024 -256 688 ) (1024 -256 640 ) 
4 75 81 (1024 -1024 320 ) (1024 -1024 128 ) (1152 -1024 128 ) (1152 -1024 320 ) 
4 75 78 (1024 -1024 688 ) (1024 -1024 320 ) (1152 -1024 320 ) (1152 -1024 688 ) 
4 76 319 (1024 -1024 -160 ) (1024 -1024 -144 ) (1024 -928 -144 ) (1024 -928 -160 ) 
4 76 318 (1024 -1024 -144 ) (1024 -1024 80 ) (1024 -928 80 ) (1024 -928 -144 ) 
4 76 312 (1024 -1024 80 ) (1024 -1024 112 ) (1024 -928 112 ) (1024 -928 80 ) 
4 76 236 (1024 -928 112 ) (1024 -256 112 ) (1024 -256 -160 ) (1024 -928 -160 ) 
4 76 77 (1024 -256 -160 ) (1152 -256 -160 ) (1152 -1024 -160 ) (1024 -1024 -160 ) 
4 77 320 (1024 -928 -256 ) (1024 -1024 -256 ) (1024 -1024 -160 ) (1024 -928 -160 ) 
4 77 237 (1024 -256 -256 ) (1024 -928 -256 ) (1024 -928 -160 ) (1024 -256 -160 ) 
4 78 137 (1024 -1024 640 ) (1024 -1024 320 ) (1024 -1216 320 ) (1024 -1216 640 ) 
4 78 100 (1024 -1216 688 ) (1024 -1024 688 ) (1024 -1024 640 ) (1024 -1216 640 ) 
4 78 81 (1024 -1152 320 ) (1024 -1024 320 ) (1152 -1024 320 ) (1152 -1152 320 ) 
4 78 80 (1024 -1216 328 ) (1024 -1216 320 ) (1216 -1216 320 ) (1216 -1216 328 ) 
4 78 79 (1280 -1216 688 ) (1024 -1216 688 ) (1024 -1216 328 ) (1280 -1216 328 ) 
4 79 326 (1024 -1280 328 ) (1024 -1280 640 ) (1024 -1248 640 ) (1024 -1248 328 ) 
4 79 137 (1024 -1248 640 ) (1024 -1216 640 ) (1024 -1216 328 ) (1024 -1248 328 ) 
4 79 100 (1024 -1280 640 ) (1024 -1280 688 ) (1024 -1216 688 ) (1024 -1216 640 ) 
4 79 80 (1216 -1280 328 ) (1024 -1280 328 ) (1024 -1216 328 ) (1216 -1216 328 ) 
4 80 326 (1024 -1280 320 ) (1024 -1280 328 ) (1024 -1248 328 ) (1024 -1248 320 ) 
4 80 137 (1024 -1248 328 ) (1024 -1216 328 ) (1024 -1216 320 ) (1024 -1248 320 ) 
4 81 312 (1024 -1024 256 ) (1024 -1024 128 ) (1024 -1152 128 ) (1024 -1152 256 ) 
4 81 137 (1024 -1152 320 ) (1024 -1024 320 ) (1024 -1024 256 ) (1024 -1152 256 ) 
4 82 85 (1184 -1024 -40 ) (1184 -1024 -144 ) (1184 -1056 -144 ) (1184 -1056 -40 ) 
4 82 84 (1184 -1056 -144 ) (1280 -1056 -144 ) (1280 -1056 -40 ) (1184 -1056 -40 ) 
4 83 86 (1184 -1248 -40 ) (1184 -1248 -32 ) (1184 -1184 -32 ) (1184 -1184 -40 ) 
4 83 84 (1184 -1248 -40 ) (1184 -1056 -40 ) (1248 -1056 -40 ) (1248 -1248 -40 ) 
4 84 95 (1248 -1248 -144 ) (1184 -1248 -144 ) (1184 -1240 -144 ) (1248 -1240 -144 ) 
4 84 93 (1184 -1224 -144 ) (1184 -1208 -144 ) (1264 -1208 -144 ) (1264 -1224 -144 ) 
4 84 92 (1184 -1192 -144 ) (1184 -1176 -144 ) (1248 -1176 -144 ) (1248 -1192 -144 ) 
4 84 91 (1280 -1160 -144 ) (1280 -1248 -144 ) (1264 -1248 -144 ) (1264 -1160 -144 ) 
4 84 90 (1280 -1152 -144 ) (1280 -1160 -144 ) (1184 -1160 -144 ) (1184 -1152 -144 ) 
4 84 88 (1184 -1248 -144 ) (1280 -1248 -144 ) (1280 -1248 -40 ) (1184 -1248 -40 ) 
4 84 87 (1184 -1152 -144 ) (1184 -1248 -144 ) (1184 -1248 -40 ) (1184 -1152 -40 ) 
4 84 85 (1184 -1056 -144 ) (1184 -1152 -144 ) (1184 -1152 -40 ) (1184 -1056 -40 ) 
4 85 87 (1152 -1152 -144 ) (1184 -1152 -144 ) (1184 -1152 -40 ) (1152 -1152 -40 ) 
4 86 87 (1184 -1248 -40 ) (1056 -1248 -40 ) (1056 -1184 -40 ) (1184 -1184 -40 ) 
4 87 95 (1184 -1240 -144 ) (1184 -1248 -144 ) (1152 -1248 -144 ) (1152 -1240 -144 ) 
4 87 94 (1168 -1240 -144 ) (1152 -1240 -144 ) (1152 -1192 -144 ) (1168 -1192 -144 ) 
4 87 92 (1184 -1176 -144 ) (1184 -1192 -144 ) (1152 -1192 -144 ) (1152 -1176 -144 ) 
4 87 90 (1152 -1152 -144 ) (1184 -1152 -144 ) (1184 -1160 -144 ) (1152 -1160 -144 ) 
4 87 89 (1056 -1152 -144 ) (1056 -1248 -144 ) (1056 -1248 -40 ) (1056 -1152 -40 ) 
4 87 88 (1056 -1248 -144 ) (1184 -1248 -144 ) (1184 -1248 -40 ) (1056 -1248 -40 ) 
4 88 96 (1280 -1280 -144 ) (1152 -1280 -144 ) (1152 -1272 -144 ) (1280 -1272 -144 ) 
4 88 95 (1152 -1248 -144 ) (1248 -1248 -144 ) (1248 -1256 -144 ) (1152 -1256 -144 ) 
4 88 91 (1264 -1248 -144 ) (1280 -1248 -144 ) (1280 -1272 -144 ) (1264 -1272 -144 ) 
4 88 89 (1056 -1248 -144 ) (1056 -1280 -144 ) (1056 -1280 -40 ) (1056 -1248 -40 ) 
4 89 326 (1024 -1280 -144 ) (1024 -1280 -40 ) (1024 -1248 -40 ) (1024 -1248 -144 ) 
4 89 318 (1024 -1248 -40 ) (1024 -1152 -40 ) (1024 -1152 -144 ) (1024 -1248 -144 ) 
4 90 98 (1280 -1152 -160 ) (1280 -1160 -160 ) (1152 -1160 -160 ) (1152 -1152 -160 ) 
4 90 91 (1264 -1160 -160 ) (1280 -1160 -160 ) (1280 -1160 -144 ) (1264 -1160 -144 ) 
4 91 98 (1280 -1160 -160 ) (1280 -1272 -160 ) (1264 -1272 -160 ) (1264 -1160 -160 ) 
4 91 96 (1280 -1272 -160 ) (1280 -1272 -144 ) (1264 -1272 -144 ) (1264 -1272 -160 ) 
4 91 93 (1264 -1208 -160 ) (1264 -1224 -160 ) (1264 -1224 -144 ) (1264 -1208 -144 ) 
4 92 98 (1152 -1192 -160 ) (1152 -1176 -160 ) (1248 -1176 -160 ) (1248 -1192 -160 ) 
4 92 94 (1152 -1192 -144 ) (1152 -1192 -160 ) (1168 -1192 -160 ) (1168 -1192 -144 ) 
4 93 98 (1264 -1208 -160 ) (1264 -1224 -160 ) (1184 -1224 -160 ) (1184 -1208 -160 ) 
4 94 98 (1152 -1240 -160 ) (1152 -1192 -160 ) (1168 -1192 -160 ) (1168 -1240 -160 ) 
4 94 95 (1152 -1240 -160 ) (1168 -1240 -160 ) (1168 -1240 -144 ) (1152 -1240 -144 ) 
4 95 98 (1152 -1256 -160 ) (1152 -1240 -160 ) (1248 -1240 -160 ) (1248 -1256 -160 ) 
4 96 98 (1152 -1272 -160 ) (1280 -1272 -160 ) (1280 -1280 -160 ) (1152 -1280 -160 ) 
4 97 98 (1152 -1152 -256 ) (1280 -1152 -256 ) (1280 -1152 -168 ) (1152 -1152 -168 ) 
4 98 99 (1152 -1152 -168 ) (1152 -1152 -256 ) (1152 -1280 -256 ) (1152 -1280 -168 ) 
4 100 331 (0 -608 640 ) (0 -736 640 ) (0 -736 688 ) (0 -608 688 ) 
4 100 326 (0 -1280 640 ) (0 -1248 640 ) (1024 -1248 640 ) (1024 -1280 640 ) 
4 100 322 (0 -608 640 ) (0 -256 640 ) (128 -256 640 ) (128 -608 640 ) 
4 100 324 (0 -1248 640 ) (0 -736 640 ) (128 -736 640 ) (128 -1248 640 ) 
4 100 230 (160 -680 640 ) (160 -720 640 ) (128 -720 640 ) (128 -680 640 ) 
4 100 231 (160 -736 640 ) (160 -1248 640 ) (128 -1248 640 ) (128 -736 640 ) 
4 100 228 (160 -624 640 ) (160 -664 640 ) (128 -664 640 ) (128 -624 640 ) 
4 100 227 (128 -256 640 ) (160 -256 640 ) (160 -608 640 ) (128 -608 640 ) 
4 100 226 (352 -1248 640 ) (160 -1248 640 ) (160 -928 640 ) (352 -928 640 ) 
4 100 203 (736 -1248 640 ) (352 -1248 640 ) (352 -928 640 ) (736 -928 640 ) 
4 100 202 (864 -928 640 ) (864 -1248 640 ) (736 -1248 640 ) (736 -928 640 ) 
4 100 158 (608 -896 640 ) (576 -896 640 ) (576 -848 640 ) (608 -848 640 ) 
4 100 157 (768 -896 640 ) (608 -896 640 ) (608 -848 640 ) (768 -848 640 ) 
4 100 156 (576 -848 640 ) (576 -816 640 ) (768 -816 640 ) (768 -848 640 ) 
4 100 154 (736 -768 640 ) (768 -768 640 ) (768 -816 640 ) (736 -816 640 ) 
4 100 155 (576 -816 640 ) (576 -768 640 ) (736 -768 640 ) (736 -816 640 ) 
4 100 160 (576 -896 640 ) (512 -896 640 ) (512 -768 640 ) (576 -768 640 ) 
4 100 151 (768 -736 640 ) (768 -768 640 ) (576 -768 640 ) (576 -736 640 ) 
4 100 149 (576 -576 640 ) (608 -576 640 ) (608 -736 640 ) (576 -736 640 ) 
4 100 147 (608 -576 640 ) (768 -576 640 ) (768 -608 640 ) (608 -608 640 ) 
4 100 148 (768 -608 640 ) (768 -736 640 ) (608 -736 640 ) (608 -608 640 ) 
4 100 153 (512 -768 640 ) (512 -576 640 ) (576 -576 640 ) (576 -768 640 ) 
4 100 143 (768 -528 640 ) (768 -576 640 ) (736 -576 640 ) (736 -528 640 ) 
4 100 144 (736 -576 640 ) (576 -576 640 ) (576 -528 640 ) (736 -528 640 ) 
4 100 142 (768 -496 640 ) (768 -528 640 ) (576 -528 640 ) (576 -496 640 ) 
4 100 141 (576 -448 640 ) (608 -448 640 ) (608 -496 640 ) (576 -496 640 ) 
4 100 140 (608 -448 640 ) (768 -448 640 ) (768 -496 640 ) (608 -496 640 ) 
4 100 146 (512 -576 640 ) (512 -448 640 ) (576 -448 640 ) (576 -576 640 ) 
4 100 139 (832 -896 640 ) (768 -896 640 ) (768 -448 640 ) (832 -448 640 ) 
4 100 138 (160 -256 640 ) (864 -256 640 ) (864 -416 640 ) (160 -416 640 ) 
4 100 135 (1024 -640 640 ) (1024 -704 640 ) (960 -704 640 ) (960 -640 640 ) 
4 100 134 (864 -256 640 ) (1024 -256 640 ) (1024 -640 640 ) (864 -640 640 ) 
4 100 137 (1024 -704 640 ) (1024 -1248 640 ) (864 -1248 640 ) (864 -704 640 ) 
4 100 101 (0 -256 640 ) (0 0 640 ) (1024 0 640 ) (1024 -256 640 ) 
4 101 322 (128 -256 640 ) (0 -256 640 ) (0 -256 624 ) (128 -256 624 ) 
4 101 323 (0 -256 624 ) (0 -256 328 ) (128 -256 328 ) (128 -256 624 ) 
4 101 227 (160 -256 640 ) (128 -256 640 ) (128 -256 624 ) (160 -256 624 ) 
4 101 229 (128 -256 624 ) (128 -256 328 ) (160 -256 328 ) (160 -256 624 ) 
4 101 177 (160 -256 448 ) (160 -256 328 ) (576 -256 328 ) (576 -256 448 ) 
4 101 173 (704 -256 328 ) (864 -256 328 ) (864 -256 448 ) (704 -256 448 ) 
4 101 174 (576 -256 328 ) (704 -256 328 ) (704 -256 448 ) (576 -256 448 ) 
4 101 138 (864 -256 640 ) (160 -256 640 ) (160 -256 448 ) (864 -256 448 ) 
4 101 134 (1024 -256 624 ) (1024 -256 640 ) (864 -256 640 ) (864 -256 624 ) 
4 101 136 (1024 -256 328 ) (1024 -256 624 ) (864 -256 624 ) (864 -256 328 ) 
4 101 107 (128 -256 328 ) (0 -256 328 ) (0 -128 328 ) (128 -128 328 ) 
4 101 106 (576 -256 328 ) (128 -256 328 ) (128 -128 328 ) (576 -128 328 ) 
4 101 105 (704 -256 328 ) (576 -256 328 ) (576 -128 328 ) (704 -128 328 ) 
4 101 104 (1024 -256 328 ) (704 -256 328 ) (704 -128 328 ) (1024 -128 328 ) 
4 101 103 (0 -128 328 ) (0 -64 328 ) (64 -64 328 ) (64 -128 328 ) 
4 101 102 (64 0 328 ) (1024 0 328 ) (1024 -128 328 ) (64 -128 328 ) 
4 102 107 (128 -128 328 ) (64 -128 328 ) (64 -128 320 ) (128 -128 320 ) 
4 102 106 (576 -128 328 ) (128 -128 328 ) (128 -128 320 ) (576 -128 320 ) 
4 102 105 (704 -128 328 ) (576 -128 328 ) (576 -128 320 ) (704 -128 320 ) 
4 102 104 (1024 -128 320 ) (1024 -128 328 ) (704 -128 328 ) (704 -128 320 ) 
4 102 103 (64 -128 328 ) (64 -64 328 ) (64 -64 320 ) (64 -128 320 ) 
4 103 107 (0 -128 328 ) (0 -128 320 ) (64 -128 320 ) (64 -128 328 ) 
4 104 175 (704 -256 320 ) (704 -256 304 ) (864 -256 304 ) (864 -256 320 ) 
4 104 173 (864 -256 328 ) (704 -256 328 ) (704 -256 320 ) (864 -256 320 ) 
4 104 136 (1024 -256 304 ) (1024 -256 328 ) (864 -256 328 ) (864 -256 304 ) 
4 104 109 (704 -128 304 ) (1024 -128 304 ) (1024 -256 304 ) (704 -256 304 ) 
4 104 105 (704 -256 320 ) (704 -256 328 ) (704 -128 328 ) (704 -128 320 ) 
4 105 174 (704 -256 328 ) (576 -256 328 ) (576 -256 320 ) (704 -256 320 ) 
4 105 106 (576 -128 328 ) (576 -128 320 ) (576 -256 320 ) (576 -256 328 ) 
4 106 229 (160 -256 328 ) (128 -256 328 ) (128 -256 304 ) (160 -256 304 ) 
4 106 177 (576 -256 328 ) (160 -256 328 ) (160 -256 304 ) (576 -256 304 ) 
4 106 111 (128 -128 304 ) (256 -128 304 ) (256 -256 304 ) (128 -256 304 ) 
4 106 109 (256 -128 304 ) (576 -128 304 ) (576 -256 304 ) (256 -256 304 ) 
4 106 107 (128 -256 320 ) (128 -256 328 ) (128 -128 328 ) (128 -128 320 ) 
4 107 323 (128 -256 328 ) (0 -256 328 ) (0 -256 320 ) (128 -256 320 ) 
4 108 109 (256 -128 304 ) (256 -128 128 ) (1024 -128 128 ) (1024 -128 304 ) 
4 108 110 (256 0 112 ) (1024 0 112 ) (1024 -128 112 ) (256 -128 112 ) 
4 109 239 (512 -256 256 ) (384 -256 256 ) (384 -256 128 ) (512 -256 128 ) 
4 109 240 (384 -256 256 ) (256 -256 256 ) (256 -256 128 ) (384 -256 128 ) 
4 109 238 (864 -256 256 ) (512 -256 256 ) (512 -256 128 ) (864 -256 128 ) 
4 109 233 (1024 -256 128 ) (1024 -256 256 ) (864 -256 256 ) (864 -256 128 ) 
4 109 177 (576 -256 304 ) (256 -256 304 ) (256 -256 256 ) (576 -256 256 ) 
4 109 176 (704 -256 304 ) (576 -256 304 ) (576 -256 256 ) (704 -256 256 ) 
4 109 175 (864 -256 304 ) (704 -256 304 ) (704 -256 256 ) (864 -256 256 ) 
4 109 136 (1024 -256 256 ) (1024 -256 304 ) (864 -256 304 ) (864 -256 256 ) 
4 109 111 (256 -256 128 ) (256 -256 304 ) (256 -128 304 ) (256 -128 128 ) 
4 110 241 (864 -256 112 ) (256 -256 112 ) (256 -256 -144 ) (864 -256 -144 ) 
4 110 236 (1024 -256 -144 ) (1024 -256 112 ) (864 -256 112 ) (864 -256 -144 ) 
4 110 121 (1024 -256 -144 ) (256 -256 -144 ) (256 -128 -144 ) (1024 -128 -144 ) 
4 110 112 (256 0 -144 ) (256 -128 -144 ) (256 -128 -40 ) (256 0 -40 ) 
4 111 240 (128 -256 256 ) (128 -256 128 ) (256 -256 128 ) (256 -256 256 ) 
4 111 229 (160 -256 304 ) (128 -256 304 ) (128 -256 256 ) (160 -256 256 ) 
4 111 177 (256 -256 304 ) (160 -256 304 ) (160 -256 256 ) (256 -256 256 ) 
4 112 115 (224 -96 -144 ) (224 -128 -144 ) (224 -128 -40 ) (224 -96 -40 ) 
4 112 114 (224 0 -40 ) (224 0 -144 ) (224 -96 -144 ) (224 -96 -40 ) 
4 113 116 (96 -96 -32 ) (32 -96 -32 ) (32 -96 -40 ) (96 -96 -40 ) 
4 113 114 (32 -96 -40 ) (32 -32 -40 ) (224 -32 -40 ) (224 -96 -40 ) 
4 114 129 (32 -96 -144 ) (32 -88 -144 ) (128 -88 -144 ) (128 -96 -144 ) 
4 114 128 (32 -72 -144 ) (32 -56 -144 ) (96 -56 -144 ) (96 -72 -144 ) 
4 114 127 (112 -40 -144 ) (128 -40 -144 ) (128 -88 -144 ) (112 -88 -144 ) 
4 114 126 (32 -40 -144 ) (32 -24 -144 ) (128 -24 -144 ) (128 -40 -144 ) 
4 114 124 (32 -8 -144 ) (32 0 -144 ) (128 0 -144 ) (128 -8 -144 ) 
4 114 119 (32 0 -40 ) (32 0 -144 ) (32 -96 -144 ) (32 -96 -40 ) 
4 114 117 (32 -96 -144 ) (128 -96 -144 ) (128 -96 -40 ) (32 -96 -40 ) 
4 114 115 (128 -96 -144 ) (224 -96 -144 ) (224 -96 -40 ) (128 -96 -40 ) 
4 115 117 (128 -96 -40 ) (128 -96 -144 ) (128 -128 -144 ) (128 -128 -40 ) 
4 116 117 (96 -224 -40 ) (32 -224 -40 ) (32 -96 -40 ) (96 -96 -40 ) 
4 117 130 (32 -128 -144 ) (32 -120 -144 ) (128 -120 -144 ) (128 -128 -144 ) 
4 117 129 (32 -104 -144 ) (32 -96 -144 ) (128 -96 -144 ) (128 -104 -144 ) 
4 117 119 (32 -96 -144 ) (32 -224 -144 ) (32 -224 -40 ) (32 -96 -40 ) 
4 117 118 (32 -224 -144 ) (128 -224 -144 ) (128 -224 -40 ) (32 -224 -40 ) 
4 118 323 (32 -256 -40 ) (32 -256 -144 ) (128 -256 -144 ) (128 -256 -40 ) 
4 118 119 (32 -224 -144 ) (32 -256 -144 ) (32 -256 -40 ) (32 -224 -40 ) 
4 119 323 (0 -256 -40 ) (0 -256 -144 ) (32 -256 -144 ) (32 -256 -40 ) 
4 119 130 (32 -120 -144 ) (32 -128 -144 ) (16 -128 -144 ) (16 -120 -144 ) 
4 119 128 (32 -56 -144 ) (32 -72 -144 ) (16 -72 -144 ) (16 -56 -144 ) 
4 119 131 (0 -128 -144 ) (0 -8 -144 ) (16 -8 -144 ) (16 -128 -144 ) 
4 119 124 (0 -8 -144 ) (0 0 -144 ) (32 0 -144 ) (32 -8 -144 ) 
4 120 122 (256 -128 -256 ) (1024 -128 -256 ) (1024 -128 -168 ) (256 -128 -168 ) 
4 121 241 (864 -256 -144 ) (256 -256 -144 ) (256 -256 -160 ) (864 -256 -160 ) 
4 121 236 (1024 -256 -160 ) (1024 -256 -144 ) (864 -256 -144 ) (864 -256 -160 ) 
4 121 122 (256 -256 -160 ) (256 -128 -160 ) (1024 -128 -160 ) (1024 -256 -160 ) 
4 122 242 (256 -256 -256 ) (864 -256 -256 ) (864 -256 -160 ) (256 -256 -160 ) 
4 122 237 (864 -256 -256 ) (1024 -256 -256 ) (1024 -256 -160 ) (864 -256 -160 ) 
4 123 132 (128 -8 -256 ) (128 -128 -256 ) (128 -128 -168 ) (128 -8 -168 ) 
4 123 125 (128 0 -168 ) (128 0 -256 ) (128 -8 -256 ) (128 -8 -168 ) 
4 124 131 (0 -8 -144 ) (0 -8 -160 ) (16 -8 -160 ) (16 -8 -144 ) 
4 124 125 (0 -8 -160 ) (0 0 -160 ) (128 0 -160 ) (128 -8 -160 ) 
4 125 132 (0 -8 -160 ) (0 -8 -256 ) (128 -8 -256 ) (128 -8 -160 ) 
4 126 127 (112 -40 -160 ) (128 -40 -160 ) (128 -40 -144 ) (112 -40 -144 ) 
4 126 132 (128 -24 -160 ) (128 -40 -160 ) (32 -40 -160 ) (32 -24 -160 ) 
4 127 129 (112 -88 -160 ) (128 -88 -160 ) (128 -88 -144 ) (112 -88 -144 ) 
4 127 132 (112 -40 -160 ) (128 -40 -160 ) (128 -88 -160 ) (112 -88 -160 ) 
4 128 131 (16 -72 -144 ) (16 -56 -144 ) (16 -56 -160 ) (16 -72 -160 ) 
4 128 132 (16 -72 -160 ) (16 -56 -160 ) (96 -56 -160 ) (96 -72 -160 ) 
4 129 132 (32 -88 -160 ) (128 -88 -160 ) (128 -104 -160 ) (32 -104 -160 ) 
4 130 131 (16 -128 -160 ) (16 -128 -144 ) (16 -120 -144 ) (16 -120 -160 ) 
4 130 132 (128 -128 -160 ) (16 -128 -160 ) (16 -120 -160 ) (128 -120 -160 ) 
4 131 132 (16 -128 -160 ) (0 -128 -160 ) (0 -8 -160 ) (16 -8 -160 ) 
4 132 133 (0 -128 -168 ) (0 -128 -256 ) (128 -128 -256 ) (128 -128 -168 ) 
4 134 138 (864 -256 640 ) (864 -256 624 ) (864 -416 624 ) (864 -416 640 ) 
4 134 135 (1024 -640 624 ) (1024 -640 640 ) (960 -640 640 ) (960 -640 624 ) 
4 134 136 (864 -640 624 ) (864 -256 624 ) (1024 -256 624 ) (1024 -640 624 ) 
4 135 137 (1024 -704 624 ) (1024 -704 640 ) (960 -704 640 ) (960 -704 624 ) 
4 135 136 (960 -640 624 ) (1024 -640 624 ) (1024 -704 624 ) (960 -704 624 ) 
4 136 234 (1024 -608 256 ) (1024 -704 256 ) (864 -704 256 ) (864 -608 256 ) 
4 136 233 (864 -256 256 ) (1024 -256 256 ) (1024 -608 256 ) (864 -608 256 ) 
4 136 175 (864 -256 320 ) (864 -256 256 ) (864 -416 256 ) (864 -416 320 ) 
4 136 173 (864 -256 448 ) (864 -256 320 ) (864 -416 320 ) (864 -416 448 ) 
4 136 138 (864 -256 624 ) (864 -256 448 ) (864 -416 448 ) (864 -416 624 ) 
4 136 137 (864 -704 256 ) (1024 -704 256 ) (1024 -704 624 ) (864 -704 624 ) 
4 137 326 (1024 -1248 256 ) (1024 -1248 640 ) (864 -1248 640 ) (864 -1248 256 ) 
4 137 312 (1024 -928 256 ) (1024 -1248 256 ) (864 -1248 256 ) (864 -928 256 ) 
4 137 234 (1024 -704 256 ) (1024 -736 256 ) (864 -736 256 ) (864 -704 256 ) 
4 137 235 (1024 -736 256 ) (1024 -928 256 ) (864 -928 256 ) (864 -736 256 ) 
4 137 202 (864 -928 256 ) (864 -1248 256 ) (864 -1248 640 ) (864 -928 640 ) 
4 138 227 (160 -416 640 ) (160 -256 640 ) (160 -256 624 ) (160 -416 624 ) 
4 138 229 (160 -256 624 ) (160 -256 448 ) (160 -416 448 ) (160 -416 624 ) 
4 138 177 (160 -416 448 ) (160 -256 448 ) (576 -256 448 ) (576 -416 448 ) 
4 138 173 (704 -256 448 ) (864 -256 448 ) (864 -416 448 ) (704 -416 448 ) 
4 138 174 (576 -256 448 ) (704 -256 448 ) (704 -416 448 ) (576 -416 448 ) 
4 139 178 (768 -448 448 ) (832 -448 448 ) (832 -896 448 ) (768 -896 448 ) 
4 139 157 (768 -896 576 ) (768 -896 640 ) (768 -848 640 ) (768 -848 576 ) 
4 139 156 (768 -848 640 ) (768 -816 640 ) (768 -816 608 ) (768 -848 608 ) 
4 139 154 (768 -816 640 ) (768 -768 640 ) (768 -768 608 ) (768 -816 608 ) 
4 139 159 (768 -768 448 ) (768 -896 448 ) (768 -896 576 ) (768 -768 576 ) 
4 139 151 (768 -768 608 ) (768 -768 640 ) (768 -736 640 ) (768 -736 608 ) 
4 139 152 (768 -736 448 ) (768 -768 448 ) (768 -768 576 ) (768 -736 576 ) 
4 139 147 (768 -608 640 ) (768 -576 640 ) (768 -576 608 ) (768 -608 608 ) 
4 139 148 (768 -736 576 ) (768 -736 640 ) (768 -608 640 ) (768 -608 576 ) 
4 139 150 (768 -576 448 ) (768 -736 448 ) (768 -736 576 ) (768 -576 576 ) 
4 139 143 (768 -576 608 ) (768 -576 640 ) (768 -528 640 ) (768 -528 608 ) 
4 139 142 (768 -528 640 ) (768 -496 640 ) (768 -496 608 ) (768 -528 608 ) 
4 139 140 (768 -496 640 ) (768 -448 640 ) (768 -448 576 ) (768 -496 576 ) 
4 139 145 (768 -448 448 ) (768 -576 448 ) (768 -576 576 ) (768 -448 576 ) 
4 140 142 (768 -496 608 ) (768 -496 640 ) (608 -496 640 ) (608 -496 608 ) 
4 140 141 (608 -448 640 ) (608 -448 608 ) (608 -496 608 ) (608 -496 640 ) 
4 140 145 (608 -448 576 ) (768 -448 576 ) (768 -496 576 ) (608 -496 576 ) 
4 141 142 (576 -496 640 ) (576 -496 608 ) (608 -496 608 ) (608 -496 640 ) 
4 141 146 (576 -496 640 ) (576 -448 640 ) (576 -448 608 ) (576 -496 608 ) 
4 142 143 (768 -528 608 ) (768 -528 640 ) (736 -528 640 ) (736 -528 608 ) 
4 142 144 (736 -528 640 ) (576 -528 640 ) (576 -528 608 ) (736 -528 608 ) 
4 142 146 (576 -528 640 ) (576 -496 640 ) (576 -496 608 ) (576 -528 608 ) 
4 143 147 (768 -576 608 ) (768 -576 640 ) (736 -576 640 ) (736 -576 608 ) 
4 143 144 (736 -528 640 ) (736 -528 608 ) (736 -576 608 ) (736 -576 640 ) 
4 144 149 (608 -576 640 ) (576 -576 640 ) (576 -576 608 ) (608 -576 608 ) 
4 144 147 (736 -576 640 ) (608 -576 640 ) (608 -576 608 ) (736 -576 608 ) 
4 144 145 (736 -576 576 ) (576 -576 576 ) (576 -528 576 ) (736 -528 576 ) 
4 144 146 (576 -576 576 ) (576 -576 640 ) (576 -528 640 ) (576 -528 576 ) 
4 145 179 (576 -448 448 ) (704 -448 448 ) (704 -576 448 ) (576 -576 448 ) 
4 145 178 (704 -448 448 ) (768 -448 448 ) (768 -576 448 ) (704 -576 448 ) 
4 145 150 (576 -576 448 ) (768 -576 448 ) (768 -576 576 ) (576 -576 576 ) 
4 145 146 (576 -448 448 ) (576 -576 448 ) (576 -576 576 ) (576 -448 576 ) 
4 146 201 (512 -448 448 ) (576 -448 448 ) (576 -576 448 ) (512 -576 448 ) 
4 146 161 (512 -448 512 ) (512 -448 448 ) (512 -576 448 ) (512 -576 512 ) 
4 146 153 (512 -576 640 ) (512 -576 448 ) (576 -576 448 ) (576 -576 640 ) 
4 147 149 (608 -576 640 ) (608 -576 608 ) (608 -608 608 ) (608 -608 640 ) 
4 147 148 (768 -608 608 ) (768 -608 640 ) (608 -608 640 ) (608 -608 608 ) 
4 148 151 (768 -736 608 ) (768 -736 640 ) (608 -736 640 ) (608 -736 608 ) 
4 148 149 (608 -736 608 ) (608 -736 640 ) (608 -608 640 ) (608 -608 608 ) 
4 148 150 (768 -608 576 ) (768 -736 576 ) (608 -736 576 ) (608 -608 576 ) 
4 149 151 (608 -736 640 ) (576 -736 640 ) (576 -736 608 ) (608 -736 608 ) 
4 149 153 (576 -736 608 ) (576 -736 640 ) (576 -576 640 ) (576 -576 608 ) 
4 150 189 (704 -736 448 ) (576 -736 448 ) (576 -608 448 ) (704 -608 448 ) 
4 150 187 (576 -608 448 ) (576 -576 448 ) (592 -576 448 ) (592 -608 448 ) 
4 150 184 (632 -576 448 ) (648 -576 448 ) (648 -608 448 ) (632 -608 448 ) 
4 150 186 (592 -576 448 ) (632 -576 448 ) (632 -608 448 ) (592 -608 448 ) 
4 150 181 (688 -576 448 ) (704 -576 448 ) (704 -608 448 ) (688 -608 448 ) 
4 150 183 (648 -576 448 ) (688 -576 448 ) (688 -608 448 ) (648 -608 448 ) 
4 150 178 (768 -576 448 ) (768 -736 448 ) (704 -736 448 ) (704 -576 448 ) 
4 150 152 (576 -736 448 ) (768 -736 448 ) (768 -736 576 ) (576 -736 576 ) 
4 150 153 (576 -576 448 ) (576 -736 448 ) (576 -736 576 ) (576 -576 576 ) 
4 151 154 (768 -768 608 ) (768 -768 640 ) (736 -768 640 ) (736 -768 608 ) 
4 151 155 (736 -768 640 ) (576 -768 640 ) (576 -768 608 ) (736 -768 608 ) 
4 151 153 (576 -768 608 ) (576 -768 640 ) (576 -736 640 ) (576 -736 608 ) 
4 152 197 (592 -768 448 ) (576 -768 448 ) (576 -736 448 ) (592 -736 448 ) 
4 152 196 (632 -768 448 ) (592 -768 448 ) (592 -736 448 ) (632 -736 448 ) 
4 152 194 (648 -768 448 ) (632 -768 448 ) (632 -736 448 ) (648 -736 448 ) 
4 152 191 (704 -768 448 ) (688 -768 448 ) (688 -736 448 ) (704 -736 448 ) 
4 152 193 (688 -768 448 ) (648 -768 448 ) (648 -736 448 ) (688 -736 448 ) 
4 152 178 (768 -736 448 ) (768 -768 448 ) (704 -768 448 ) (704 -736 448 ) 
4 152 159 (576 -768 448 ) (768 -768 448 ) (768 -768 576 ) (576 -768 576 ) 
4 152 153 (576 -736 448 ) (576 -768 448 ) (576 -768 576 ) (576 -736 576 ) 
4 153 201 (576 -768 448 ) (512 -768 448 ) (512 -576 448 ) (576 -576 448 ) 
4 153 166 (512 -640 448 ) (512 -768 448 ) (512 -768 512 ) (512 -640 512 ) 
4 153 161 (512 -576 448 ) (512 -640 448 ) (512 -640 512 ) (512 -576 512 ) 
4 153 160 (512 -768 448 ) (576 -768 448 ) (576 -768 640 ) (512 -768 640 ) 
4 154 156 (768 -816 608 ) (768 -816 640 ) (736 -816 640 ) (736 -816 608 ) 
4 154 155 (736 -768 640 ) (736 -768 608 ) (736 -816 608 ) (736 -816 640 ) 
4 155 156 (736 -816 608 ) (736 -816 640 ) (576 -816 640 ) (576 -816 608 ) 
4 155 159 (576 -816 576 ) (576 -768 576 ) (736 -768 576 ) (736 -816 576 ) 
4 155 160 (576 -768 640 ) (576 -768 576 ) (576 -816 576 ) (576 -816 640 ) 
4 156 158 (576 -848 640 ) (576 -848 608 ) (608 -848 608 ) (608 -848 640 ) 
4 156 157 (608 -848 608 ) (768 -848 608 ) (768 -848 640 ) (608 -848 640 ) 
4 156 160 (576 -848 608 ) (576 -848 640 ) (576 -816 640 ) (576 -816 608 ) 
4 157 158 (608 -848 640 ) (608 -848 608 ) (608 -896 608 ) (608 -896 640 ) 
4 157 159 (768 -896 576 ) (608 -896 576 ) (608 -848 576 ) (768 -848 576 ) 
4 158 160 (576 -896 608 ) (576 -896 640 ) (576 -848 640 ) (576 -848 608 ) 
4 159 199 (704 -896 448 ) (576 -896 448 ) (576 -768 448 ) (704 -768 448 ) 
4 159 178 (768 -768 448 ) (768 -896 448 ) (704 -896 448 ) (704 -768 448 ) 
4 159 160 (576 -768 576 ) (576 -768 448 ) (576 -896 448 ) (576 -896 576 ) 
4 160 201 (576 -896 448 ) (512 -896 448 ) (512 -768 448 ) (576 -768 448 ) 
4 160 166 (512 -768 448 ) (512 -896 448 ) (512 -896 512 ) (512 -768 512 ) 
4 161 201 (320 -448 448 ) (512 -448 448 ) (512 -640 448 ) (320 -640 448 ) 
4 161 166 (320 -640 448 ) (512 -640 448 ) (512 -640 512 ) (320 -640 512 ) 
4 161 165 (320 -640 512 ) (320 -576 512 ) (320 -576 448 ) (320 -640 448 ) 
4 161 162 (320 -512 512 ) (320 -448 512 ) (320 -448 448 ) (320 -512 448 ) 
4 162 201 (192 -448 448 ) (320 -448 448 ) (320 -512 448 ) (192 -512 448 ) 
4 162 164 (192 -512 512 ) (192 -512 448 ) (256 -512 448 ) (256 -512 512 ) 
4 163 201 (264 -568 448 ) (264 -520 448 ) (312 -520 448 ) (312 -568 448 ) 
4 164 201 (256 -576 448 ) (192 -576 448 ) (192 -512 448 ) (256 -512 448 ) 
4 164 165 (192 -576 448 ) (256 -576 448 ) (256 -576 512 ) (192 -576 512 ) 
4 165 201 (320 -576 448 ) (320 -640 448 ) (192 -640 448 ) (192 -576 448 ) 
4 165 169 (192 -640 512 ) (192 -640 448 ) (256 -640 448 ) (256 -640 512 ) 
4 166 201 (512 -640 448 ) (512 -896 448 ) (320 -896 448 ) (320 -640 448 ) 
4 166 171 (320 -832 448 ) (320 -896 448 ) (320 -896 512 ) (320 -832 512 ) 
4 166 168 (320 -704 448 ) (320 -768 448 ) (320 -768 512 ) (320 -704 512 ) 
4 167 201 (264 -696 448 ) (264 -648 448 ) (312 -648 448 ) (312 -696 448 ) 
4 168 201 (320 -704 448 ) (320 -768 448 ) (256 -768 448 ) (256 -704 448 ) 
4 168 169 (256 -704 448 ) (256 -768 448 ) (256 -768 512 ) (256 -704 512 ) 
4 169 201 (192 -768 448 ) (192 -640 448 ) (256 -640 448 ) (256 -768 448 ) 
4 169 172 (192 -768 512 ) (192 -768 448 ) (256 -768 448 ) (256 -768 512 ) 
4 170 201 (264 -824 448 ) (264 -776 448 ) (312 -776 448 ) (312 -824 448 ) 
4 171 201 (320 -896 448 ) (256 -896 448 ) (256 -832 448 ) (320 -832 448 ) 
4 171 172 (256 -832 448 ) (256 -896 448 ) (256 -896 512 ) (256 -832 512 ) 
4 172 201 (256 -896 448 ) (192 -896 448 ) (192 -768 448 ) (256 -768 448 ) 
4 173 175 (704 -416 320 ) (704 -256 320 ) (864 -256 320 ) (864 -416 320 ) 
4 173 174 (704 -256 448 ) (704 -256 320 ) (704 -416 320 ) (704 -416 448 ) 
4 174 179 (704 -448 448 ) (576 -448 448 ) (576 -448 320 ) (704 -448 320 ) 
4 174 177 (576 -256 448 ) (576 -256 320 ) (576 -416 320 ) (576 -416 448 ) 
4 175 238 (704 -256 256 ) (864 -256 256 ) (864 -416 256 ) (704 -416 256 ) 
4 175 176 (704 -256 304 ) (704 -256 256 ) (704 -416 256 ) (704 -416 304 ) 
4 176 238 (576 -256 256 ) (704 -256 256 ) (704 -416 256 ) (576 -416 256 ) 
4 176 177 (576 -256 304 ) (576 -256 256 ) (576 -416 256 ) (576 -416 304 ) 
4 177 239 (384 -256 256 ) (512 -256 256 ) (512 -416 256 ) (384 -416 256 ) 
4 177 240 (160 -256 256 ) (384 -256 256 ) (384 -416 256 ) (160 -416 256 ) 
4 177 238 (512 -256 256 ) (576 -256 256 ) (576 -416 256 ) (512 -416 256 ) 
4 177 229 (160 -256 256 ) (160 -416 256 ) (160 -416 448 ) (160 -256 448 ) 
4 178 280 (832 -896 256 ) (704 -896 256 ) (704 -736 256 ) (832 -736 256 ) 
4 178 244 (704 -736 256 ) (704 -608 256 ) (832 -608 256 ) (832 -736 256 ) 
4 178 243 (704 -608 256 ) (704 -448 256 ) (832 -448 256 ) (832 -608 256 ) 
4 178 199 (704 -896 320 ) (704 -896 448 ) (704 -768 448 ) (704 -768 320 ) 
4 178 200 (704 -768 256 ) (704 -896 256 ) (704 -896 304 ) (704 -768 304 ) 
4 178 191 (704 -768 320 ) (704 -768 448 ) (704 -736 448 ) (704 -736 320 ) 
4 178 192 (704 -736 256 ) (704 -768 256 ) (704 -768 304 ) (704 -736 304 ) 
4 178 190 (704 -608 256 ) (704 -736 256 ) (704 -736 304 ) (704 -608 304 ) 
4 178 189 (704 -736 320 ) (704 -736 448 ) (704 -608 448 ) (704 -608 320 ) 
4 178 181 (704 -608 320 ) (704 -608 448 ) (704 -576 448 ) (704 -576 320 ) 
4 178 182 (704 -576 256 ) (704 -608 256 ) (704 -608 304 ) (704 -576 304 ) 
4 178 179 (704 -576 320 ) (704 -576 448 ) (704 -448 448 ) (704 -448 320 ) 
4 178 180 (704 -448 256 ) (704 -576 256 ) (704 -576 304 ) (704 -448 304 ) 
4 179 201 (576 -448 448 ) (576 -448 320 ) (576 -576 320 ) (576 -576 448 ) 
4 179 187 (576 -576 448 ) (576 -576 320 ) (592 -576 320 ) (592 -576 448 ) 
4 179 184 (632 -576 320 ) (648 -576 320 ) (648 -576 448 ) (632 -576 448 ) 
4 179 186 (592 -576 320 ) (632 -576 320 ) (632 -576 448 ) (592 -576 448 ) 
4 179 181 (688 -576 320 ) (704 -576 320 ) (704 -576 448 ) (688 -576 448 ) 
4 179 183 (648 -576 320 ) (688 -576 320 ) (688 -576 448 ) (648 -576 448 ) 
4 180 243 (576 -576 256 ) (576 -448 256 ) (704 -448 256 ) (704 -576 256 ) 
4 180 201 (576 -448 304 ) (576 -448 256 ) (576 -576 256 ) (576 -576 304 ) 
4 180 188 (576 -576 304 ) (576 -576 256 ) (592 -576 256 ) (592 -576 304 ) 
4 180 185 (632 -576 256 ) (648 -576 256 ) (648 -576 304 ) (632 -576 304 ) 
4 180 186 (592 -576 256 ) (632 -576 256 ) (632 -576 304 ) (592 -576 304 ) 
4 180 182 (688 -576 256 ) (704 -576 256 ) (704 -576 304 ) (688 -576 304 ) 
4 180 183 (648 -576 256 ) (688 -576 256 ) (688 -576 304 ) (648 -576 304 ) 
4 181 189 (704 -608 320 ) (704 -608 448 ) (688 -608 448 ) (688 -608 320 ) 
4 181 183 (688 -608 320 ) (688 -608 448 ) (688 -576 448 ) (688 -576 320 ) 
4 182 243 (688 -576 256 ) (704 -576 256 ) (704 -608 256 ) (688 -608 256 ) 
4 182 190 (688 -608 256 ) (704 -608 256 ) (704 -608 304 ) (688 -608 304 ) 
4 182 183 (688 -576 256 ) (688 -608 256 ) (688 -608 304 ) (688 -576 304 ) 
4 183 243 (648 -576 256 ) (688 -576 256 ) (688 -608 256 ) (648 -608 256 ) 
4 183 190 (648 -608 256 ) (688 -608 256 ) (688 -608 304 ) (648 -608 304 ) 
4 183 189 (688 -608 320 ) (688 -608 448 ) (648 -608 448 ) (648 -608 320 ) 
4 183 185 (648 -576 304 ) (648 -576 256 ) (648 -608 256 ) (648 -608 304 ) 
4 183 184 (648 -576 448 ) (648 -576 320 ) (648 -608 320 ) (648 -608 448 ) 
4 184 189 (648 -608 320 ) (648 -608 448 ) (632 -608 448 ) (632 -608 320 ) 
4 184 186 (632 -576 448 ) (632 -576 320 ) (632 -608 320 ) (632 -608 448 ) 
4 185 243 (632 -576 256 ) (648 -576 256 ) (648 -608 256 ) (632 -608 256 ) 
4 185 190 (632 -608 256 ) (648 -608 256 ) (648 -608 304 ) (632 -608 304 ) 
4 185 186 (632 -576 304 ) (632 -576 256 ) (632 -608 256 ) (632 -608 304 ) 
4 186 243 (592 -576 256 ) (632 -576 256 ) (632 -608 256 ) (592 -608 256 ) 
4 186 190 (592 -608 256 ) (632 -608 256 ) (632 -608 304 ) (592 -608 304 ) 
4 186 189 (632 -608 320 ) (632 -608 448 ) (592 -608 448 ) (592 -608 320 ) 
4 186 187 (592 -608 320 ) (592 -608 448 ) (592 -576 448 ) (592 -576 320 ) 
4 186 188 (592 -576 256 ) (592 -608 256 ) (592 -608 304 ) (592 -576 304 ) 
4 187 201 (576 -608 320 ) (576 -608 448 ) (576 -576 448 ) (576 -576 320 ) 
4 187 189 (592 -608 320 ) (592 -608 448 ) (576 -608 448 ) (576 -608 320 ) 
4 188 243 (576 -608 256 ) (576 -576 256 ) (592 -576 256 ) (592 -608 256 ) 
4 188 201 (576 -576 256 ) (576 -608 256 ) (576 -608 304 ) (576 -576 304 ) 
4 188 190 (576 -608 256 ) (592 -608 256 ) (592 -608 304 ) (576 -608 304 ) 
4 189 201 (576 -736 320 ) (576 -736 448 ) (576 -608 448 ) (576 -608 320 ) 
4 189 197 (576 -736 448 ) (576 -736 320 ) (592 -736 320 ) (592 -736 448 ) 
4 189 196 (592 -736 320 ) (632 -736 320 ) (632 -736 448 ) (592 -736 448 ) 
4 189 194 (632 -736 320 ) (648 -736 320 ) (648 -736 448 ) (632 -736 448 ) 
4 189 191 (688 -736 320 ) (704 -736 320 ) (704 -736 448 ) (688 -736 448 ) 
4 189 193 (648 -736 320 ) (688 -736 320 ) (688 -736 448 ) (648 -736 448 ) 
4 190 254 (576 -736 256 ) (576 -608 256 ) (672 -608 256 ) (672 -736 256 ) 
4 190 252 (704 -720 256 ) (704 -736 256 ) (672 -736 256 ) (672 -720 256 ) 
4 190 249 (704 -664 256 ) (704 -680 256 ) (672 -680 256 ) (672 -664 256 ) 
4 190 250 (704 -680 256 ) (704 -720 256 ) (672 -720 256 ) (672 -680 256 ) 
4 190 246 (672 -608 256 ) (704 -608 256 ) (704 -624 256 ) (672 -624 256 ) 
4 190 247 (704 -624 256 ) (704 -664 256 ) (672 -664 256 ) (672 -624 256 ) 
4 190 201 (576 -608 256 ) (576 -736 256 ) (576 -736 304 ) (576 -608 304 ) 
4 190 198 (576 -736 304 ) (576 -736 256 ) (592 -736 256 ) (592 -736 304 ) 
4 190 196 (592 -736 256 ) (632 -736 256 ) (632 -736 304 ) (592 -736 304 ) 
4 190 195 (632 -736 256 ) (648 -736 256 ) (648 -736 304 ) (632 -736 304 ) 
4 190 192 (688 -736 256 ) (704 -736 256 ) (704 -736 304 ) (688 -736 304 ) 
4 190 193 (648 -736 256 ) (688 -736 256 ) (688 -736 304 ) (648 -736 304 ) 
4 191 199 (704 -768 320 ) (704 -768 448 ) (688 -768 448 ) (688 -768 320 ) 
4 191 193 (688 -768 320 ) (688 -768 448 ) (688 -736 448 ) (688 -736 320 ) 
4 192 280 (688 -736 256 ) (704 -736 256 ) (704 -768 256 ) (688 -768 256 ) 
4 192 200 (688 -768 256 ) (704 -768 256 ) (704 -768 304 ) (688 -768 304 ) 
4 192 193 (688 -736 256 ) (688 -768 256 ) (688 -768 304 ) (688 -736 304 ) 
4 193 280 (648 -736 256 ) (688 -736 256 ) (688 -768 256 ) (648 -768 256 ) 
4 193 199 (688 -768 320 ) (688 -768 448 ) (648 -768 448 ) (648 -768 320 ) 
4 193 200 (648 -768 256 ) (688 -768 256 ) (688 -768 304 ) (648 -768 304 ) 
4 193 195 (648 -736 304 ) (648 -736 256 ) (648 -768 256 ) (648 -768 304 ) 
4 193 194 (648 -736 448 ) (648 -736 320 ) (648 -768 320 ) (648 -768 448 ) 
4 194 199 (648 -768 320 ) (648 -768 448 ) (632 -768 448 ) (632 -768 320 ) 
4 194 196 (632 -768 320 ) (632 -768 448 ) (632 -736 448 ) (632 -736 320 ) 
4 195 280 (632 -736 256 ) (648 -736 256 ) (648 -768 256 ) (632 -768 256 ) 
4 195 200 (632 -768 256 ) (648 -768 256 ) (648 -768 304 ) (632 -768 304 ) 
4 195 196 (632 -736 256 ) (632 -768 256 ) (632 -768 304 ) (632 -736 304 ) 
4 196 280 (592 -736 256 ) (632 -736 256 ) (632 -768 256 ) (592 -768 256 ) 
4 196 199 (632 -768 320 ) (632 -768 448 ) (592 -768 448 ) (592 -768 320 ) 
4 196 200 (592 -768 256 ) (632 -768 256 ) (632 -768 304 ) (592 -768 304 ) 
4 196 198 (592 -736 304 ) (592 -736 256 ) (592 -768 256 ) (592 -768 304 ) 
4 196 197 (592 -736 448 ) (592 -736 320 ) (592 -768 320 ) (592 -768 448 ) 
4 197 201 (576 -768 320 ) (576 -768 448 ) (576 -736 448 ) (576 -736 320 ) 
4 197 199 (592 -768 320 ) (592 -768 448 ) (576 -768 448 ) (576 -768 320 ) 
4 198 280 (576 -768 256 ) (576 -736 256 ) (592 -736 256 ) (592 -768 256 ) 
4 198 201 (576 -736 256 ) (576 -768 256 ) (576 -768 304 ) (576 -736 304 ) 
4 198 200 (576 -768 256 ) (592 -768 256 ) (592 -768 304 ) (576 -768 304 ) 
4 199 213 (704 -896 320 ) (704 -896 448 ) (576 -896 448 ) (576 -896 320 ) 
4 199 201 (576 -896 320 ) (576 -896 448 ) (576 -768 448 ) (576 -768 320 ) 
4 200 280 (704 -896 256 ) (576 -896 256 ) (576 -768 256 ) (704 -768 256 ) 
4 200 201 (576 -768 256 ) (576 -896 256 ) (576 -896 304 ) (576 -768 304 ) 
4 201 292 (384 -896 256 ) (192 -896 256 ) (192 -448 256 ) (384 -448 256 ) 
4 201 281 (512 -896 256 ) (384 -896 256 ) (384 -736 256 ) (512 -736 256 ) 
4 201 280 (576 -896 256 ) (512 -896 256 ) (512 -736 256 ) (576 -736 256 ) 
4 201 278 (384 -736 256 ) (384 -640 256 ) (416 -640 256 ) (416 -736 256 ) 
4 201 277 (512 -704 256 ) (512 -736 256 ) (416 -736 256 ) (416 -704 256 ) 
4 201 276 (416 -640 256 ) (480 -640 256 ) (480 -704 256 ) (416 -704 256 ) 
4 201 275 (480 -640 256 ) (512 -640 256 ) (512 -704 256 ) (480 -704 256 ) 
4 201 274 (384 -640 256 ) (384 -608 256 ) (512 -608 256 ) (512 -640 256 ) 
4 201 272 (384 -608 256 ) (384 -576 256 ) (400 -576 256 ) (400 -608 256 ) 
4 201 271 (400 -576 256 ) (440 -576 256 ) (440 -608 256 ) (400 -608 256 ) 
4 201 269 (440 -576 256 ) (456 -576 256 ) (456 -608 256 ) (440 -608 256 ) 
4 201 266 (496 -576 256 ) (512 -576 256 ) (512 -608 256 ) (496 -608 256 ) 
4 201 267 (456 -576 256 ) (496 -576 256 ) (496 -608 256 ) (456 -608 256 ) 
4 201 264 (384 -576 256 ) (384 -448 256 ) (512 -448 256 ) (512 -576 256 ) 
4 201 262 (544 -736 256 ) (512 -736 256 ) (512 -720 256 ) (544 -720 256 ) 
4 201 259 (512 -680 256 ) (512 -664 256 ) (544 -664 256 ) (544 -680 256 ) 
4 201 260 (512 -720 256 ) (512 -680 256 ) (544 -680 256 ) (544 -720 256 ) 
4 201 256 (512 -624 256 ) (512 -608 256 ) (544 -608 256 ) (544 -624 256 ) 
4 201 257 (512 -664 256 ) (512 -624 256 ) (544 -624 256 ) (544 -664 256 ) 
4 201 254 (576 -608 256 ) (576 -736 256 ) (544 -736 256 ) (544 -608 256 ) 
4 201 243 (512 -448 256 ) (576 -448 256 ) (576 -608 256 ) (512 -608 256 ) 
4 202 326 (864 -1248 640 ) (736 -1248 640 ) (736 -1248 256 ) (864 -1248 256 ) 
4 202 312 (864 -928 256 ) (864 -1248 256 ) (736 -1248 256 ) (736 -928 256 ) 
4 202 203 (736 -1248 528 ) (736 -1248 640 ) (736 -928 640 ) (736 -928 528 ) 
4 203 326 (736 -1248 640 ) (352 -1248 640 ) (352 -1248 528 ) (736 -1248 528 ) 
4 203 226 (352 -1248 528 ) (352 -1248 640 ) (352 -928 640 ) (352 -928 528 ) 
4 204 206 (672 -928 504 ) (672 -960 504 ) (560 -960 504 ) (560 -928 504 ) 
4 204 207 (672 -960 512 ) (560 -960 512 ) (560 -960 504 ) (672 -960 504 ) 
4 205 206 (528 -928 504 ) (528 -960 504 ) (416 -960 504 ) (416 -928 504 ) 
4 205 207 (528 -960 512 ) (416 -960 512 ) (416 -960 504 ) (528 -960 504 ) 
4 206 214 (384 -960 448 ) (384 -928 448 ) (576 -928 448 ) (576 -960 448 ) 
4 206 213 (576 -928 448 ) (704 -928 448 ) (704 -960 448 ) (576 -960 448 ) 
4 206 207 (384 -960 448 ) (704 -960 448 ) (704 -960 504 ) (384 -960 504 ) 
4 207 214 (384 -1056 448 ) (384 -960 448 ) (576 -960 448 ) (576 -1056 448 ) 
4 207 213 (576 -960 448 ) (704 -960 448 ) (704 -1056 448 ) (576 -1056 448 ) 
4 207 212 (384 -1056 504 ) (384 -1056 448 ) (416 -1056 448 ) (416 -1056 504 ) 
4 207 210 (528 -1056 448 ) (560 -1056 448 ) (560 -1056 504 ) (528 -1056 504 ) 
4 207 211 (416 -1056 448 ) (528 -1056 448 ) (528 -1056 512 ) (416 -1056 512 ) 
4 207 208 (672 -1056 448 ) (704 -1056 448 ) (704 -1056 504 ) (672 -1056 504 ) 
4 207 209 (560 -1056 448 ) (672 -1056 448 ) (672 -1056 512 ) (560 -1056 512 ) 
4 208 219 (672 -1088 448 ) (704 -1088 448 ) (704 -1088 464 ) (672 -1088 464 ) 
4 208 213 (672 -1056 448 ) (704 -1056 448 ) (704 -1088 448 ) (672 -1088 448 ) 
4 208 209 (672 -1056 448 ) (672 -1088 448 ) (672 -1088 504 ) (672 -1056 504 ) 
4 209 219 (576 -1088 448 ) (672 -1088 448 ) (672 -1088 464 ) (576 -1088 464 ) 
4 209 214 (560 -1056 448 ) (576 -1056 448 ) (576 -1088 448 ) (560 -1088 448 ) 
4 209 213 (576 -1056 448 ) (672 -1056 448 ) (672 -1088 448 ) (576 -1088 448 ) 
4 209 210 (560 -1056 504 ) (560 -1056 448 ) (560 -1088 448 ) (560 -1088 504 ) 
4 210 214 (528 -1056 448 ) (560 -1056 448 ) (560 -1088 448 ) (528 -1088 448 ) 
4 210 211 (528 -1056 504 ) (528 -1056 448 ) (528 -1088 448 ) (528 -1088 504 ) 
4 211 214 (416 -1056 448 ) (528 -1056 448 ) (528 -1088 448 ) (416 -1088 448 ) 
4 211 212 (416 -1056 448 ) (416 -1088 448 ) (416 -1088 504 ) (416 -1056 504 ) 
4 212 214 (384 -1088 448 ) (384 -1056 448 ) (416 -1056 448 ) (416 -1088 448 ) 
4 213 219 (704 -1088 320 ) (704 -1088 448 ) (576 -1088 448 ) (576 -1088 320 ) 
4 213 214 (576 -1088 320 ) (576 -1088 448 ) (576 -928 448 ) (576 -928 320 ) 
4 214 314 (576 -928 256 ) (576 -1088 256 ) (384 -1088 256 ) (384 -928 256 ) 
4 214 221 (384 -1088 352 ) (384 -1088 256 ) (576 -1088 256 ) (576 -1088 352 ) 
4 215 218 (576 -1184 504 ) (576 -1184 464 ) (608 -1184 464 ) (608 -1184 504 ) 
4 215 217 (608 -1184 464 ) (672 -1184 464 ) (672 -1184 512 ) (608 -1184 512 ) 
4 215 216 (672 -1184 464 ) (704 -1184 464 ) (704 -1184 504 ) (672 -1184 504 ) 
4 215 219 (576 -1184 464 ) (576 -1120 464 ) (704 -1120 464 ) (704 -1184 464 ) 
4 216 217 (672 -1184 504 ) (672 -1184 464 ) (672 -1216 464 ) (672 -1216 504 ) 
4 216 219 (704 -1216 464 ) (672 -1216 464 ) (672 -1184 464 ) (704 -1184 464 ) 
4 217 218 (608 -1184 464 ) (608 -1216 464 ) (608 -1216 504 ) (608 -1184 504 ) 
4 217 219 (672 -1216 464 ) (608 -1216 464 ) (608 -1184 464 ) (672 -1184 464 ) 
4 218 219 (608 -1216 464 ) (576 -1216 464 ) (576 -1184 464 ) (608 -1184 464 ) 
4 219 313 (704 -1088 256 ) (704 -1216 256 ) (576 -1216 256 ) (576 -1088 256 ) 
4 219 222 (576 -1120 256 ) (576 -1216 256 ) (576 -1216 352 ) (576 -1120 352 ) 
4 219 221 (576 -1088 352 ) (576 -1088 256 ) (576 -1120 256 ) (576 -1120 352 ) 
4 221 314 (384 -1120 256 ) (384 -1088 256 ) (576 -1088 256 ) (576 -1120 256 ) 
4 221 225 (384 -1120 256 ) (544 -1120 256 ) (544 -1120 352 ) (384 -1120 352 ) 
4 221 222 (544 -1120 256 ) (576 -1120 256 ) (576 -1120 352 ) (544 -1120 352 ) 
4 222 314 (576 -1216 256 ) (544 -1216 256 ) (544 -1120 256 ) (576 -1120 256 ) 
4 222 225 (544 -1120 352 ) (544 -1120 256 ) (544 -1216 256 ) (544 -1216 352 ) 
4 223 224 (416 -1184 360 ) (512 -1184 360 ) (512 -1184 368 ) (416 -1184 368 ) 
4 223 225 (544 -1120 360 ) (544 -1184 360 ) (384 -1184 360 ) (384 -1120 360 ) 
4 224 225 (512 -1216 360 ) (416 -1216 360 ) (416 -1184 360 ) (512 -1184 360 ) 
4 225 314 (544 -1216 256 ) (384 -1216 256 ) (384 -1120 256 ) (544 -1120 256 ) 
4 226 326 (352 -1248 640 ) (160 -1248 640 ) (160 -1248 256 ) (352 -1248 256 ) 
4 226 317 (352 -1248 256 ) (160 -1248 256 ) (160 -928 256 ) (352 -928 256 ) 
4 226 231 (160 -1248 624 ) (160 -1248 640 ) (160 -928 640 ) (160 -928 624 ) 
4 226 232 (160 -928 256 ) (160 -1248 256 ) (160 -1248 624 ) (160 -928 624 ) 
4 227 322 (128 -256 640 ) (128 -256 624 ) (128 -608 624 ) (128 -608 640 ) 
4 227 229 (128 -608 624 ) (128 -256 624 ) (160 -256 624 ) (160 -608 624 ) 
4 228 229 (128 -664 624 ) (128 -624 624 ) (160 -624 624 ) (160 -664 624 ) 
4 229 323 (128 -256 624 ) (128 -256 256 ) (128 -664 256 ) (128 -664 624 ) 
4 229 294 (160 -448 256 ) (160 -664 256 ) (128 -664 256 ) (128 -448 256 ) 
4 229 291 (160 -416 256 ) (160 -448 256 ) (128 -448 256 ) (128 -416 256 ) 
4 229 240 (128 -256 256 ) (160 -256 256 ) (160 -416 256 ) (128 -416 256 ) 
4 229 232 (128 -664 624 ) (128 -664 256 ) (160 -664 256 ) (160 -664 624 ) 
4 230 232 (128 -720 624 ) (128 -680 624 ) (160 -680 624 ) (160 -720 624 ) 
4 231 326 (160 -1248 640 ) (128 -1248 640 ) (128 -1248 624 ) (160 -1248 624 ) 
4 231 324 (128 -1248 624 ) (128 -1248 640 ) (128 -736 640 ) (128 -736 624 ) 
4 231 232 (160 -1248 624 ) (128 -1248 624 ) (128 -736 624 ) (160 -736 624 ) 
4 232 326 (128 -1248 624 ) (128 -1248 256 ) (160 -1248 256 ) (160 -1248 624 ) 
4 232 323 (128 -664 256 ) (128 -736 256 ) (128 -736 624 ) (128 -664 624 ) 
4 232 324 (128 -736 256 ) (128 -1248 256 ) (128 -1248 624 ) (128 -736 624 ) 
4 232 317 (160 -928 256 ) (160 -1248 256 ) (128 -1248 256 ) (128 -928 256 ) 
4 232 294 (160 -664 256 ) (160 -928 256 ) (128 -928 256 ) (128 -664 256 ) 
4 233 238 (864 -256 256 ) (864 -256 112 ) (864 -416 112 ) (864 -416 256 ) 
4 233 236 (864 -608 112 ) (864 -256 112 ) (1024 -256 112 ) (1024 -608 112 ) 
4 233 234 (864 -608 256 ) (864 -608 128 ) (1024 -608 128 ) (1024 -608 256 ) 
4 234 244 (864 -736 128 ) (864 -736 256 ) (864 -608 256 ) (864 -608 128 ) 
4 234 235 (1024 -736 128 ) (1024 -736 256 ) (864 -736 256 ) (864 -736 128 ) 
4 235 312 (1024 -928 256 ) (864 -928 256 ) (864 -928 112 ) (1024 -928 112 ) 
4 235 236 (1024 -928 112 ) (864 -928 112 ) (864 -736 112 ) (1024 -736 112 ) 
4 236 319 (864 -928 -144 ) (864 -928 -160 ) (1024 -928 -160 ) (1024 -928 -144 ) 
4 236 318 (864 -928 80 ) (864 -928 -144 ) (1024 -928 -144 ) (1024 -928 80 ) 
4 236 312 (864 -928 112 ) (864 -928 80 ) (1024 -928 80 ) (1024 -928 112 ) 
4 236 241 (864 -256 112 ) (864 -256 -160 ) (864 -416 -160 ) (864 -416 112 ) 
4 236 237 (864 -928 -160 ) (864 -256 -160 ) (1024 -256 -160 ) (1024 -928 -160 ) 
4 237 320 (864 -928 -160 ) (864 -928 -256 ) (1024 -928 -256 ) (1024 -928 -160 ) 
4 237 288 (864 -608 -256 ) (864 -736 -256 ) (864 -736 -176 ) (864 -608 -176 ) 
4 237 242 (864 -256 -160 ) (864 -256 -256 ) (864 -416 -256 ) (864 -416 -160 ) 
4 238 241 (512 -256 112 ) (864 -256 112 ) (864 -416 112 ) (512 -416 112 ) 
4 238 239 (512 -416 128 ) (512 -416 256 ) (512 -256 256 ) (512 -256 128 ) 
4 239 264 (512 -416 256 ) (384 -416 256 ) (384 -416 128 ) (512 -416 128 ) 
4 239 240 (384 -256 256 ) (384 -256 128 ) (384 -416 128 ) (384 -416 256 ) 
4 240 323 (128 -256 256 ) (128 -256 112 ) (128 -416 112 ) (128 -416 256 ) 
4 240 291 (160 -416 256 ) (128 -416 256 ) (128 -416 112 ) (160 -416 112 ) 
4 240 241 (128 -416 112 ) (128 -256 112 ) (384 -256 112 ) (384 -416 112 ) 
4 241 323 (128 -256 112 ) (128 -256 -144 ) (128 -416 -144 ) (128 -416 112 ) 
4 241 296 (128 -416 0 ) (128 -416 -160 ) (160 -416 -160 ) (160 -416 0 ) 
4 241 295 (192 -416 -160 ) (352 -416 -160 ) (352 -416 -24 ) (192 -416 -24 ) 
4 241 291 (160 -416 112 ) (128 -416 112 ) (128 -416 0 ) (160 -416 0 ) 
4 241 242 (864 -416 -160 ) (128 -416 -160 ) (128 -256 -160 ) (864 -256 -160 ) 
4 242 325 (128 -256 -168 ) (128 -256 -256 ) (128 -416 -256 ) (128 -416 -168 ) 
4 242 298 (160 -416 -160 ) (128 -416 -160 ) (128 -416 -256 ) (160 -416 -256 ) 
4 242 297 (352 -416 -160 ) (192 -416 -160 ) (192 -416 -256 ) (352 -416 -256 ) 
4 243 289 (832 -448 64 ) (832 -608 64 ) (512 -608 64 ) (512 -448 64 ) 
4 243 266 (512 -608 128 ) (512 -608 256 ) (512 -576 256 ) (512 -576 128 ) 
4 243 268 (512 -576 64 ) (512 -608 64 ) (512 -608 112 ) (512 -576 112 ) 
4 243 265 (512 -448 64 ) (512 -576 64 ) (512 -576 112 ) (512 -448 112 ) 
4 243 264 (512 -576 128 ) (512 -576 256 ) (512 -448 256 ) (512 -448 128 ) 
4 243 256 (544 -608 128 ) (544 -608 256 ) (512 -608 256 ) (512 -608 128 ) 
4 243 258 (512 -608 64 ) (544 -608 64 ) (544 -608 112 ) (512 -608 112 ) 
4 243 254 (672 -608 128 ) (672 -608 256 ) (544 -608 256 ) (544 -608 128 ) 
4 243 255 (544 -608 64 ) (672 -608 64 ) (672 -608 112 ) (544 -608 112 ) 
4 243 246 (704 -608 128 ) (704 -608 256 ) (672 -608 256 ) (672 -608 128 ) 
4 243 248 (672 -608 64 ) (704 -608 64 ) (704 -608 112 ) (672 -608 112 ) 
4 243 245 (704 -608 64 ) (832 -608 64 ) (832 -608 112 ) (704 -608 112 ) 
4 243 244 (832 -608 128 ) (832 -608 256 ) (704 -608 256 ) (704 -608 128 ) 
4 244 280 (832 -736 256 ) (704 -736 256 ) (704 -736 128 ) (832 -736 128 ) 
4 244 252 (704 -736 128 ) (704 -736 256 ) (704 -720 256 ) (704 -720 128 ) 
4 244 249 (704 -680 256 ) (704 -664 256 ) (704 -664 128 ) (704 -680 128 ) 
4 244 250 (704 -720 256 ) (704 -680 256 ) (704 -680 128 ) (704 -720 128 ) 
4 244 246 (704 -624 256 ) (704 -608 256 ) (704 -608 128 ) (704 -624 128 ) 
4 244 247 (704 -664 256 ) (704 -624 256 ) (704 -624 128 ) (704 -664 128 ) 
4 245 289 (832 -736 64 ) (704 -736 64 ) (704 -608 64 ) (832 -608 64 ) 
4 245 280 (704 -736 64 ) (832 -736 64 ) (832 -736 112 ) (704 -736 112 ) 
4 245 253 (704 -720 64 ) (704 -736 64 ) (704 -736 112 ) (704 -720 112 ) 
4 245 251 (704 -664 64 ) (704 -720 64 ) (704 -720 112 ) (704 -664 112 ) 
4 245 248 (704 -608 64 ) (704 -664 64 ) (704 -664 112 ) (704 -608 112 ) 
4 246 254 (672 -608 256 ) (672 -608 128 ) (672 -624 128 ) (672 -624 256 ) 
4 246 247 (672 -624 256 ) (672 -624 128 ) (704 -624 128 ) (704 -624 256 ) 
4 247 254 (672 -664 128 ) (672 -664 256 ) (672 -624 256 ) (672 -624 128 ) 
4 247 249 (672 -664 256 ) (672 -664 128 ) (704 -664 128 ) (704 -664 256 ) 
4 247 248 (672 -664 112 ) (672 -624 112 ) (704 -624 112 ) (704 -664 112 ) 
4 248 289 (672 -664 64 ) (672 -608 64 ) (704 -608 64 ) (704 -664 64 ) 
4 248 255 (672 -608 112 ) (672 -608 64 ) (672 -664 64 ) (672 -664 112 ) 
4 248 251 (672 -664 112 ) (672 -664 64 ) (704 -664 64 ) (704 -664 112 ) 
4 249 254 (672 -680 256 ) (672 -664 256 ) (672 -664 128 ) (672 -680 128 ) 
4 249 250 (704 -680 128 ) (704 -680 256 ) (672 -680 256 ) (672 -680 128 ) 
4 250 254 (672 -720 128 ) (672 -720 256 ) (672 -680 256 ) (672 -680 128 ) 
4 250 252 (704 -720 128 ) (704 -720 256 ) (672 -720 256 ) (672 -720 128 ) 
4 250 251 (672 -720 112 ) (672 -680 112 ) (704 -680 112 ) (704 -720 112 ) 
4 251 289 (672 -720 64 ) (672 -664 64 ) (704 -664 64 ) (704 -720 64 ) 
4 251 255 (672 -664 64 ) (672 -720 64 ) (672 -720 112 ) (672 -664 112 ) 
4 251 253 (672 -720 64 ) (704 -720 64 ) (704 -720 112 ) (672 -720 112 ) 
4 252 280 (704 -736 128 ) (704 -736 256 ) (672 -736 256 ) (672 -736 128 ) 
4 252 254 (672 -736 128 ) (672 -736 256 ) (672 -720 256 ) (672 -720 128 ) 
4 253 289 (704 -736 64 ) (672 -736 64 ) (672 -720 64 ) (704 -720 64 ) 
4 253 280 (672 -736 64 ) (704 -736 64 ) (704 -736 112 ) (672 -736 112 ) 
4 253 255 (672 -720 64 ) (672 -736 64 ) (672 -736 112 ) (672 -720 112 ) 
4 254 280 (672 -736 128 ) (672 -736 256 ) (544 -736 256 ) (544 -736 128 ) 
4 254 262 (544 -736 128 ) (544 -736 256 ) (544 -720 256 ) (544 -720 128 ) 
4 254 259 (544 -680 256 ) (544 -664 256 ) (544 -664 128 ) (544 -680 128 ) 
4 254 260 (544 -720 256 ) (544 -680 256 ) (544 -680 128 ) (544 -720 128 ) 
4 254 256 (544 -624 256 ) (544 -608 256 ) (544 -608 128 ) (544 -624 128 ) 
4 254 257 (544 -664 256 ) (544 -624 256 ) (544 -624 128 ) (544 -664 128 ) 
4 255 289 (672 -736 64 ) (544 -736 64 ) (544 -608 64 ) (672 -608 64 ) 
4 255 280 (544 -736 64 ) (672 -736 64 ) (672 -736 112 ) (544 -736 112 ) 
4 255 263 (544 -720 64 ) (544 -736 64 ) (544 -736 112 ) (544 -720 112 ) 
4 255 261 (544 -664 64 ) (544 -720 64 ) (544 -720 112 ) (544 -664 112 ) 
4 255 258 (544 -608 64 ) (544 -664 64 ) (544 -664 112 ) (544 -608 112 ) 
4 256 274 (512 -624 256 ) (512 -608 256 ) (512 -608 128 ) (512 -624 128 ) 
4 256 257 (512 -624 256 ) (512 -624 128 ) (544 -624 128 ) (544 -624 256 ) 
4 257 275 (512 -664 128 ) (512 -664 256 ) (512 -640 256 ) (512 -640 128 ) 
4 257 274 (512 -640 256 ) (512 -624 256 ) (512 -624 128 ) (512 -640 128 ) 
4 257 259 (512 -664 256 ) (512 -664 128 ) (544 -664 128 ) (544 -664 256 ) 
4 257 258 (512 -664 112 ) (512 -624 112 ) (544 -624 112 ) (544 -664 112 ) 
4 258 289 (512 -664 64 ) (512 -608 64 ) (544 -608 64 ) (544 -664 64 ) 
4 258 279 (512 -608 64 ) (512 -664 64 ) (512 -664 112 ) (512 -608 112 ) 
4 258 261 (512 -664 112 ) (512 -664 64 ) (544 -664 64 ) (544 -664 112 ) 
4 259 275 (512 -680 256 ) (512 -664 256 ) (512 -664 128 ) (512 -680 128 ) 
4 259 260 (544 -680 128 ) (544 -680 256 ) (512 -680 256 ) (512 -680 128 ) 
4 260 277 (512 -720 128 ) (512 -720 256 ) (512 -704 256 ) (512 -704 128 ) 
4 260 275 (512 -704 256 ) (512 -680 256 ) (512 -680 128 ) (512 -704 128 ) 
4 260 262 (544 -720 128 ) (544 -720 256 ) (512 -720 256 ) (512 -720 128 ) 
4 260 261 (512 -720 112 ) (512 -680 112 ) (544 -680 112 ) (544 -720 112 ) 
4 261 289 (512 -720 64 ) (512 -664 64 ) (544 -664 64 ) (544 -720 64 ) 
4 261 279 (512 -664 64 ) (512 -720 64 ) (512 -720 112 ) (512 -664 112 ) 
4 261 263 (512 -720 64 ) (544 -720 64 ) (544 -720 112 ) (512 -720 112 ) 
4 262 280 (544 -736 128 ) (544 -736 256 ) (512 -736 256 ) (512 -736 128 ) 
4 262 277 (512 -736 128 ) (512 -736 256 ) (512 -720 256 ) (512 -720 128 ) 
4 263 289 (544 -736 64 ) (512 -736 64 ) (512 -720 64 ) (544 -720 64 ) 
4 263 280 (512 -736 64 ) (544 -736 64 ) (544 -736 112 ) (512 -736 112 ) 
4 263 279 (512 -720 64 ) (512 -736 64 ) (512 -736 112 ) (512 -720 112 ) 
4 264 292 (384 -448 128 ) (384 -576 128 ) (384 -576 256 ) (384 -448 256 ) 
4 264 272 (384 -576 256 ) (384 -576 128 ) (400 -576 128 ) (400 -576 256 ) 
4 264 271 (400 -576 128 ) (440 -576 128 ) (440 -576 256 ) (400 -576 256 ) 
4 264 269 (440 -576 128 ) (456 -576 128 ) (456 -576 256 ) (440 -576 256 ) 
4 264 266 (496 -576 128 ) (512 -576 128 ) (512 -576 256 ) (496 -576 256 ) 
4 264 267 (456 -576 128 ) (496 -576 128 ) (496 -576 256 ) (456 -576 256 ) 
4 265 292 (384 -448 64 ) (384 -576 64 ) (384 -576 112 ) (384 -448 112 ) 
4 265 289 (512 -448 64 ) (512 -576 64 ) (384 -576 64 ) (384 -448 64 ) 
4 265 273 (384 -576 112 ) (384 -576 64 ) (440 -576 64 ) (440 -576 112 ) 
4 265 270 (440 -576 64 ) (456 -576 64 ) (456 -576 112 ) (440 -576 112 ) 
4 265 268 (456 -576 64 ) (512 -576 64 ) (512 -576 112 ) (456 -576 112 ) 
4 266 274 (512 -608 128 ) (512 -608 256 ) (496 -608 256 ) (496 -608 128 ) 
4 266 267 (496 -576 256 ) (496 -576 128 ) (496 -608 128 ) (496 -608 256 ) 
4 267 274 (496 -608 256 ) (456 -608 256 ) (456 -608 128 ) (496 -608 128 ) 
4 267 269 (456 -576 256 ) (456 -576 128 ) (456 -608 128 ) (456 -608 256 ) 
4 267 268 (456 -576 112 ) (496 -576 112 ) (496 -608 112 ) (456 -608 112 ) 
4 268 289 (512 -576 64 ) (512 -608 64 ) (456 -608 64 ) (456 -576 64 ) 
4 268 279 (456 -608 64 ) (512 -608 64 ) (512 -608 112 ) (456 -608 112 ) 
4 268 270 (456 -576 112 ) (456 -576 64 ) (456 -608 64 ) (456 -608 112 ) 
4 269 274 (456 -608 128 ) (456 -608 256 ) (440 -608 256 ) (440 -608 128 ) 
4 269 271 (440 -608 128 ) (440 -608 256 ) (440 -576 256 ) (440 -576 128 ) 
4 270 289 (456 -608 64 ) (440 -608 64 ) (440 -576 64 ) (456 -576 64 ) 
4 270 279 (440 -608 64 ) (456 -608 64 ) (456 -608 112 ) (440 -608 112 ) 
4 270 273 (440 -576 64 ) (440 -608 64 ) (440 -608 112 ) (440 -576 112 ) 
4 271 274 (440 -608 128 ) (440 -608 256 ) (400 -608 256 ) (400 -608 128 ) 
4 271 272 (400 -608 128 ) (400 -608 256 ) (400 -576 256 ) (400 -576 128 ) 
4 271 273 (400 -576 112 ) (440 -576 112 ) (440 -608 112 ) (400 -608 112 ) 
4 272 292 (384 -608 128 ) (384 -608 256 ) (384 -576 256 ) (384 -576 128 ) 
4 272 274 (400 -608 256 ) (384 -608 256 ) (384 -608 128 ) (400 -608 128 ) 
4 273 292 (384 -576 64 ) (384 -608 64 ) (384 -608 112 ) (384 -576 112 ) 
4 273 289 (440 -608 64 ) (384 -608 64 ) (384 -576 64 ) (440 -576 64 ) 
4 273 279 (384 -608 64 ) (440 -608 64 ) (440 -608 112 ) (384 -608 112 ) 
4 274 292 (384 -640 256 ) (384 -608 256 ) (384 -608 128 ) (384 -640 128 ) 
4 274 278 (416 -640 256 ) (384 -640 256 ) (384 -640 128 ) (416 -640 128 ) 
4 274 276 (480 -640 256 ) (416 -640 256 ) (416 -640 136 ) (480 -640 136 ) 
4 274 275 (512 -640 128 ) (512 -640 256 ) (480 -640 256 ) (480 -640 128 ) 
4 275 277 (512 -704 128 ) (512 -704 256 ) (480 -704 256 ) (480 -704 128 ) 
4 275 276 (480 -640 256 ) (480 -640 136 ) (480 -704 136 ) (480 -704 256 ) 
4 276 278 (416 -640 256 ) (416 -640 136 ) (416 -704 136 ) (416 -704 256 ) 
4 276 277 (480 -704 136 ) (480 -704 256 ) (416 -704 256 ) (416 -704 136 ) 
4 277 281 (512 -736 128 ) (512 -736 256 ) (416 -736 256 ) (416 -736 128 ) 
4 277 278 (416 -736 128 ) (416 -736 256 ) (416 -704 256 ) (416 -704 128 ) 
4 278 292 (384 -736 128 ) (384 -736 256 ) (384 -640 256 ) (384 -640 128 ) 
4 278 281 (384 -736 256 ) (384 -736 128 ) (416 -736 128 ) (416 -736 256 ) 
4 279 292 (384 -608 64 ) (384 -736 64 ) (384 -736 112 ) (384 -608 112 ) 
4 279 289 (512 -608 64 ) (512 -736 64 ) (384 -736 64 ) (384 -608 64 ) 
4 279 286 (384 -736 112 ) (384 -736 64 ) (440 -736 64 ) (440 -736 112 ) 
4 279 284 (440 -736 64 ) (456 -736 64 ) (456 -736 112 ) (440 -736 112 ) 
4 279 283 (456 -736 64 ) (512 -736 64 ) (512 -736 112 ) (456 -736 112 ) 
4 280 290 (512 -896 64 ) (512 -736 64 ) (832 -736 64 ) (832 -896 64 ) 
4 280 287 (512 -768 64 ) (512 -896 64 ) (512 -896 112 ) (512 -768 112 ) 
4 280 283 (512 -736 112 ) (512 -736 64 ) (512 -768 64 ) (512 -768 112 ) 
4 280 281 (512 -736 256 ) (512 -736 128 ) (512 -896 128 ) (512 -896 256 ) 
4 281 314 (512 -928 256 ) (384 -928 256 ) (384 -928 128 ) (512 -928 128 ) 
4 281 292 (384 -896 256 ) (384 -736 256 ) (384 -736 128 ) (384 -896 128 ) 
4 281 285 (400 -736 128 ) (440 -736 128 ) (440 -768 128 ) (400 -768 128 ) 
4 281 282 (456 -736 128 ) (496 -736 128 ) (496 -768 128 ) (456 -768 128 ) 
4 282 283 (456 -736 112 ) (496 -736 112 ) (496 -768 112 ) (456 -768 112 ) 
4 283 290 (456 -736 64 ) (512 -736 64 ) (512 -768 64 ) (456 -768 64 ) 
4 283 287 (456 -768 64 ) (512 -768 64 ) (512 -768 112 ) (456 -768 112 ) 
4 283 284 (456 -736 112 ) (456 -736 64 ) (456 -768 64 ) (456 -768 112 ) 
4 284 290 (440 -736 64 ) (456 -736 64 ) (456 -768 64 ) (440 -768 64 ) 
4 284 287 (440 -768 64 ) (456 -768 64 ) (456 -768 112 ) (440 -768 112 ) 
4 284 286 (440 -736 64 ) (440 -768 64 ) (440 -768 112 ) (440 -736 112 ) 
4 285 286 (400 -736 112 ) (440 -736 112 ) (440 -768 112 ) (400 -768 112 ) 
4 286 292 (384 -736 64 ) (384 -768 64 ) (384 -768 112 ) (384 -736 112 ) 
4 286 290 (384 -768 64 ) (384 -736 64 ) (440 -736 64 ) (440 -768 64 ) 
4 286 287 (384 -768 112 ) (384 -768 64 ) (440 -768 64 ) (440 -768 112 ) 
4 287 292 (384 -768 64 ) (384 -896 64 ) (384 -896 112 ) (384 -768 112 ) 
4 287 290 (384 -896 64 ) (384 -768 64 ) (512 -768 64 ) (512 -896 64 ) 
4 288 289 (832 -608 -256 ) (832 -736 -256 ) (832 -736 -176 ) (832 -608 -176 ) 
4 289 293 (384 -736 0 ) (384 -736 64 ) (384 -448 64 ) (384 -448 0 ) 
4 289 290 (832 -736 64 ) (384 -736 64 ) (384 -736 -256 ) (832 -736 -256 ) 
4 290 293 (384 -896 0 ) (384 -896 64 ) (384 -736 64 ) (384 -736 0 ) 
4 291 323 (128 -448 256 ) (128 -416 256 ) (128 -416 0 ) (128 -448 0 ) 
4 291 296 (160 -448 0 ) (128 -448 0 ) (128 -416 0 ) (160 -416 0 ) 
4 291 294 (128 -448 256 ) (128 -448 0 ) (160 -448 0 ) (160 -448 256 ) 
4 292 293 (192 -896 64 ) (192 -448 64 ) (384 -448 64 ) (384 -896 64 ) 
4 294 323 (128 -736 256 ) (128 -448 256 ) (128 -448 0 ) (128 -736 0 ) 
4 294 324 (128 -928 0 ) (128 -928 256 ) (128 -736 256 ) (128 -736 0 ) 
4 294 318 (128 -928 80 ) (128 -928 0 ) (160 -928 0 ) (160 -928 80 ) 
4 294 317 (160 -928 256 ) (128 -928 256 ) (128 -928 80 ) (160 -928 80 ) 
4 294 300 (160 -928 0 ) (128 -928 0 ) (128 -448 0 ) (160 -448 0 ) 
4 295 301 (352 -448 -144 ) (352 -448 -24 ) (192 -448 -24 ) (192 -448 -144 ) 
4 295 297 (192 -416 -160 ) (352 -416 -160 ) (352 -448 -160 ) (192 -448 -160 ) 
4 296 323 (128 -448 -144 ) (128 -448 0 ) (128 -416 0 ) (128 -416 -144 ) 
4 296 301 (128 -448 -24 ) (128 -448 -144 ) (160 -448 -144 ) (160 -448 -24 ) 
4 296 300 (128 -448 0 ) (128 -448 -24 ) (160 -448 -24 ) (160 -448 0 ) 
4 296 298 (128 -448 -160 ) (128 -416 -160 ) (160 -416 -160 ) (160 -448 -160 ) 
4 297 302 (192 -448 -256 ) (352 -448 -256 ) (352 -448 -168 ) (192 -448 -168 ) 
4 298 325 (128 -416 -256 ) (128 -448 -256 ) (128 -448 -168 ) (128 -416 -168 ) 
4 298 302 (128 -448 -168 ) (128 -448 -256 ) (160 -448 -256 ) (160 -448 -168 ) 
4 299 301 (192 -448 -24 ) (320 -448 -24 ) (320 -896 -24 ) (192 -896 -24 ) 
4 300 323 (128 -736 0 ) (128 -448 0 ) (128 -448 -24 ) (128 -736 -24 ) 
4 300 324 (128 -928 -24 ) (128 -928 0 ) (128 -736 0 ) (128 -736 -24 ) 
4 300 318 (128 -928 0 ) (128 -928 -24 ) (160 -928 -24 ) (160 -928 0 ) 
4 300 309 (128 -928 -24 ) (128 -896 -24 ) (160 -896 -24 ) (160 -928 -24 ) 
4 300 301 (128 -896 -24 ) (128 -448 -24 ) (160 -448 -24 ) (160 -896 -24 ) 
4 301 323 (128 -736 -24 ) (128 -448 -24 ) (128 -448 -144 ) (128 -736 -144 ) 
4 301 324 (128 -896 -144 ) (128 -896 -24 ) (128 -736 -24 ) (128 -736 -144 ) 
4 301 309 (160 -896 -24 ) (128 -896 -24 ) (128 -896 -144 ) (160 -896 -144 ) 
4 301 308 (352 -896 -24 ) (192 -896 -24 ) (192 -896 -144 ) (352 -896 -144 ) 
4 301 303 (320 -736 -144 ) (192 -736 -144 ) (192 -608 -144 ) (320 -608 -144 ) 
4 302 325 (128 -448 -256 ) (128 -576 -256 ) (128 -576 -168 ) (128 -448 -168 ) 
4 302 304 (128 -576 -256 ) (160 -576 -256 ) (160 -576 -168 ) (128 -576 -168 ) 
4 303 328 (320 -736 -256 ) (192 -736 -256 ) (192 -608 -256 ) (320 -608 -256 ) 
4 304 325 (128 -576 -256 ) (128 -608 -256 ) (128 -608 -168 ) (128 -576 -168 ) 
4 304 305 (128 -608 -256 ) (160 -608 -256 ) (160 -608 -168 ) (128 -608 -168 ) 
4 305 325 (128 -608 -256 ) (128 -736 -256 ) (128 -736 -168 ) (128 -608 -168 ) 
4 305 306 (128 -736 -168 ) (128 -736 -256 ) (160 -736 -256 ) (160 -736 -168 ) 
4 306 325 (128 -736 -256 ) (128 -768 -256 ) (128 -768 -168 ) (128 -736 -168 ) 
4 306 307 (128 -768 -256 ) (160 -768 -256 ) (160 -768 -168 ) (128 -768 -168 ) 
4 307 325 (128 -768 -256 ) (128 -896 -256 ) (128 -896 -168 ) (128 -768 -168 ) 
4 307 311 (128 -896 -168 ) (128 -896 -256 ) (160 -896 -256 ) (160 -896 -168 ) 
4 307 310 (192 -896 -256 ) (352 -896 -256 ) (352 -896 -168 ) (192 -896 -168 ) 
4 308 319 (192 -928 -160 ) (352 -928 -160 ) (352 -928 -144 ) (192 -928 -144 ) 
4 308 318 (352 -928 -144 ) (352 -928 -24 ) (192 -928 -24 ) (192 -928 -144 ) 
4 308 310 (192 -896 -160 ) (352 -896 -160 ) (352 -928 -160 ) (192 -928 -160 ) 
4 309 324 (128 -928 -144 ) (128 -928 -24 ) (128 -896 -24 ) (128 -896 -144 ) 
4 309 319 (128 -928 -144 ) (128 -928 -160 ) (160 -928 -160 ) (160 -928 -144 ) 
4 309 318 (128 -928 -24 ) (128 -928 -144 ) (160 -928 -144 ) (160 -928 -24 ) 
4 309 311 (128 -928 -160 ) (128 -896 -160 ) (160 -896 -160 ) (160 -928 -160 ) 
4 310 320 (192 -928 -256 ) (352 -928 -256 ) (352 -928 -160 ) (192 -928 -160 ) 
4 311 325 (128 -896 -256 ) (128 -928 -256 ) (128 -928 -168 ) (128 -896 -168 ) 
4 311 320 (128 -928 -160 ) (128 -928 -256 ) (160 -928 -256 ) (160 -928 -160 ) 
4 312 326 (1024 -1248 80 ) (1024 -1248 256 ) (736 -1248 256 ) (736 -1248 80 ) 
4 312 318 (736 -928 80 ) (1024 -928 80 ) (1024 -1248 80 ) (736 -1248 80 ) 
4 313 315 (704 -1088 128 ) (704 -1216 128 ) (576 -1216 128 ) (576 -1088 128 ) 
4 313 314 (576 -1216 128 ) (576 -1216 256 ) (576 -1088 256 ) (576 -1088 128 ) 
4 316 318 (704 -960 80 ) (704 -1216 80 ) (384 -1216 80 ) (384 -960 80 ) 
4 317 326 (352 -1248 256 ) (128 -1248 256 ) (128 -1248 80 ) (352 -1248 80 ) 
4 317 324 (128 -1248 80 ) (128 -1248 256 ) (128 -928 256 ) (128 -928 80 ) 
4 317 318 (128 -928 80 ) (352 -928 80 ) (352 -1248 80 ) (128 -1248 80 ) 
4 318 326 (1024 -1248 -144 ) (1024 -1248 80 ) (128 -1248 80 ) (128 -1248 -144 ) 
4 318 324 (128 -1248 -144 ) (128 -1248 80 ) (128 -928 80 ) (128 -928 -144 ) 
4 318 319 (128 -1152 -144 ) (128 -928 -144 ) (1024 -928 -144 ) (1024 -1152 -144 ) 
4 319 320 (128 -1152 -160 ) (128 -928 -160 ) (1024 -928 -160 ) (1024 -1152 -160 ) 
4 320 325 (128 -928 -256 ) (128 -1152 -256 ) (128 -1152 -168 ) (128 -928 -168 ) 
4 320 321 (128 -1152 -168 ) (128 -1152 -256 ) (1024 -1152 -256 ) (1024 -1152 -168 ) 
4 321 327 (128 -1248 -256 ) (1024 -1248 -256 ) (1024 -1248 -168 ) (128 -1248 -168 ) 
4 321 325 (128 -1152 -256 ) (128 -1248 -256 ) (128 -1248 -168 ) (128 -1152 -168 ) 
4 322 323 (0 -608 624 ) (0 -256 624 ) (128 -256 624 ) (128 -608 624 ) 
4 323 324 (0 -736 624 ) (0 -736 -144 ) (128 -736 -144 ) (128 -736 624 ) 
4 324 326 (0 -1248 640 ) (0 -1248 -144 ) (128 -1248 -144 ) (128 -1248 640 ) 
4 325 327 (0 -1248 -168 ) (0 -1248 -256 ) (128 -1248 -256 ) (128 -1248 -168 ) 
4 328 329 (192 -608 -448 ) (192 -736 -448 ) (192 -736 -344 ) (192 -608 -344 ) 
4 329 330 (160 -608 -448 ) (160 -736 -448 ) (160 -736 -344 ) (160 -608 -344 ) 
4 330 332 (0 -608 -448 ) (0 -736 -448 ) (0 -736 -336 ) (0 -608 -336 ) 
4 331 333 (-32 -736 768 ) (-32 -608 768 ) (-32 -608 640 ) (-32 -736 640 ) 
4 332 334 (-32 -608 -448 ) (-32 -736 -448 ) (-32 -736 -344 ) (-32 -608 -344 ) 
4 333 335 (-64 -608 640 ) (-64 -736 640 ) (-64 -736 768 ) (-64 -608 768 ) 
4 334 335 (-64 -608 -448 ) (-64 -736 -448 ) (-64 -736 -344 ) (-64 -608 -344 ) 
